#
# There is insufficient memory for the Java Runtime Environment to continue.
# Native memory allocation (malloc) failed to allocate 131088 bytes for Chunk::new
# Possible reasons:
#   The system is out of physical RAM or swap space
#   The process is running with CompressedOops enabled, and the Java Heap may be blocking the growth of the native heap
# Possible solutions:
#   Reduce memory load on the system
#   Increase physical memory or swap space
#   Check if swap backing store is full
#   Decrease Java heap size (-Xmx/-Xms)
#   Decrease number of Java threads
#   Decrease Java thread stack sizes (-Xss)
#   Set larger code cache with -XX:ReservedCodeCacheSize=
#   JVM is running with Unscaled Compressed Oops mode in which the Java heap is
#     placed in the first 4GB address space. The Java Heap base address is the
#     maximum limit for the native heap growth. Please use -XX:HeapBaseMinAddress
#     to set the Java Heap base and to place the Java Heap above 4GB virtual address.
# This output file may be truncated or incomplete.
#
#  Out of Memory Error (allocation.cpp:389), pid=16768, tid=0x000000000000286c
#
# JRE version: OpenJDK Runtime Environment (8.0_212-b04) (build 1.8.0_212-release-1586-b04)
# Java VM: OpenJDK 64-Bit Server VM (25.212-b04 mixed mode windows-amd64 compressed oops)
# Failed to write core dump. Minidumps are not enabled by default on client versions of Windows
#

---------------  T H R E A D  ---------------

Current thread (0x00000000186c3800):  JavaThread "C2 CompilerThread2" daemon [_thread_in_native, id=10348, stack(0x0000000019190000,0x0000000019290000)]

Stack: [0x0000000019190000,0x0000000019290000]
[error occurred during error reporting (printing stack bounds), id 0xc0000005]

Native frames: (J=compiled Java code, j=interpreted, Vv=VM code, C=native code)


Current CompileTask:
C2:   2272 1521   !   4       java.net.URLClassLoader$1::run (63 bytes)


---------------  P R O C E S S  ---------------

Java Threads: ( => current thread )
  0x000000001aac7800 JavaThread "Cache worker for journal cache (C:\Users\Kailas Mantri\.gradle\caches\journal-1)" [_thread_blocked, id=12936, stack(0x000000001d4b0000,0x000000001d5b0000)]
  0x000000001aac5000 JavaThread "File lock request listener" [_thread_in_native, id=11960, stack(0x000000001d3b0000,0x000000001d4b0000)]
  0x000000001abba800 JavaThread "Cache worker for file hash cache (C:\Users\Kailas Mantri\.gradle\caches\5.6.4\fileHashes)" [_thread_blocked, id=3772, stack(0x000000001d0b0000,0x000000001d1b0000)]
  0x000000001aad0800 JavaThread "Thread-9" [_thread_blocked, id=17164, stack(0x000000001cfb0000,0x000000001d0b0000)]
  0x000000001aadc800 JavaThread "Stdin handler" [_thread_blocked, id=7588, stack(0x000000001ceb0000,0x000000001cfb0000)]
  0x000000001aadc000 JavaThread "Asynchronous log dispatcher for DefaultDaemonConnection: socket connection from /127.0.0.1:52209 to /127.0.0.1:52210" [_thread_blocked, id=6772, stack(0x000000001ccb0000,0x000000001cdb0000)]
  0x000000001b15d800 JavaThread "Daemon worker" [_thread_in_vm, id=7060, stack(0x000000001cbb0000,0x000000001ccb0000)]
  0x000000001b178800 JavaThread "Cancel handler" [_thread_blocked, id=17076, stack(0x000000001cab0000,0x000000001cbb0000)]
  0x000000001af44800 JavaThread "Handler for socket connection from /127.0.0.1:52209 to /127.0.0.1:52210" [_thread_in_native, id=11924, stack(0x000000001c7b0000,0x000000001c8b0000)]
  0x000000001966d800 JavaThread "Daemon" [_thread_blocked, id=1964, stack(0x000000001c6b0000,0x000000001c7b0000)]
  0x000000001af16800 JavaThread "Daemon periodic checks" [_thread_blocked, id=520, stack(0x000000001c5b0000,0x000000001c6b0000)]
  0x0000000019799000 JavaThread "Incoming local TCP Connector on port 52209" [_thread_in_native, id=3296, stack(0x000000001c370000,0x000000001c470000)]
  0x000000001ac9b800 JavaThread "Daemon health stats" [_thread_blocked, id=11464, stack(0x000000001bd30000,0x000000001be30000)]
  0x000000001874f000 JavaThread "Service Thread" daemon [_thread_blocked, id=9732, stack(0x0000000019390000,0x0000000019490000)]
  0x00000000186c9800 JavaThread "C1 CompilerThread3" daemon [_thread_blocked, id=14812, stack(0x0000000019290000,0x0000000019390000)]
=>0x00000000186c3800 JavaThread "C2 CompilerThread2" daemon [_thread_in_native, id=10348, stack(0x0000000019190000,0x0000000019290000)]
  0x00000000186c0800 JavaThread "C2 CompilerThread1" daemon [_thread_in_native, id=9856, stack(0x0000000019090000,0x0000000019190000)]
  0x00000000186bd800 JavaThread "C2 CompilerThread0" daemon [_thread_blocked, id=7432, stack(0x0000000018f90000,0x0000000019090000)]
  0x00000000186bb800 JavaThread "Attach Listener" daemon [_thread_blocked, id=17332, stack(0x0000000018e90000,0x0000000018f90000)]
  0x00000000186b8800 JavaThread "Signal Dispatcher" daemon [_thread_blocked, id=11412, stack(0x0000000018d90000,0x0000000018e90000)]
  0x0000000002aed800 JavaThread "Finalizer" daemon [_thread_blocked, id=11180, stack(0x0000000018b90000,0x0000000018c90000)]
  0x0000000002ae5800 JavaThread "Reference Handler" daemon [_thread_blocked, id=10680, stack(0x0000000018a90000,0x0000000018b90000)]
  0x000000000287d800 JavaThread "main" [_thread_blocked, id=3824, stack(0x00000000028f0000,0x00000000029f0000)]

Other Threads:
  0x00000000168a8000 VMThread [stack: 0x0000000018590000,0x0000000018690000] [id=12192]
  0x000000001874f800 WatcherThread [stack: 0x0000000019490000,0x0000000019590000] [id=13704]

VM state:not at safepoint (normal execution)

VM Mutex/Monitor currently owned by a thread: None

heap address: 0x00000000a0000000, size: 1536 MB, Compressed Oops mode: 32-bit
Narrow klass base: 0x0000000000000000, Narrow klass shift: 3
Compressed class space size: 1073741824 Address: 0x0000000100000000

Heap:
 PSYoungGen      total 71680K, used 28987K [0x00000000e0000000, 0x00000000e4b00000, 0x0000000100000000)
  eden space 66560K, 35% used [0x00000000e0000000,0x00000000e1752fe0,0x00000000e4100000)
  from space 5120K, 99% used [0x00000000e4600000,0x00000000e4afc010,0x00000000e4b00000)
  to   space 5120K, 0% used [0x00000000e4100000,0x00000000e4100000,0x00000000e4600000)
 ParOldGen       total 87552K, used 3892K [0x00000000a0000000, 0x00000000a5580000, 0x00000000e0000000)
  object space 87552K, 4% used [0x00000000a0000000,0x00000000a03cd3b0,0x00000000a5580000)
 Metaspace       used 16721K, capacity 17102K, committed 17408K, reserved 1064960K
  class space    used 2366K, capacity 2531K, committed 2560K, reserved 1048576K

Card table byte_map: [0x0000000011eb0000,0x00000000121c0000] byte_map_base: 0x00000000119b0000

Marking Bits: (ParMarkBitMap*) 0x0000000061af9f30
 Begin Bits: [0x0000000012bc0000, 0x00000000143c0000)
 End Bits:   [0x00000000143c0000, 0x0000000015bc0000)

Polling page: 0x00000000007f0000

CodeCache: size=245760Kb used=5532Kb max_used=5543Kb free=240227Kb
 bounds [0x0000000002af0000, 0x0000000003060000, 0x0000000011af0000]
 total_blobs=2017 nmethods=1617 adapters=313
 compilation: enabled

Compilation events (10 events):
Event: 2.195 Thread 0x00000000186bd800 1613       4       java.lang.Class::getName (21 bytes)
Event: 2.196 Thread 0x00000000186bd800 nmethod 1613 0x00000000030555d0 code [0x0000000003055720, 0x00000000030557c8]
Event: 2.221 Thread 0x00000000186bd800 1617   !   4       java.util.concurrent.ConcurrentHashMap::putVal (362 bytes)
Event: 2.241 Thread 0x00000000186bd800 nmethod 1617 0x000000000305c890 code [0x000000000305ca40, 0x000000000305d7f0]
Event: 2.242 Thread 0x00000000186c9800 1618       3       org.objectweb.asm.SymbolTable::get (13 bytes)
Event: 2.242 Thread 0x00000000186c9800 nmethod 1618 0x000000000305c4d0 code [0x000000000305c620, 0x000000000305c7b0]
Event: 2.249 Thread 0x00000000186bd800 1619  s    4       java.lang.StringBuffer::toString (36 bytes)
Event: 2.253 Thread 0x00000000186bd800 nmethod 1619 0x000000000305a4d0 code [0x000000000305a620, 0x000000000305abb8]
Event: 2.259 Thread 0x00000000186c9800 1620       3       java.util.concurrent.locks.AbstractQueuedSynchronizer::setState (6 bytes)
Event: 2.260 Thread 0x00000000186c9800 nmethod 1620 0x000000000305bfd0 code [0x000000000305c120, 0x000000000305c270]

GC Heap History (8 events):
Event: 0.672 GC heap before
{Heap before GC invocations=1 (full 0):
 PSYoungGen      total 38400K, used 33280K [0x00000000e0000000, 0x00000000e2a80000, 0x0000000100000000)
  eden space 33280K, 100% used [0x00000000e0000000,0x00000000e2080000,0x00000000e2080000)
  from space 5120K, 0% used [0x00000000e2580000,0x00000000e2580000,0x00000000e2a80000)
  to   space 5120K, 0% used [0x00000000e2080000,0x00000000e2080000,0x00000000e2580000)
 ParOldGen       total 87552K, used 0K [0x00000000a0000000, 0x00000000a5580000, 0x00000000e0000000)
  object space 87552K, 0% used [0x00000000a0000000,0x00000000a0000000,0x00000000a5580000)
 Metaspace       used 7038K, capacity 7280K, committed 7424K, reserved 1056768K
  class space    used 857K, capacity 940K, committed 1024K, reserved 1048576K
Event: 0.677 GC heap after
Heap after GC invocations=1 (full 0):
 PSYoungGen      total 38400K, used 4293K [0x00000000e0000000, 0x00000000e2a80000, 0x0000000100000000)
  eden space 33280K, 0% used [0x00000000e0000000,0x00000000e0000000,0x00000000e2080000)
  from space 5120K, 83% used [0x00000000e2080000,0x00000000e24b1620,0x00000000e2580000)
  to   space 5120K, 0% used [0x00000000e2580000,0x00000000e2580000,0x00000000e2a80000)
 ParOldGen       total 87552K, used 8K [0x00000000a0000000, 0x00000000a5580000, 0x00000000e0000000)
  object space 87552K, 0% used [0x00000000a0000000,0x00000000a0002000,0x00000000a5580000)
 Metaspace       used 7038K, capacity 7280K, committed 7424K, reserved 1056768K
  class space    used 857K, capacity 940K, committed 1024K, reserved 1048576K
}
Event: 0.910 GC heap before
{Heap before GC invocations=2 (full 0):
 PSYoungGen      total 38400K, used 37573K [0x00000000e0000000, 0x00000000e2a80000, 0x0000000100000000)
  eden space 33280K, 100% used [0x00000000e0000000,0x00000000e2080000,0x00000000e2080000)
  from space 5120K, 83% used [0x00000000e2080000,0x00000000e24b1620,0x00000000e2580000)
  to   space 5120K, 0% used [0x00000000e2580000,0x00000000e2580000,0x00000000e2a80000)
 ParOldGen       total 87552K, used 8K [0x00000000a0000000, 0x00000000a5580000, 0x00000000e0000000)
  object space 87552K, 0% used [0x00000000a0000000,0x00000000a0002000,0x00000000a5580000)
 Metaspace       used 7260K, capacity 7528K, committed 7680K, reserved 1056768K
  class space    used 887K, capacity 980K, committed 1024K, reserved 1048576K
Event: 0.913 GC heap after
Heap after GC invocations=2 (full 0):
 PSYoungGen      total 38400K, used 3297K [0x00000000e0000000, 0x00000000e2a80000, 0x0000000100000000)
  eden space 33280K, 0% used [0x00000000e0000000,0x00000000e0000000,0x00000000e2080000)
  from space 5120K, 64% used [0x00000000e2580000,0x00000000e28b8510,0x00000000e2a80000)
  to   space 5120K, 0% used [0x00000000e2080000,0x00000000e2080000,0x00000000e2580000)
 ParOldGen       total 87552K, used 16K [0x00000000a0000000, 0x00000000a5580000, 0x00000000e0000000)
  object space 87552K, 0% used [0x00000000a0000000,0x00000000a0004000,0x00000000a5580000)
 Metaspace       used 7260K, capacity 7528K, committed 7680K, reserved 1056768K
  class space    used 887K, capacity 980K, committed 1024K, reserved 1048576K
}
Event: 1.561 GC heap before
{Heap before GC invocations=3 (full 0):
 PSYoungGen      total 38400K, used 36577K [0x00000000e0000000, 0x00000000e2a80000, 0x0000000100000000)
  eden space 33280K, 100% used [0x00000000e0000000,0x00000000e2080000,0x00000000e2080000)
  from space 5120K, 64% used [0x00000000e2580000,0x00000000e28b8510,0x00000000e2a80000)
  to   space 5120K, 0% used [0x00000000e2080000,0x00000000e2080000,0x00000000e2580000)
 ParOldGen       total 87552K, used 16K [0x00000000a0000000, 0x00000000a5580000, 0x00000000e0000000)
  object space 87552K, 0% used [0x00000000a0000000,0x00000000a0004000,0x00000000a5580000)
 Metaspace       used 12247K, capacity 12634K, committed 12800K, reserved 1060864K
  class space    used 1630K, capacity 1739K, committed 1792K, reserved 1048576K
Event: 1.569 GC heap after
Heap after GC invocations=3 (full 0):
 PSYoungGen      total 38400K, used 5104K [0x00000000e0000000, 0x00000000e4b00000, 0x0000000100000000)
  eden space 33280K, 0% used [0x00000000e0000000,0x00000000e0000000,0x00000000e2080000)
  from space 5120K, 99% used [0x00000000e2080000,0x00000000e257c010,0x00000000e2580000)
  to   space 5120K, 0% used [0x00000000e4600000,0x00000000e4600000,0x00000000e4b00000)
 ParOldGen       total 87552K, used 1383K [0x00000000a0000000, 0x00000000a5580000, 0x00000000e0000000)
  object space 87552K, 1% used [0x00000000a0000000,0x00000000a0159f48,0x00000000a5580000)
 Metaspace       used 12247K, capacity 12634K, committed 12800K, reserved 1060864K
  class space    used 1630K, capacity 1739K, committed 1792K, reserved 1048576K
}
Event: 1.913 GC heap before
{Heap before GC invocations=4 (full 0):
 PSYoungGen      total 38400K, used 38384K [0x00000000e0000000, 0x00000000e4b00000, 0x0000000100000000)
  eden space 33280K, 100% used [0x00000000e0000000,0x00000000e2080000,0x00000000e2080000)
  from space 5120K, 99% used [0x00000000e2080000,0x00000000e257c010,0x00000000e2580000)
  to   space 5120K, 0% used [0x00000000e4600000,0x00000000e4600000,0x00000000e4b00000)
 ParOldGen       total 87552K, used 1383K [0x00000000a0000000, 0x00000000a5580000, 0x00000000e0000000)
  object space 87552K, 1% used [0x00000000a0000000,0x00000000a0159f48,0x00000000a5580000)
 Metaspace       used 14577K, capacity 14978K, committed 15232K, reserved 1062912K
  class space    used 2028K, capacity 2159K, committed 2176K, reserved 1048576K
Event: 1.921 GC heap after
Heap after GC invocations=4 (full 0):
 PSYoungGen      total 71680K, used 5104K [0x00000000e0000000, 0x00000000e4b00000, 0x0000000100000000)
  eden space 66560K, 0% used [0x00000000e0000000,0x00000000e0000000,0x00000000e4100000)
  from space 5120K, 99% used [0x00000000e4600000,0x00000000e4afc010,0x00000000e4b00000)
  to   space 5120K, 0% used [0x00000000e4100000,0x00000000e4100000,0x00000000e4600000)
 ParOldGen       total 87552K, used 3892K [0x00000000a0000000, 0x00000000a5580000, 0x00000000e0000000)
  object space 87552K, 4% used [0x00000000a0000000,0x00000000a03cd3b0,0x00000000a5580000)
 Metaspace       used 14577K, capacity 14978K, committed 15232K, reserved 1062912K
  class space    used 2028K, capacity 2159K, committed 2176K, reserved 1048576K
}

Deoptimization events (10 events):
Event: 1.526 Thread 0x000000001b15d800 Uncommon trap: reason=bimorphic action=maybe_recompile pc=0x0000000002d3cec0 method=java.util.HashMap.putVal(ILjava/lang/Object;Ljava/lang/Object;ZZ)Ljava/lang/Object; @ 253
Event: 1.526 Thread 0x000000001b15d800 Uncommon trap: reason=bimorphic action=maybe_recompile pc=0x0000000002d3cec0 method=java.util.HashMap.putVal(ILjava/lang/Object;Ljava/lang/Object;ZZ)Ljava/lang/Object; @ 253
Event: 1.526 Thread 0x000000001b15d800 Uncommon trap: reason=bimorphic action=maybe_recompile pc=0x0000000002d3cec0 method=java.util.HashMap.putVal(ILjava/lang/Object;Ljava/lang/Object;ZZ)Ljava/lang/Object; @ 253
Event: 1.526 Thread 0x000000001b15d800 Uncommon trap: reason=bimorphic action=maybe_recompile pc=0x0000000002d3e4e0 method=java.util.HashMap.putVal(ILjava/lang/Object;Ljava/lang/Object;ZZ)Ljava/lang/Object; @ 253
Event: 1.727 Thread 0x000000001b15d800 Uncommon trap: reason=class_check action=maybe_recompile pc=0x0000000002de7958 method=java.util.regex.Matcher.match(II)Z @ 86
Event: 1.741 Thread 0x000000001b15d800 Uncommon trap: reason=class_check action=maybe_recompile pc=0x0000000002de7958 method=java.util.regex.Matcher.match(II)Z @ 86
Event: 1.742 Thread 0x000000001b15d800 Uncommon trap: reason=class_check action=maybe_recompile pc=0x0000000002de7958 method=java.util.regex.Matcher.match(II)Z @ 86
Event: 1.742 Thread 0x000000001b15d800 Uncommon trap: reason=class_check action=maybe_recompile pc=0x0000000002c6274c method=java.util.regex.Matcher.match(II)Z @ 86
Event: 2.068 Thread 0x000000001b15d800 Uncommon trap: reason=unstable_if action=reinterpret pc=0x0000000002f916f4 method=java.lang.String.lastIndexOf([CII[CIII)I @ 66
Event: 2.167 Thread 0x000000001b15d800 Uncommon trap: reason=unstable_if action=reinterpret pc=0x0000000002f8dbac method=java.util.HashMap.putVal(ILjava/lang/Object;Ljava/lang/Object;ZZ)Ljava/lang/Object; @ 236

Classes redefined (0 events):
No events

Internal exceptions (10 events):
Event: 1.478 Thread 0x000000001af44800 Exception <a 'java/lang/NoSuchMethodError': <clinit>> (0x00000000e1b9c268) thrown at [D:\src\AOSP-openjdk-cygwin\jdk8u\hotspot\src\share\vm\prims\jni.cpp, line 1614]
Event: 1.480 Thread 0x000000001af44800 Exception <a 'java/lang/NoSuchMethodError': <clinit>> (0x00000000e1bb4318) thrown at [D:\src\AOSP-openjdk-cygwin\jdk8u\hotspot\src\share\vm\prims\jni.cpp, line 1614]
Event: 1.480 Thread 0x000000001af44800 Exception <a 'java/lang/NoSuchMethodError': <clinit>> (0x00000000e1bbcfa8) thrown at [D:\src\AOSP-openjdk-cygwin\jdk8u\hotspot\src\share\vm\prims\jni.cpp, line 1614]
Event: 1.482 Thread 0x000000001af44800 Exception <a 'java/lang/NoSuchMethodError': <clinit>> (0x00000000e1bd3660) thrown at [D:\src\AOSP-openjdk-cygwin\jdk8u\hotspot\src\share\vm\prims\jni.cpp, line 1614]
Event: 1.491 Thread 0x000000001af44800 Exception <a 'java/lang/NoSuchMethodError': <clinit>> (0x00000000e1c3b628) thrown at [D:\src\AOSP-openjdk-cygwin\jdk8u\hotspot\src\share\vm\prims\jni.cpp, line 1614]
Event: 1.495 Thread 0x000000001af44800 Exception <a 'java/lang/NoSuchMethodError': <clinit>> (0x00000000e1c68180) thrown at [D:\src\AOSP-openjdk-cygwin\jdk8u\hotspot\src\share\vm\prims\jni.cpp, line 1614]
Event: 1.499 Thread 0x000000001af44800 Exception <a 'java/lang/NoSuchMethodError': <clinit>> (0x00000000e1c85b28) thrown at [D:\src\AOSP-openjdk-cygwin\jdk8u\hotspot\src\share\vm\prims\jni.cpp, line 1614]
Event: 2.028 Thread 0x000000001b15d800 Exception <a 'java/lang/NoSuchMethodError': java.lang.Object.lambda$and$0(Ljava/util/function/Predicate;Ljava/lang/Object;)Z> (0x00000000e0856b80) thrown at [D:\src\AOSP-openjdk-cygwin\jdk8u\hotspot\src\share\vm\interpreter\linkResolver.cpp, line 620]
Event: 2.036 Thread 0x000000001b15d800 Exception <a 'java/lang/IncompatibleClassChangeError': Found class java.lang.Object, but interface was expected> (0x00000000e086ce70) thrown at [D:\src\AOSP-openjdk-cygwin\jdk8u\hotspot\src\share\vm\interpreter\linkResolver.cpp, line 653]
Event: 2.039 Thread 0x000000001b15d800 Exception <a 'java/lang/NoSuchMethodError': java.lang.Object.lambda$or$2(Ljava/util/function/Predicate;Ljava/lang/Object;)Z> (0x00000000e0871d80) thrown at [D:\src\AOSP-openjdk-cygwin\jdk8u\hotspot\src\share\vm\interpreter\linkResolver.cpp, line 620]

Events (10 events):
Event: 2.266 loading class org/gradle/api/internal/artifacts/ivyservice/DefaultArtifactCacheLockingManager
Event: 2.266 loading class org/gradle/api/internal/artifacts/ivyservice/DefaultArtifactCacheLockingManager done
Event: 2.268 loading class org/gradle/cache/internal/CompositeCleanupAction$ScopedCleanupAction
Event: 2.268 loading class org/gradle/cache/internal/CompositeCleanupAction$ScopedCleanupAction done
Event: 2.269 loading class org/gradle/internal/resource/cached/CachedItem
Event: 2.269 loading class org/gradle/internal/resource/cached/CachedItem done
Event: 2.270 loading class org/gradle/internal/resource/cached/DefaultCachedExternalResourceIndex$CachedExternalResourceSerializer
Event: 2.270 loading class org/gradle/internal/resource/cached/DefaultCachedExternalResourceIndex$CachedExternalResourceSerializer done
Event: 2.270 loading class org/gradle/internal/resource/metadata/ExternalResourceMetaData
Event: 2.270 loading class org/gradle/internal/resource/metadata/ExternalResourceMetaData done


Dynamic libraries:
0x00007ff75c630000 - 0x00007ff75c661000 	D:\Android Studio\jre\bin\java.exe
0x00007ffdac160000 - 0x00007ffdac350000 	C:\WINDOWS\SYSTEM32\ntdll.dll
0x00007ffdabb70000 - 0x00007ffdabc22000 	C:\WINDOWS\System32\KERNEL32.DLL
0x00007ffda9190000 - 0x00007ffda9433000 	C:\WINDOWS\System32\KERNELBASE.dll
0x00007ffdaa2f0000 - 0x00007ffdaa393000 	C:\WINDOWS\System32\ADVAPI32.dll
0x00007ffdaa3a0000 - 0x00007ffdaa43e000 	C:\WINDOWS\System32\msvcrt.dll
0x00007ffdaa220000 - 0x00007ffdaa2b7000 	C:\WINDOWS\System32\sechost.dll
0x00007ffdabe60000 - 0x00007ffdabf80000 	C:\WINDOWS\System32\RPCRT4.dll
0x00007ffdabf80000 - 0x00007ffdac114000 	C:\WINDOWS\System32\USER32.dll
0x00007ffda9870000 - 0x00007ffda9891000 	C:\WINDOWS\System32\win32u.dll
0x00007ffdaab30000 - 0x00007ffdaab56000 	C:\WINDOWS\System32\GDI32.dll
0x00007ffda96d0000 - 0x00007ffda9864000 	C:\WINDOWS\System32\gdi32full.dll
0x00007ffda99f0000 - 0x00007ffda9a8e000 	C:\WINDOWS\System32\msvcp_win.dll
0x00007ffda9570000 - 0x00007ffda966a000 	C:\WINDOWS\System32\ucrtbase.dll
0x00007ffd93220000 - 0x00007ffd934a5000 	C:\WINDOWS\WinSxS\amd64_microsoft.windows.common-controls_6595b64144ccf1df_6.0.18362.693_none_e6c1b3c11311d480\COMCTL32.dll
0x00007ffdaaee0000 - 0x00007ffdab216000 	C:\WINDOWS\System32\combase.dll
0x00007ffda90f0000 - 0x00007ffda9170000 	C:\WINDOWS\System32\bcryptPrimitives.dll
0x00007ffdab220000 - 0x00007ffdab24e000 	C:\WINDOWS\System32\IMM32.DLL
0x0000000061170000 - 0x0000000061242000 	D:\Android Studio\jre\jre\bin\msvcr100.dll
0x0000000061330000 - 0x0000000061b76000 	D:\Android Studio\jre\jre\bin\server\jvm.dll
0x00007ffdaa2e0000 - 0x00007ffdaa2e8000 	C:\WINDOWS\System32\PSAPI.DLL
0x00007ffda3630000 - 0x00007ffda3654000 	C:\WINDOWS\SYSTEM32\WINMM.dll
0x00007ffda4de0000 - 0x00007ffda4de9000 	C:\WINDOWS\SYSTEM32\WSOCK32.dll
0x00007ffda3fa0000 - 0x00007ffda3faa000 	C:\WINDOWS\SYSTEM32\VERSION.dll
0x00007ffdaba30000 - 0x00007ffdaba9f000 	C:\WINDOWS\System32\WS2_32.dll
0x00007ffda3600000 - 0x00007ffda362d000 	C:\WINDOWS\SYSTEM32\WINMMBASE.dll
0x00007ffda9520000 - 0x00007ffda956a000 	C:\WINDOWS\System32\cfgmgr32.dll
0x00007ffda4dd0000 - 0x00007ffda4ddf000 	D:\Android Studio\jre\jre\bin\verify.dll
0x00007ffda1790000 - 0x00007ffda17b9000 	D:\Android Studio\jre\jre\bin\java.dll
0x00007ffd92f60000 - 0x00007ffd92f76000 	D:\Android Studio\jre\jre\bin\zip.dll
0x00007ffdaa440000 - 0x00007ffdaab26000 	C:\WINDOWS\System32\SHELL32.dll
0x00007ffdab980000 - 0x00007ffdaba29000 	C:\WINDOWS\System32\shcore.dll
0x00007ffda9a90000 - 0x00007ffdaa210000 	C:\WINDOWS\System32\windows.storage.dll
0x00007ffda90c0000 - 0x00007ffda90e9000 	C:\WINDOWS\System32\Wldp.dll
0x00007ffda98a0000 - 0x00007ffda99e9000 	C:\WINDOWS\System32\CRYPT32.dll
0x00007ffda9000000 - 0x00007ffda9012000 	C:\WINDOWS\System32\MSASN1.dll
0x00007ffda9670000 - 0x00007ffda96cc000 	C:\WINDOWS\System32\WINTRUST.dll
0x00007ffda9090000 - 0x00007ffda90b3000 	C:\WINDOWS\System32\profapi.dll
0x00007ffda9040000 - 0x00007ffda908a000 	C:\WINDOWS\System32\powrprof.dll
0x00007ffda8ff0000 - 0x00007ffda9000000 	C:\WINDOWS\System32\UMPDC.dll
0x00007ffdab850000 - 0x00007ffdab8a2000 	C:\WINDOWS\System32\shlwapi.dll
0x00007ffda9020000 - 0x00007ffda9031000 	C:\WINDOWS\System32\kernel.appcore.dll
0x00007ffda9170000 - 0x00007ffda9187000 	C:\WINDOWS\System32\cryptsp.dll
0x00007ffd92f40000 - 0x00007ffd92f5a000 	D:\Android Studio\jre\jre\bin\net.dll
0x00007ffd917a0000 - 0x00007ffd91975000 	C:\WINDOWS\SYSTEM32\urlmon.dll
0x00007ffd95500000 - 0x00007ffd957a6000 	C:\WINDOWS\SYSTEM32\iertutil.dll
0x00007ffda8a60000 - 0x00007ffda8a6c000 	C:\WINDOWS\SYSTEM32\CRYPTBASE.DLL
0x00007ffda8890000 - 0x00007ffda88f7000 	C:\WINDOWS\system32\mswsock.dll
0x00007ffd92f20000 - 0x00007ffd92f33000 	D:\Android Studio\jre\jre\bin\nio.dll
0x00007ffd92ca0000 - 0x00007ffd92cc6000 	C:\Users\Kailas Mantri\.gradle\native\30\windows-amd64\native-platform.dll
0x00007ffda4dc0000 - 0x00007ffda4dcd000 	D:\Android Studio\jre\jre\bin\management.dll
0x00007ffda8400000 - 0x00007ffda8433000 	C:\WINDOWS\system32\rsaenh.dll
0x00007ffda94f0000 - 0x00007ffda9516000 	C:\WINDOWS\System32\bcrypt.dll
0x00007ffda8ee0000 - 0x00007ffda8f05000 	C:\WINDOWS\SYSTEM32\USERENV.dll
0x00007ffda85a0000 - 0x00007ffda85da000 	C:\WINDOWS\SYSTEM32\IPHLPAPI.DLL
0x00007ffdab840000 - 0x00007ffdab848000 	C:\WINDOWS\System32\NSI.dll
0x00007ffda19f0000 - 0x00007ffda1a06000 	C:\WINDOWS\SYSTEM32\dhcpcsvc6.DLL
0x00007ffda2790000 - 0x00007ffda27ac000 	C:\WINDOWS\SYSTEM32\dhcpcsvc.DLL
0x00007ffda85e0000 - 0x00007ffda86aa000 	C:\WINDOWS\SYSTEM32\DNSAPI.dll

VM Arguments:
jvm_args: -Xmx1536m -Dfile.encoding=windows-1252 -Duser.country=IN -Duser.language=en -Duser.variant 
java_command: org.gradle.launcher.daemon.bootstrap.GradleDaemon 5.6.4
java_class_path (initial): C:\Users\Kailas Mantri\.gradle\wrapper\dists\gradle-5.6.4-all\ankdp27end7byghfw1q2sw75f\gradle-5.6.4\lib\gradle-launcher-5.6.4.jar
Launcher Type: SUN_STANDARD

Environment Variables:
PATH=C:\windows\system32;C:\windows;C:\windows\System32\Wbem;C:\windows\System32\WindowsPowerShell\v1.0\;C:\windows\System32\OpenSSH\;C:\Program Files (x86)\NVIDIA Corporation\PhysX\Common;C:\Program Files\NVIDIA Corporation\NVIDIA NvDLISR;%SystemRoot%\system32;%SystemRoot%;%SystemRoot%\System32\Wbem;%SYSTEMROOT%\System32\WindowsPowerShell\v1.0\;%SYSTEMROOT%\System32\OpenSSH\;C:\Users\Kailas Mantri\AppData\Local\Microsoft\WindowsApps;
USERNAME=Kailas Mantri
OS=Windows_NT
PROCESSOR_IDENTIFIER=Intel64 Family 6 Model 142 Stepping 12, GenuineIntel



---------------  S Y S T E M  ---------------

OS: Windows 10.0 , 64 bit Build 18362 (10.0.18362.329)

CPU:total 8 (initial active 8) (4 cores per cpu, 2 threads per core) family 6 model 142 stepping 12, cmov, cx8, fxsr, mmx, sse, sse2, sse3, ssse3, sse4.1, sse4.2, popcnt, avx, avx2, aes, clmul, erms, 3dnowpref, lzcnt, ht, tsc, tscinvbit, bmi1, bmi2, adx

Memory: 4k page, physical 8272180k(922796k free), swap 23803440k(5120k free)

vm_info: OpenJDK 64-Bit Server VM (25.212-b04) for windows-amd64 JRE (1.8.0_212-release-1586-b04), built by "builder" with MS VC++ 10.0 (VS2010)

time: Thu Mar 05 09:31:59 2020
timezone: India Standard Time
elapsed time: 2 seconds (0d 0h 0m 2s)

