#
# There is insufficient memory for the Java Runtime Environment to continue.
# Native memory allocation (malloc) failed to allocate 1259696 bytes for Chunk::new
# Possible reasons:
#   The system is out of physical RAM or swap space
#   The process is running with CompressedOops enabled, and the Java Heap may be blocking the growth of the native heap
# Possible solutions:
#   Reduce memory load on the system
#   Increase physical memory or swap space
#   Check if swap backing store is full
#   Decrease Java heap size (-Xmx/-Xms)
#   Decrease number of Java threads
#   Decrease Java thread stack sizes (-Xss)
#   Set larger code cache with -XX:ReservedCodeCacheSize=
#   JVM is running with Unscaled Compressed Oops mode in which the Java heap is
#     placed in the first 4GB address space. The Java Heap base address is the
#     maximum limit for the native heap growth. Please use -XX:HeapBaseMinAddress
#     to set the Java Heap base and to place the Java Heap above 4GB virtual address.
# This output file may be truncated or incomplete.
#
#  Out of Memory Error (allocation.cpp:389), pid=15296, tid=0x0000000000003808
#
# JRE version: OpenJDK Runtime Environment (8.0_212-b04) (build 1.8.0_212-release-1586-b04)
# Java VM: OpenJDK 64-Bit Server VM (25.212-b04 mixed mode windows-amd64 compressed oops)
# Failed to write core dump. Minidumps are not enabled by default on client versions of Windows
#

---------------  T H R E A D  ---------------

Current thread (0x0000000018d3c800):  JavaThread "C2 CompilerThread0" daemon [_thread_in_native, id=14344, stack(0x0000000019620000,0x0000000019720000)]

Stack: [0x0000000019620000,0x0000000019720000]
[error occurred during error reporting (printing stack bounds), id 0xc0000005]

Native frames: (J=compiled Java code, j=interpreted, Vv=VM code, C=native code)


Current CompileTask:
C2:   4242 3343       4       groovy.lang.MetaClassImpl$1MOPIter::methodNameAction (325 bytes)


---------------  P R O C E S S  ---------------

Java Threads: ( => current thread )
  0x0000000022089800 JavaThread "Build operations Thread 8" [_thread_blocked, id=13764, stack(0x0000000023890000,0x0000000023990000)]
  0x0000000022089000 JavaThread "Build operations Thread 7" [_thread_blocked, id=15412, stack(0x0000000023790000,0x0000000023890000)]
  0x0000000022081800 JavaThread "Build operations Thread 6" [_thread_blocked, id=11888, stack(0x0000000023690000,0x0000000023790000)]
  0x0000000022083000 JavaThread "Build operations Thread 5" [_thread_blocked, id=1108, stack(0x0000000023590000,0x0000000023690000)]
  0x0000000022082000 JavaThread "Build operations Thread 4" [_thread_blocked, id=14708, stack(0x0000000023490000,0x0000000023590000)]
  0x0000000022087800 JavaThread "Build operations Thread 3" [_thread_blocked, id=5508, stack(0x00000000230f0000,0x00000000231f0000)]
  0x0000000022084800 JavaThread "Build operations Thread 2" [_thread_blocked, id=12476, stack(0x0000000022ff0000,0x00000000230f0000)]
  0x0000000022088000 JavaThread "Build operations" [_thread_blocked, id=5692, stack(0x0000000022ef0000,0x0000000022ff0000)]
  0x0000000019f2a800 JavaThread "Cache worker for execution history cache (C:\Users\Kailas Mantri\.gradle\caches\5.6.4\executionHistory)" [_thread_blocked, id=11776, stack(0x0000000021e20000,0x0000000021f20000)]
  0x0000000019f28000 JavaThread "Cache worker for cache directory md-rule (C:\Users\Kailas Mantri\.gradle\caches\5.6.4\md-rule)" [_thread_blocked, id=12888, stack(0x0000000020280000,0x0000000020380000)]
  0x0000000019f27800 JavaThread "Cache worker for cache directory md-supplier (C:\Users\Kailas Mantri\.gradle\caches\5.6.4\md-supplier)" [_thread_blocked, id=14196, stack(0x000000001ffe0000,0x00000000200e0000)]
  0x0000000019f2d800 JavaThread "Cache worker for file hash cache (D:\AndroidStudioProjects\ScrimaTask\.gradle\5.6.4\fileHashes)" [_thread_blocked, id=12928, stack(0x0000000020180000,0x0000000020280000)]
  0x0000000019f29000 JavaThread "Cache worker for journal cache (C:\Users\Kailas Mantri\.gradle\caches\journal-1)" [_thread_blocked, id=14872, stack(0x000000001db40000,0x000000001dc40000)]
  0x0000000019f2b000 JavaThread "File lock request listener" [_thread_in_native, id=7424, stack(0x000000001da40000,0x000000001db40000)]
  0x000000001b157800 JavaThread "Cache worker for file hash cache (C:\Users\Kailas Mantri\.gradle\caches\5.6.4\fileHashes)" [_thread_blocked, id=6440, stack(0x000000001d740000,0x000000001d840000)]
  0x000000001b813800 JavaThread "Thread-9" [_thread_blocked, id=10300, stack(0x000000001d640000,0x000000001d740000)]
  0x000000001b7b4800 JavaThread "Stdin handler" [_thread_blocked, id=10716, stack(0x000000001d540000,0x000000001d640000)]
  0x000000001b7db800 JavaThread "Asynchronous log dispatcher for DefaultDaemonConnection: socket connection from /127.0.0.1:50591 to /127.0.0.1:50592" [_thread_blocked, id=4752, stack(0x000000001d340000,0x000000001d440000)]
  0x000000001b81f800 JavaThread "Daemon worker" [_thread_in_Java, id=5808, stack(0x000000001d240000,0x000000001d340000)]
  0x000000001b81c800 JavaThread "Cancel handler" [_thread_blocked, id=11864, stack(0x000000001d140000,0x000000001d240000)]
  0x000000001b7b9000 JavaThread "Handler for socket connection from /127.0.0.1:50591 to /127.0.0.1:50592" [_thread_in_native, id=9572, stack(0x000000001ce40000,0x000000001cf40000)]
  0x000000001b7b8000 JavaThread "Daemon" [_thread_blocked, id=1680, stack(0x000000001cd40000,0x000000001ce40000)]
  0x000000001b13c800 JavaThread "Daemon periodic checks" [_thread_blocked, id=5720, stack(0x000000001cc40000,0x000000001cd40000)]
  0x000000001b163000 JavaThread "Incoming local TCP Connector on port 50591" [_thread_in_native, id=12084, stack(0x000000001ca00000,0x000000001cb00000)]
  0x000000001b1df000 JavaThread "Daemon health stats" [_thread_blocked, id=5028, stack(0x000000001c3c0000,0x000000001c4c0000)]
  0x0000000018d57000 JavaThread "Service Thread" daemon [_thread_blocked, id=8168, stack(0x0000000019a20000,0x0000000019b20000)]
  0x0000000018d45800 JavaThread "C1 CompilerThread3" daemon [_thread_blocked, id=16328, stack(0x0000000019920000,0x0000000019a20000)]
  0x0000000018d43800 JavaThread "C2 CompilerThread2" daemon [_thread_in_native, id=16232, stack(0x0000000019820000,0x0000000019920000)]
  0x0000000018d3f800 JavaThread "C2 CompilerThread1" daemon [_thread_in_native, id=9560, stack(0x0000000019720000,0x0000000019820000)]
=>0x0000000018d3c800 JavaThread "C2 CompilerThread0" daemon [_thread_in_native, id=14344, stack(0x0000000019620000,0x0000000019720000)]
  0x0000000018d3a800 JavaThread "Attach Listener" daemon [_thread_blocked, id=14648, stack(0x0000000019520000,0x0000000019620000)]
  0x0000000018d37800 JavaThread "Signal Dispatcher" daemon [_thread_blocked, id=15028, stack(0x0000000019420000,0x0000000019520000)]
  0x000000000317d800 JavaThread "Finalizer" daemon [_thread_blocked, id=15472, stack(0x0000000019210000,0x0000000019310000)]
  0x0000000003175800 JavaThread "Reference Handler" daemon [_thread_blocked, id=6556, stack(0x0000000019110000,0x0000000019210000)]
  0x000000000178d800 JavaThread "main" [_thread_blocked, id=4928, stack(0x0000000002f80000,0x0000000003080000)]

Other Threads:
  0x0000000016f38000 VMThread [stack: 0x0000000018c10000,0x0000000018d10000] [id=15084]
  0x0000000018d57800 WatcherThread [stack: 0x0000000019b20000,0x0000000019c20000] [id=15200]

VM state:not at safepoint (normal execution)

VM Mutex/Monitor currently owned by a thread: None

heap address: 0x00000000a0000000, size: 1536 MB, Compressed Oops mode: 32-bit
Narrow klass base: 0x0000000000000000, Narrow klass shift: 3
Compressed class space size: 1073741824 Address: 0x0000000100000000

Heap:
 PSYoungGen      total 77312K, used 17879K [0x00000000e0000000, 0x00000000e5800000, 0x0000000100000000)
  eden space 65536K, 27% used [0x00000000e0000000,0x00000000e1175f60,0x00000000e4000000)
  from space 11776K, 0% used [0x00000000e4000000,0x00000000e4000000,0x00000000e4b80000)
  to   space 10752K, 0% used [0x00000000e4b80000,0x00000000e4b80000,0x00000000e5600000)
 ParOldGen       total 62976K, used 17285K [0x00000000a0000000, 0x00000000a3d80000, 0x00000000e0000000)
  object space 62976K, 27% used [0x00000000a0000000,0x00000000a10e1790,0x00000000a3d80000)
 Metaspace       used 36607K, capacity 37546K, committed 37888K, reserved 1081344K
  class space    used 5023K, capacity 5278K, committed 5376K, reserved 1048576K

Card table byte_map: [0x0000000012540000,0x0000000012850000] byte_map_base: 0x0000000012040000

Marking Bits: (ParMarkBitMap*) 0x0000000059b59f30
 Begin Bits: [0x0000000013250000, 0x0000000014a50000)
 End Bits:   [0x0000000014a50000, 0x0000000016250000)

Polling page: 0x0000000001720000

CodeCache: size=245760Kb used=11962Kb max_used=11962Kb free=233797Kb
 bounds [0x0000000003180000, 0x0000000003d40000, 0x0000000012180000]
 total_blobs=4149 nmethods=3433 adapters=629
 compilation: enabled

Compilation events (10 events):
Event: 4.226 Thread 0x0000000018d45800 3431       3       java.lang.Class::getDeclaredConstructors (18 bytes)
Event: 4.226 Thread 0x0000000018d45800 nmethod 3431 0x0000000003d35350 code [0x0000000003d354e0, 0x0000000003d35718]
Event: 4.226 Thread 0x0000000018d45800 3433       3       org.gradle.internal.operations.DefaultBuildOperationExecutor::getCurrentBuildOperation (11 bytes)
Event: 4.227 Thread 0x0000000018d45800 nmethod 3433 0x0000000003d34bd0 code [0x0000000003d34d60, 0x0000000003d351e8]
Event: 4.227 Thread 0x0000000018d45800 3432       1       org.gradle.internal.instantiation.AbstractClassGenerator$GeneratedClassImpl::getConstructors (5 bytes)
Event: 4.227 Thread 0x0000000018d45800 nmethod 3432 0x0000000003d34910 code [0x0000000003d34a60, 0x0000000003d34b70]
Event: 4.235 Thread 0x0000000018d45800 3434       1       java.util.logging.LogManager::access$500 (5 bytes)
Event: 4.236 Thread 0x0000000018d45800 nmethod 3434 0x0000000003d33fd0 code [0x0000000003d34120, 0x0000000003d34210]
Event: 4.241 Thread 0x0000000018d45800 3435       1       java.util.WeakHashMap::indexFor (6 bytes)
Event: 4.241 Thread 0x0000000018d45800 nmethod 3435 0x0000000003d33510 code [0x0000000003d33660, 0x0000000003d33750]

GC Heap History (10 events):
Event: 2.406 GC heap before
{Heap before GC invocations=7 (full 1):
 PSYoungGen      total 76288K, used 9104K [0x00000000e0000000, 0x00000000e5800000, 0x0000000100000000)
  eden space 65536K, 0% used [0x00000000e0000000,0x00000000e0000000,0x00000000e4000000)
  from space 10752K, 84% used [0x00000000e4b80000,0x00000000e54640b0,0x00000000e5600000)
  to   space 11776K, 0% used [0x00000000e4000000,0x00000000e4000000,0x00000000e4b80000)
 ParOldGen       total 87552K, used 7390K [0x00000000a0000000, 0x00000000a5580000, 0x00000000e0000000)
  object space 87552K, 8% used [0x00000000a0000000,0x00000000a0737aa0,0x00000000a5580000)
 Metaspace       used 20687K, capacity 21202K, committed 21296K, reserved 1067008K
  class space    used 2983K, capacity 3161K, committed 3200K, reserved 1048576K
Event: 2.440 GC heap after
Heap after GC invocations=7 (full 1):
 PSYoungGen      total 76288K, used 0K [0x00000000e0000000, 0x00000000e5800000, 0x0000000100000000)
  eden space 65536K, 0% used [0x00000000e0000000,0x00000000e0000000,0x00000000e4000000)
  from space 10752K, 0% used [0x00000000e4b80000,0x00000000e4b80000,0x00000000e5600000)
  to   space 11776K, 0% used [0x00000000e4000000,0x00000000e4000000,0x00000000e4b80000)
 ParOldGen       total 62976K, used 9728K [0x00000000a0000000, 0x00000000a3d80000, 0x00000000e0000000)
  object space 62976K, 15% used [0x00000000a0000000,0x00000000a0980298,0x00000000a3d80000)
 Metaspace       used 20687K, capacity 21202K, committed 21296K, reserved 1067008K
  class space    used 2983K, capacity 3161K, committed 3200K, reserved 1048576K
}
Event: 3.088 GC heap before
{Heap before GC invocations=8 (full 1):
 PSYoungGen      total 76288K, used 65536K [0x00000000e0000000, 0x00000000e5800000, 0x0000000100000000)
  eden space 65536K, 100% used [0x00000000e0000000,0x00000000e4000000,0x00000000e4000000)
  from space 10752K, 0% used [0x00000000e4b80000,0x00000000e4b80000,0x00000000e5600000)
  to   space 11776K, 0% used [0x00000000e4000000,0x00000000e4000000,0x00000000e4b80000)
 ParOldGen       total 62976K, used 9728K [0x00000000a0000000, 0x00000000a3d80000, 0x00000000e0000000)
  object space 62976K, 15% used [0x00000000a0000000,0x00000000a0980298,0x00000000a3d80000)
 Metaspace       used 29044K, capacity 29526K, committed 29824K, reserved 1075200K
  class space    used 3911K, capacity 4097K, committed 4224K, reserved 1048576K
Event: 3.094 GC heap after
Heap after GC invocations=8 (full 1):
 PSYoungGen      total 77312K, used 8128K [0x00000000e0000000, 0x00000000e5800000, 0x0000000100000000)
  eden space 65536K, 0% used [0x00000000e0000000,0x00000000e0000000,0x00000000e4000000)
  from space 11776K, 69% used [0x00000000e4000000,0x00000000e47f0370,0x00000000e4b80000)
  to   space 10752K, 0% used [0x00000000e4b80000,0x00000000e4b80000,0x00000000e5600000)
 ParOldGen       total 62976K, used 9736K [0x00000000a0000000, 0x00000000a3d80000, 0x00000000e0000000)
  object space 62976K, 15% used [0x00000000a0000000,0x00000000a0982298,0x00000000a3d80000)
 Metaspace       used 29044K, capacity 29526K, committed 29824K, reserved 1075200K
  class space    used 3911K, capacity 4097K, committed 4224K, reserved 1048576K
}
Event: 3.438 GC heap before
{Heap before GC invocations=9 (full 1):
 PSYoungGen      total 77312K, used 73664K [0x00000000e0000000, 0x00000000e5800000, 0x0000000100000000)
  eden space 65536K, 100% used [0x00000000e0000000,0x00000000e4000000,0x00000000e4000000)
  from space 11776K, 69% used [0x00000000e4000000,0x00000000e47f0370,0x00000000e4b80000)
  to   space 10752K, 0% used [0x00000000e4b80000,0x00000000e4b80000,0x00000000e5600000)
 ParOldGen       total 62976K, used 9736K [0x00000000a0000000, 0x00000000a3d80000, 0x00000000e0000000)
  object space 62976K, 15% used [0x00000000a0000000,0x00000000a0982298,0x00000000a3d80000)
 Metaspace       used 31999K, capacity 32532K, committed 32768K, reserved 1077248K
  class space    used 4390K, capacity 4587K, committed 4608K, reserved 1048576K
Event: 3.447 GC heap after
Heap after GC invocations=9 (full 1):
 PSYoungGen      total 76288K, used 8432K [0x00000000e0000000, 0x00000000e5800000, 0x0000000100000000)
  eden space 65536K, 0% used [0x00000000e0000000,0x00000000e0000000,0x00000000e4000000)
  from space 10752K, 78% used [0x00000000e4b80000,0x00000000e53bc060,0x00000000e5600000)
  to   space 11776K, 0% used [0x00000000e4000000,0x00000000e4000000,0x00000000e4b80000)
 ParOldGen       total 62976K, used 9744K [0x00000000a0000000, 0x00000000a3d80000, 0x00000000e0000000)
  object space 62976K, 15% used [0x00000000a0000000,0x00000000a0984298,0x00000000a3d80000)
 Metaspace       used 31999K, capacity 32532K, committed 32768K, reserved 1077248K
  class space    used 4390K, capacity 4587K, committed 4608K, reserved 1048576K
}
Event: 3.985 GC heap before
{Heap before GC invocations=10 (full 1):
 PSYoungGen      total 76288K, used 71136K [0x00000000e0000000, 0x00000000e5800000, 0x0000000100000000)
  eden space 65536K, 95% used [0x00000000e0000000,0x00000000e3d3c2e8,0x00000000e4000000)
  from space 10752K, 78% used [0x00000000e4b80000,0x00000000e53bc060,0x00000000e5600000)
  to   space 11776K, 0% used [0x00000000e4000000,0x00000000e4000000,0x00000000e4b80000)
 ParOldGen       total 62976K, used 9744K [0x00000000a0000000, 0x00000000a3d80000, 0x00000000e0000000)
  object space 62976K, 15% used [0x00000000a0000000,0x00000000a0984298,0x00000000a3d80000)
 Metaspace       used 34590K, capacity 35414K, committed 35456K, reserved 1079296K
  class space    used 4757K, capacity 4968K, committed 4992K, reserved 1048576K
Event: 3.994 GC heap after
Heap after GC invocations=10 (full 1):
 PSYoungGen      total 77312K, used 10388K [0x00000000e0000000, 0x00000000e5800000, 0x0000000100000000)
  eden space 65536K, 0% used [0x00000000e0000000,0x00000000e0000000,0x00000000e4000000)
  from space 11776K, 88% used [0x00000000e4000000,0x00000000e4a251e0,0x00000000e4b80000)
  to   space 10752K, 0% used [0x00000000e4b80000,0x00000000e4b80000,0x00000000e5600000)
 ParOldGen       total 62976K, used 9752K [0x00000000a0000000, 0x00000000a3d80000, 0x00000000e0000000)
  object space 62976K, 15% used [0x00000000a0000000,0x00000000a0986298,0x00000000a3d80000)
 Metaspace       used 34590K, capacity 35414K, committed 35456K, reserved 1079296K
  class space    used 4757K, capacity 4968K, committed 4992K, reserved 1048576K
}
Event: 3.994 GC heap before
{Heap before GC invocations=11 (full 2):
 PSYoungGen      total 77312K, used 10388K [0x00000000e0000000, 0x00000000e5800000, 0x0000000100000000)
  eden space 65536K, 0% used [0x00000000e0000000,0x00000000e0000000,0x00000000e4000000)
  from space 11776K, 88% used [0x00000000e4000000,0x00000000e4a251e0,0x00000000e4b80000)
  to   space 10752K, 0% used [0x00000000e4b80000,0x00000000e4b80000,0x00000000e5600000)
 ParOldGen       total 62976K, used 9752K [0x00000000a0000000, 0x00000000a3d80000, 0x00000000e0000000)
  object space 62976K, 15% used [0x00000000a0000000,0x00000000a0986298,0x00000000a3d80000)
 Metaspace       used 34590K, capacity 35414K, committed 35456K, reserved 1079296K
  class space    used 4757K, capacity 4968K, committed 4992K, reserved 1048576K
Event: 4.041 GC heap after
Heap after GC invocations=11 (full 2):
 PSYoungGen      total 77312K, used 0K [0x00000000e0000000, 0x00000000e5800000, 0x0000000100000000)
  eden space 65536K, 0% used [0x00000000e0000000,0x00000000e0000000,0x00000000e4000000)
  from space 11776K, 0% used [0x00000000e4000000,0x00000000e4000000,0x00000000e4b80000)
  to   space 10752K, 0% used [0x00000000e4b80000,0x00000000e4b80000,0x00000000e5600000)
 ParOldGen       total 62976K, used 17285K [0x00000000a0000000, 0x00000000a3d80000, 0x00000000e0000000)
  object space 62976K, 27% used [0x00000000a0000000,0x00000000a10e1790,0x00000000a3d80000)
 Metaspace       used 34565K, capacity 35330K, committed 35456K, reserved 1079296K
  class space    used 4749K, capacity 4954K, committed 4992K, reserved 1048576K
}

Deoptimization events (10 events):
Event: 3.790 Thread 0x0000000022081800 Uncommon trap: reason=unstable_if action=reinterpret pc=0x0000000003660f1c method=java.util.concurrent.ConcurrentHashMap.addCount(JI)V @ 34
Event: 3.790 Thread 0x0000000022087800 Uncommon trap: reason=unstable_if action=reinterpret pc=0x0000000003660ef8 method=java.util.concurrent.ConcurrentHashMap.addCount(JI)V @ 7
Event: 3.790 Thread 0x0000000022083000 Uncommon trap: reason=unstable_if action=reinterpret pc=0x0000000003660ef8 method=java.util.concurrent.ConcurrentHashMap.addCount(JI)V @ 7
Event: 3.954 Thread 0x000000001b81f800 Uncommon trap: reason=unstable_if action=reinterpret pc=0x0000000003635920 method=java.util.WeakHashMap.expungeStaleEntries()V @ 66
Event: 3.963 Thread 0x000000001b81f800 Uncommon trap: reason=bimorphic action=maybe_recompile pc=0x00000000039b1bcc method=java.util.AbstractCollection.addAll(Ljava/util/Collection;)Z @ 29
Event: 3.980 Thread 0x000000001b81f800 Uncommon trap: reason=range_check action=make_not_entrant pc=0x0000000003af4da4 method=java.lang.String.charAt(I)C @ 27
Event: 4.084 Thread 0x000000001b81f800 Uncommon trap: reason=bimorphic action=maybe_recompile pc=0x00000000039b1bcc method=java.util.AbstractCollection.addAll(Ljava/util/Collection;)Z @ 29
Event: 4.217 Thread 0x000000001b81f800 Uncommon trap: reason=unstable_if action=reinterpret pc=0x00000000037bfab8 method=java.io.BufferedInputStream.read([BII)I @ 56
Event: 4.218 Thread 0x000000001b81f800 Uncommon trap: reason=unstable_if action=reinterpret pc=0x0000000003462990 method=java.util.regex.Pattern.has(I)Z @ 6
Event: 4.227 Thread 0x000000001b81f800 Uncommon trap: reason=bimorphic action=maybe_recompile pc=0x00000000039b1bcc method=java.util.AbstractCollection.addAll(Ljava/util/Collection;)Z @ 29

Classes redefined (0 events):
No events

Internal exceptions (10 events):
Event: 4.070 Thread 0x000000001b81f800 Exception <a 'java/lang/ClassNotFoundException': org/gradle/api/internal/AbstractTaskBeanInfo> (0x00000000e032b908) thrown at [D:\src\AOSP-openjdk-cygwin\jdk8u\hotspot\src\share\vm\classfile\systemDictionary.cpp, line 210]
Event: 4.070 Thread 0x000000001b81f800 Exception <a 'java/lang/ClassNotFoundException': org/gradle/api/internal/AbstractTaskCustomizer> (0x00000000e035eab0) thrown at [D:\src\AOSP-openjdk-cygwin\jdk8u\hotspot\src\share\vm\classfile\systemDictionary.cpp, line 210]
Event: 4.073 Thread 0x000000001b81f800 Exception <a 'java/lang/ClassNotFoundException': org/gradle/api/DefaultTaskCustomizer> (0x00000000e03ea7f8) thrown at [D:\src\AOSP-openjdk-cygwin\jdk8u\hotspot\src\share\vm\classfile\systemDictionary.cpp, line 210]
Event: 4.074 Thread 0x000000001b81f800 Exception <a 'java/lang/ClassNotFoundException': org/gradle/api/internal/ConventionTaskCustomizer> (0x00000000e042d130) thrown at [D:\src\AOSP-openjdk-cygwin\jdk8u\hotspot\src\share\vm\classfile\systemDictionary.cpp, line 210]
Event: 4.075 Thread 0x000000001b81f800 Exception <a 'java/lang/ClassNotFoundException': org/gradle/api/tasks/DeleteCustomizer> (0x00000000e046c3d0) thrown at [D:\src\AOSP-openjdk-cygwin\jdk8u\hotspot\src\share\vm\classfile\systemDictionary.cpp, line 210]
Event: 4.077 Thread 0x000000001b81f800 Exception <a 'java/lang/ClassNotFoundException': org/gradle/api/tasks/Delete_DecoratedCustomizer> (0x00000000e04b91b8) thrown at [D:\src\AOSP-openjdk-cygwin\jdk8u\hotspot\src\share\vm\classfile\systemDictionary.cpp, line 210]
Event: 4.096 Thread 0x000000001b81f800 Exception <a 'java/lang/ClassNotFoundException': build_3hgk71kbbkcdnhjchbkedhuimBeanInfo> (0x00000000e05db268) thrown at [D:\src\AOSP-openjdk-cygwin\jdk8u\hotspot\src\share\vm\classfile\systemDictionary.cpp, line 210]
Event: 4.097 Thread 0x000000001b81f800 Exception <a 'java/lang/ClassNotFoundException': build_3hgk71kbbkcdnhjchbkedhuimCustomizer> (0x00000000e05e7d40) thrown at [D:\src\AOSP-openjdk-cygwin\jdk8u\hotspot\src\share\vm\classfile\systemDictionary.cpp, line 210]
Event: 4.100 Thread 0x000000001b81f800 Exception <a 'java/lang/ClassNotFoundException': org/gradle/api/internal/plugins/DefaultObjectConfigurationActionBeanInfo> (0x00000000e0674010) thrown at [D:\src\AOSP-openjdk-cygwin\jdk8u\hotspot\src\share\vm\classfile\systemDictionary.cpp, line 210]
Event: 4.102 Thread 0x000000001b81f800 Exception <a 'java/lang/ClassNotFoundException': org/gradle/api/internal/plugins/DefaultObjectConfigurationActionCustomizer> (0x00000000e06b7290) thrown at [D:\src\AOSP-openjdk-cygwin\jdk8u\hotspot\src\share\vm\classfile\systemDictionary.cpp, line 210]

Events (10 events):
Event: 4.240 loading class com/sun/jmx/mbeanserver/DefaultMXBeanMappingFactory$NonNullMXBeanMapping done
Event: 4.240 loading class com/sun/jmx/mbeanserver/DefaultMXBeanMappingFactory$IdentityMapping done
Event: 4.240 loading class javax/management/openmbean/ArrayType
Event: 4.240 loading class javax/management/openmbean/ArrayType done
Event: 4.241 loading class com/sun/jmx/mbeanserver/MBeanAnalyzer$AttrMethods
Event: 4.241 loading class com/sun/jmx/mbeanserver/MBeanAnalyzer$AttrMethods done
Event: 4.241 loading class com/sun/jmx/mbeanserver/MBeanIntrospector$MBeanInfoMaker
Event: 4.241 loading class com/sun/jmx/mbeanserver/MBeanAnalyzer$MBeanVisitor
Event: 4.241 loading class com/sun/jmx/mbeanserver/MBeanAnalyzer$MBeanVisitor done
Event: 4.241 loading class com/sun/jmx/mbeanserver/MBeanIntrospector$MBeanInfoMaker done


Dynamic libraries:
0x00007ff6c1a60000 - 0x00007ff6c1a91000 	D:\Android Studio\jre\bin\java.exe
0x00007ffa07480000 - 0x00007ffa07670000 	C:\WINDOWS\SYSTEM32\ntdll.dll
0x00007ffa05e50000 - 0x00007ffa05f02000 	C:\WINDOWS\System32\KERNEL32.DLL
0x00007ffa05010000 - 0x00007ffa052b3000 	C:\WINDOWS\System32\KERNELBASE.dll
0x00007ffa05b00000 - 0x00007ffa05ba3000 	C:\WINDOWS\System32\ADVAPI32.dll
0x00007ffa05530000 - 0x00007ffa055ce000 	C:\WINDOWS\System32\msvcrt.dll
0x00007ffa06120000 - 0x00007ffa061b7000 	C:\WINDOWS\System32\sechost.dll
0x00007ffa05f10000 - 0x00007ffa06030000 	C:\WINDOWS\System32\RPCRT4.dll
0x00007ffa061c0000 - 0x00007ffa06354000 	C:\WINDOWS\System32\USER32.dll
0x00007ffa04e30000 - 0x00007ffa04e51000 	C:\WINDOWS\System32\win32u.dll
0x00007ffa07070000 - 0x00007ffa07096000 	C:\WINDOWS\System32\GDI32.dll
0x00007ffa052c0000 - 0x00007ffa05454000 	C:\WINDOWS\System32\gdi32full.dll
0x00007ffa04410000 - 0x00007ffa044ae000 	C:\WINDOWS\System32\msvcp_win.dll
0x00007ffa04560000 - 0x00007ffa0465a000 	C:\WINDOWS\System32\ucrtbase.dll
0x00007ff9ee100000 - 0x00007ff9ee385000 	C:\WINDOWS\WinSxS\amd64_microsoft.windows.common-controls_6595b64144ccf1df_6.0.18362.693_none_e6c1b3c11311d480\COMCTL32.dll
0x00007ffa07100000 - 0x00007ffa07436000 	C:\WINDOWS\System32\combase.dll
0x00007ffa05460000 - 0x00007ffa054e0000 	C:\WINDOWS\System32\bcryptPrimitives.dll
0x00007ffa055d0000 - 0x00007ffa055fe000 	C:\WINDOWS\System32\IMM32.DLL
0x000000005b9a0000 - 0x000000005ba72000 	D:\Android Studio\jre\jre\bin\msvcr100.dll
0x0000000059390000 - 0x0000000059bd6000 	D:\Android Studio\jre\jre\bin\server\jvm.dll
0x00007ffa05a20000 - 0x00007ffa05a28000 	C:\WINDOWS\System32\PSAPI.DLL
0x00007ff9ffd20000 - 0x00007ff9ffd29000 	C:\WINDOWS\SYSTEM32\WSOCK32.dll
0x00007ff9fea00000 - 0x00007ff9fea24000 	C:\WINDOWS\SYSTEM32\WINMM.dll
0x00007ff9febf0000 - 0x00007ff9febfa000 	C:\WINDOWS\SYSTEM32\VERSION.dll
0x00007ffa060b0000 - 0x00007ffa0611f000 	C:\WINDOWS\System32\WS2_32.dll
0x00007ff9fe8f0000 - 0x00007ff9fe91d000 	C:\WINDOWS\SYSTEM32\WINMMBASE.dll
0x00007ffa04660000 - 0x00007ffa046aa000 	C:\WINDOWS\System32\cfgmgr32.dll
0x00007ff9ffcf0000 - 0x00007ff9ffcff000 	D:\Android Studio\jre\jre\bin\verify.dll
0x00007ff9ff6b0000 - 0x00007ff9ff6d9000 	D:\Android Studio\jre\jre\bin\java.dll
0x00007ff9ff820000 - 0x00007ff9ff836000 	D:\Android Studio\jre\jre\bin\zip.dll
0x00007ffa06980000 - 0x00007ffa07066000 	C:\WINDOWS\System32\SHELL32.dll
0x00007ffa056b0000 - 0x00007ffa05759000 	C:\WINDOWS\System32\shcore.dll
0x00007ffa046b0000 - 0x00007ffa04e30000 	C:\WINDOWS\System32\windows.storage.dll
0x00007ffa043c0000 - 0x00007ffa043e9000 	C:\WINDOWS\System32\Wldp.dll
0x00007ffa04ec0000 - 0x00007ffa05009000 	C:\WINDOWS\System32\CRYPT32.dll
0x00007ffa043f0000 - 0x00007ffa04402000 	C:\WINDOWS\System32\MSASN1.dll
0x00007ffa04e60000 - 0x00007ffa04ebc000 	C:\WINDOWS\System32\WINTRUST.dll
0x00007ffa04340000 - 0x00007ffa04363000 	C:\WINDOWS\System32\profapi.dll
0x00007ffa04370000 - 0x00007ffa043ba000 	C:\WINDOWS\System32\powrprof.dll
0x00007ffa04310000 - 0x00007ffa04320000 	C:\WINDOWS\System32\UMPDC.dll
0x00007ffa070a0000 - 0x00007ffa070f2000 	C:\WINDOWS\System32\shlwapi.dll
0x00007ffa04320000 - 0x00007ffa04331000 	C:\WINDOWS\System32\kernel.appcore.dll
0x00007ffa05510000 - 0x00007ffa05527000 	C:\WINDOWS\System32\cryptsp.dll
0x00007ff9ff690000 - 0x00007ff9ff6aa000 	D:\Android Studio\jre\jre\bin\net.dll
0x00007ff9f24f0000 - 0x00007ff9f26c5000 	C:\WINDOWS\SYSTEM32\urlmon.dll
0x00007ff9f0540000 - 0x00007ff9f07e6000 	C:\WINDOWS\SYSTEM32\iertutil.dll
0x00007ffa03d80000 - 0x00007ffa03d8c000 	C:\WINDOWS\SYSTEM32\CRYPTBASE.DLL
0x00007ffa03bb0000 - 0x00007ffa03c17000 	C:\WINDOWS\system32\mswsock.dll
0x00007ff9feba0000 - 0x00007ff9febb3000 	D:\Android Studio\jre\jre\bin\nio.dll
0x00007ff9efa60000 - 0x00007ff9efa86000 	C:\Users\Kailas Mantri\.gradle\native\30\windows-amd64\native-platform.dll
0x00007ff9ffce0000 - 0x00007ff9ffced000 	D:\Android Studio\jre\jre\bin\management.dll
0x00007ffa03720000 - 0x00007ffa03753000 	C:\WINDOWS\system32\rsaenh.dll
0x00007ffa054e0000 - 0x00007ffa05506000 	C:\WINDOWS\System32\bcrypt.dll
0x00007ffa04230000 - 0x00007ffa04255000 	C:\WINDOWS\SYSTEM32\USERENV.dll
0x00007ffa038c0000 - 0x00007ffa038fa000 	C:\WINDOWS\SYSTEM32\IPHLPAPI.DLL
0x00007ffa06360000 - 0x00007ffa06368000 	C:\WINDOWS\System32\NSI.dll
0x00007ff9fcc00000 - 0x00007ff9fcc16000 	C:\WINDOWS\SYSTEM32\dhcpcsvc6.DLL
0x00007ff9fe480000 - 0x00007ff9fe49c000 	C:\WINDOWS\SYSTEM32\dhcpcsvc.DLL
0x00007ffa03900000 - 0x00007ffa039ca000 	C:\WINDOWS\SYSTEM32\DNSAPI.dll

VM Arguments:
jvm_args: -Xmx1536m -Dfile.encoding=windows-1252 -Duser.country=IN -Duser.language=en -Duser.variant 
java_command: org.gradle.launcher.daemon.bootstrap.GradleDaemon 5.6.4
java_class_path (initial): C:\Users\Kailas Mantri\.gradle\wrapper\dists\gradle-5.6.4-all\ankdp27end7byghfw1q2sw75f\gradle-5.6.4\lib\gradle-launcher-5.6.4.jar
Launcher Type: SUN_STANDARD

Environment Variables:
PATH=C:\windows\system32;C:\windows;C:\windows\System32\Wbem;C:\windows\System32\WindowsPowerShell\v1.0\;C:\windows\System32\OpenSSH\;C:\Program Files (x86)\NVIDIA Corporation\PhysX\Common;C:\Program Files\NVIDIA Corporation\NVIDIA NvDLISR;%SystemRoot%\system32;%SystemRoot%;%SystemRoot%\System32\Wbem;%SYSTEMROOT%\System32\WindowsPowerShell\v1.0\;%SYSTEMROOT%\System32\OpenSSH\;C:\Users\Kailas Mantri\AppData\Local\Microsoft\WindowsApps;
USERNAME=Kailas Mantri
OS=Windows_NT
PROCESSOR_IDENTIFIER=Intel64 Family 6 Model 142 Stepping 12, GenuineIntel



---------------  S Y S T E M  ---------------

OS: Windows 10.0 , 64 bit Build 18362 (10.0.18362.329)

CPU:total 8 (initial active 8) (4 cores per cpu, 2 threads per core) family 6 model 142 stepping 12, cmov, cx8, fxsr, mmx, sse, sse2, sse3, ssse3, sse4.1, sse4.2, popcnt, avx, avx2, aes, clmul, erms, 3dnowpref, lzcnt, ht, tsc, tscinvbit, bmi1, bmi2, adx

Memory: 4k page, physical 8272180k(505664k free), swap 23803440k(5660k free)

vm_info: OpenJDK 64-Bit Server VM (25.212-b04) for windows-amd64 JRE (1.8.0_212-release-1586-b04), built by "builder" with MS VC++ 10.0 (VS2010)

time: Wed Mar 04 15:38:14 2020
timezone: India Standard Time
elapsed time: 4 seconds (0d 0h 0m 4s)

