#
# There is insufficient memory for the Java Runtime Environment to continue.
# Native memory allocation (malloc) failed to allocate 920496 bytes for Chunk::new
# Possible reasons:
#   The system is out of physical RAM or swap space
#   The process is running with CompressedOops enabled, and the Java Heap may be blocking the growth of the native heap
# Possible solutions:
#   Reduce memory load on the system
#   Increase physical memory or swap space
#   Check if swap backing store is full
#   Decrease Java heap size (-Xmx/-Xms)
#   Decrease number of Java threads
#   Decrease Java thread stack sizes (-Xss)
#   Set larger code cache with -XX:ReservedCodeCacheSize=
#   JVM is running with Unscaled Compressed Oops mode in which the Java heap is
#     placed in the first 4GB address space. The Java Heap base address is the
#     maximum limit for the native heap growth. Please use -XX:HeapBaseMinAddress
#     to set the Java Heap base and to place the Java Heap above 4GB virtual address.
# This output file may be truncated or incomplete.
#
#  Out of Memory Error (allocation.cpp:389), pid=980, tid=0x00000000000004b4
#
# JRE version: OpenJDK Runtime Environment (8.0_212-b04) (build 1.8.0_212-release-1586-b04)
# Java VM: OpenJDK 64-Bit Server VM (25.212-b04 mixed mode windows-amd64 compressed oops)
# Failed to write core dump. Minidumps are not enabled by default on client versions of Windows
#

---------------  T H R E A D  ---------------

Current thread (0x0000000018873000):  JavaThread "C2 CompilerThread1" daemon [_thread_in_native, id=1204, stack(0x0000000019240000,0x0000000019340000)]

Stack: [0x0000000019240000,0x0000000019340000]
[error occurred during error reporting (printing stack bounds), id 0xc0000005]

Native frames: (J=compiled Java code, j=interpreted, Vv=VM code, C=native code)


Current CompileTask:
C2:   8882 4290       4       groovy.lang.MetaClassImpl::addMetaMethodToIndex (65 bytes)


---------------  P R O C E S S  ---------------

Java Threads: ( => current thread )
  0x0000000019dba800 JavaThread "Cache worker for Build Output Cleanup Cache (D:\AndroidStudioProjects\ScrimaTask\.gradle\buildOutputCleanup)" [_thread_blocked, id=7980, stack(0x0000000023890000,0x0000000023990000)]
  0x0000000019db7800 JavaThread "Build operations Thread 8" [_thread_blocked, id=13920, stack(0x0000000023390000,0x0000000023490000)]
  0x0000000019db0000 JavaThread "Build operations Thread 7" [_thread_blocked, id=14116, stack(0x0000000022070000,0x0000000022170000)]
  0x0000000019db7000 JavaThread "Build operations Thread 6" [_thread_blocked, id=12524, stack(0x0000000021f70000,0x0000000022070000)]
  0x0000000019db6000 JavaThread "Build operations Thread 5" [_thread_blocked, id=5020, stack(0x0000000021e70000,0x0000000021f70000)]
  0x0000000019db2800 JavaThread "Build operations Thread 4" [_thread_blocked, id=5704, stack(0x0000000021d70000,0x0000000021e70000)]
  0x0000000019db3000 JavaThread "Build operations Thread 3" [_thread_blocked, id=664, stack(0x0000000021c70000,0x0000000021d70000)]
  0x0000000019db5800 JavaThread "Build operations Thread 2" [_thread_blocked, id=13900, stack(0x0000000021b70000,0x0000000021c70000)]
  0x0000000019db1000 JavaThread "Build operations" [_thread_blocked, id=10436, stack(0x0000000021a70000,0x0000000021b70000)]
  0x0000000019db4800 JavaThread "Cache worker for execution history cache (C:\Users\Kailas Mantri\.gradle\caches\5.6.4\executionHistory)" [_thread_blocked, id=4504, stack(0x0000000021970000,0x0000000021a70000)]
  0x000000001a40a800 JavaThread "Cache worker for cache directory md-rule (C:\Users\Kailas Mantri\.gradle\caches\5.6.4\md-rule)" [_thread_blocked, id=5684, stack(0x0000000021870000,0x0000000021970000)]
  0x000000001a40a000 JavaThread "Cache worker for cache directory md-supplier (C:\Users\Kailas Mantri\.gradle\caches\5.6.4\md-supplier)" [_thread_blocked, id=780, stack(0x000000001fcc0000,0x000000001fdc0000)]
  0x000000001a40d000 JavaThread "Cache worker for file hash cache (D:\AndroidStudioProjects\ScrimaTask\.gradle\5.6.4\fileHashes)" [_thread_blocked, id=12268, stack(0x000000001f9c0000,0x000000001fac0000)]
  0x000000001a40c000 JavaThread "Cache worker for journal cache (C:\Users\Kailas Mantri\.gradle\caches\journal-1)" [_thread_blocked, id=12592, stack(0x000000001d660000,0x000000001d760000)]
  0x000000001a410800 JavaThread "File lock request listener" [_thread_in_native, id=3292, stack(0x000000001d560000,0x000000001d660000)]
  0x000000001a40b800 JavaThread "Cache worker for file hash cache (C:\Users\Kailas Mantri\.gradle\caches\5.6.4\fileHashes)" [_thread_blocked, id=10752, stack(0x000000001d260000,0x000000001d360000)]
  0x000000001b23a000 JavaThread "Thread-9" [_thread_blocked, id=4700, stack(0x000000001d160000,0x000000001d260000)]
  0x000000001b25c800 JavaThread "Stdin handler" [_thread_blocked, id=4668, stack(0x000000001d060000,0x000000001d160000)]
  0x000000001b239000 JavaThread "Asynchronous log dispatcher for DefaultDaemonConnection: socket connection from /127.0.0.1:49783 to /127.0.0.1:49784" [_thread_blocked, id=13752, stack(0x000000001ce60000,0x000000001cf60000)]
  0x000000001b21d800 JavaThread "Daemon worker" [_thread_in_native, id=3620, stack(0x000000001cd60000,0x000000001ce60000)]
  0x000000001b21c000 JavaThread "Cancel handler" [_thread_blocked, id=3860, stack(0x000000001cc60000,0x000000001cd60000)]
  0x000000001b095000 JavaThread "Handler for socket connection from /127.0.0.1:49783 to /127.0.0.1:49784" [_thread_in_native, id=3100, stack(0x000000001c960000,0x000000001ca60000)]
  0x000000001b092800 JavaThread "Daemon" [_thread_blocked, id=13716, stack(0x000000001c860000,0x000000001c960000)]
  0x000000001aee1800 JavaThread "Daemon periodic checks" [_thread_blocked, id=2028, stack(0x000000001c760000,0x000000001c860000)]
  0x000000001afa4800 JavaThread "Incoming local TCP Connector on port 49783" [_thread_in_native, id=2564, stack(0x000000001c520000,0x000000001c620000)]
  0x000000001af26800 JavaThread "Daemon health stats" [_thread_blocked, id=1800, stack(0x000000001bee0000,0x000000001bfe0000)]
  0x00000000188ff000 JavaThread "Service Thread" daemon [_thread_blocked, id=10696, stack(0x0000000019540000,0x0000000019640000)]
  0x0000000018879000 JavaThread "C1 CompilerThread3" daemon [_thread_in_native, id=12384, stack(0x0000000019440000,0x0000000019540000)]
  0x0000000018875000 JavaThread "C2 CompilerThread2" daemon [_thread_in_native, id=8452, stack(0x0000000019340000,0x0000000019440000)]
=>0x0000000018873000 JavaThread "C2 CompilerThread1" daemon [_thread_in_native, id=1204, stack(0x0000000019240000,0x0000000019340000)]
  0x0000000018870000 JavaThread "C2 CompilerThread0" daemon [_thread_in_native, id=7528, stack(0x0000000019140000,0x0000000019240000)]
  0x000000001886a800 JavaThread "Attach Listener" daemon [_thread_blocked, id=1120, stack(0x0000000019040000,0x0000000019140000)]
  0x0000000018867800 JavaThread "Signal Dispatcher" daemon [_thread_blocked, id=11072, stack(0x0000000018f40000,0x0000000019040000)]
  0x0000000002cad800 JavaThread "Finalizer" daemon [_thread_blocked, id=13584, stack(0x0000000018d40000,0x0000000018e40000)]
  0x0000000002ca5800 JavaThread "Reference Handler" daemon [_thread_blocked, id=10612, stack(0x0000000018c40000,0x0000000018d40000)]
  0x0000000002bad800 JavaThread "main" [_thread_blocked, id=2956, stack(0x00000000029d0000,0x0000000002ad0000)]

Other Threads:
  0x0000000016a68000 VMThread [stack: 0x0000000018740000,0x0000000018840000] [id=3596]
  0x0000000018900000 WatcherThread [stack: 0x0000000019640000,0x0000000019740000] [id=8496]

VM state:not at safepoint (normal execution)

VM Mutex/Monitor currently owned by a thread: None

heap address: 0x00000000a0000000, size: 1536 MB, Compressed Oops mode: 32-bit
Narrow klass base: 0x0000000000000000, Narrow klass shift: 3
Compressed class space size: 1073741824 Address: 0x0000000100000000

Heap:
 PSYoungGen      total 137728K, used 50439K [0x00000000e0000000, 0x00000000e9a00000, 0x0000000100000000)
  eden space 124928K, 30% used [0x00000000e0000000,0x00000000e24c3448,0x00000000e7a00000)
  from space 12800K, 99% used [0x00000000e8d80000,0x00000000e99feb78,0x00000000e9a00000)
  to   space 14336K, 0% used [0x00000000e7e00000,0x00000000e7e00000,0x00000000e8c00000)
 ParOldGen       total 97280K, used 18351K [0x00000000a0000000, 0x00000000a5f00000, 0x00000000e0000000)
  object space 97280K, 18% used [0x00000000a0000000,0x00000000a11ebca0,0x00000000a5f00000)
 Metaspace       used 47504K, capacity 48640K, committed 48896K, reserved 1091584K
  class space    used 6347K, capacity 6638K, committed 6656K, reserved 1048576K

Card table byte_map: [0x0000000012070000,0x0000000012380000] byte_map_base: 0x0000000011b70000

Marking Bits: (ParMarkBitMap*) 0x000000005a829f30
 Begin Bits: [0x0000000012d80000, 0x0000000014580000)
 End Bits:   [0x0000000014580000, 0x0000000015d80000)

Polling page: 0x00000000009f0000

CodeCache: size=245760Kb used=13495Kb max_used=13496Kb free=232264Kb
 bounds [0x0000000002cb0000, 0x00000000039f0000, 0x0000000011cb0000]
 total_blobs=4688 nmethods=3922 adapters=679
 compilation: enabled

Compilation events (10 events):
Event: 8.855 Thread 0x0000000018870000 nmethod 4305 0x00000000039e79d0 code [0x00000000039e7ca0, 0x00000000039e8d08]
Event: 8.863 Thread 0x0000000018879000 4323       3       org.codehaus.groovy.util.FastArray::set (8 bytes)
Event: 8.863 Thread 0x0000000018870000 4324       4       groovy.lang.MetaMethod::getMopName (105 bytes)
Event: 8.863 Thread 0x0000000018879000 nmethod 4323 0x00000000039e7490 code [0x00000000039e7600, 0x00000000039e78b0]
Event: 8.874 Thread 0x0000000018879000 4326       3       java.util.LinkedList::addFirst (6 bytes)
Event: 8.874 Thread 0x0000000018879000 nmethod 4326 0x00000000039e7110 code [0x00000000039e7280, 0x00000000039e7408]
Event: 8.874 Thread 0x0000000018879000 4327       3       java.util.LinkedList::linkFirst (59 bytes)
Event: 8.874 Thread 0x0000000018879000 nmethod 4327 0x00000000039e6b10 code [0x00000000039e6c80, 0x00000000039e6fd0]
Event: 8.878 Thread 0x0000000018879000 4329 %     3       groovy.lang.MetaClassImpl::inheritInterfaceNewMetaMethods @ 104 (199 bytes)
Event: 8.880 Thread 0x0000000018879000 nmethod 4329% 0x00000000039e4050 code [0x00000000039e4360, 0x00000000039e5d48]

GC Heap History (10 events):
Event: 5.283 GC heap before
{Heap before GC invocations=8 (full 1):
 PSYoungGen      total 75264K, used 65024K [0x00000000e0000000, 0x00000000e5800000, 0x0000000100000000)
  eden space 65024K, 100% used [0x00000000e0000000,0x00000000e3f80000,0x00000000e3f80000)
  from space 10240K, 0% used [0x00000000e4b00000,0x00000000e4b00000,0x00000000e5500000)
  to   space 11776K, 0% used [0x00000000e3f80000,0x00000000e3f80000,0x00000000e4b00000)
 ParOldGen       total 62464K, used 9677K [0x00000000a0000000, 0x00000000a3d00000, 0x00000000e0000000)
  object space 62464K, 15% used [0x00000000a0000000,0x00000000a0973548,0x00000000a3d00000)
 Metaspace       used 29025K, capacity 29488K, committed 29696K, reserved 1075200K
  class space    used 3906K, capacity 4063K, committed 4096K, reserved 1048576K
Event: 5.293 GC heap after
Heap after GC invocations=8 (full 1):
 PSYoungGen      total 76800K, used 7945K [0x00000000e0000000, 0x00000000e7800000, 0x0000000100000000)
  eden space 65024K, 0% used [0x00000000e0000000,0x00000000e0000000,0x00000000e3f80000)
  from space 11776K, 67% used [0x00000000e3f80000,0x00000000e4742728,0x00000000e4b00000)
  to   space 11776K, 0% used [0x00000000e6c80000,0x00000000e6c80000,0x00000000e7800000)
 ParOldGen       total 62464K, used 9685K [0x00000000a0000000, 0x00000000a3d00000, 0x00000000e0000000)
  object space 62464K, 15% used [0x00000000a0000000,0x00000000a0975548,0x00000000a3d00000)
 Metaspace       used 29025K, capacity 29488K, committed 29696K, reserved 1075200K
  class space    used 3906K, capacity 4063K, committed 4096K, reserved 1048576K
}
Event: 5.804 GC heap before
{Heap before GC invocations=9 (full 1):
 PSYoungGen      total 76800K, used 72969K [0x00000000e0000000, 0x00000000e7800000, 0x0000000100000000)
  eden space 65024K, 100% used [0x00000000e0000000,0x00000000e3f80000,0x00000000e3f80000)
  from space 11776K, 67% used [0x00000000e3f80000,0x00000000e4742728,0x00000000e4b00000)
  to   space 11776K, 0% used [0x00000000e6c80000,0x00000000e6c80000,0x00000000e7800000)
 ParOldGen       total 62464K, used 9685K [0x00000000a0000000, 0x00000000a3d00000, 0x00000000e0000000)
  object space 62464K, 15% used [0x00000000a0000000,0x00000000a0975548,0x00000000a3d00000)
 Metaspace       used 31862K, capacity 32404K, committed 32768K, reserved 1077248K
  class space    used 4368K, capacity 4587K, committed 4608K, reserved 1048576K
Event: 5.812 GC heap after
Heap after GC invocations=9 (full 1):
 PSYoungGen      total 111104K, used 8190K [0x00000000e0000000, 0x00000000e7900000, 0x0000000100000000)
  eden space 99328K, 0% used [0x00000000e0000000,0x00000000e0000000,0x00000000e6100000)
  from space 11776K, 69% used [0x00000000e6c80000,0x00000000e747fbc0,0x00000000e7800000)
  to   space 11776K, 0% used [0x00000000e6100000,0x00000000e6100000,0x00000000e6c80000)
 ParOldGen       total 62464K, used 9693K [0x00000000a0000000, 0x00000000a3d00000, 0x00000000e0000000)
  object space 62464K, 15% used [0x00000000a0000000,0x00000000a0977548,0x00000000a3d00000)
 Metaspace       used 31862K, capacity 32404K, committed 32768K, reserved 1077248K
  class space    used 4368K, capacity 4587K, committed 4608K, reserved 1048576K
}
Event: 6.751 GC heap before
{Heap before GC invocations=10 (full 1):
 PSYoungGen      total 111104K, used 75799K [0x00000000e0000000, 0x00000000e7900000, 0x0000000100000000)
  eden space 99328K, 68% used [0x00000000e0000000,0x00000000e42062b8,0x00000000e6100000)
  from space 11776K, 69% used [0x00000000e6c80000,0x00000000e747fbc0,0x00000000e7800000)
  to   space 11776K, 0% used [0x00000000e6100000,0x00000000e6100000,0x00000000e6c80000)
 ParOldGen       total 62464K, used 9693K [0x00000000a0000000, 0x00000000a3d00000, 0x00000000e0000000)
  object space 62464K, 15% used [0x00000000a0000000,0x00000000a0977548,0x00000000a3d00000)
 Metaspace       used 34510K, capacity 35376K, committed 35456K, reserved 1079296K
  class space    used 4746K, capacity 4971K, committed 4992K, reserved 1048576K
Event: 6.762 GC heap after
Heap after GC invocations=10 (full 1):
 PSYoungGen      total 111104K, used 10579K [0x00000000e0000000, 0x00000000e9a00000, 0x0000000100000000)
  eden space 99328K, 0% used [0x00000000e0000000,0x00000000e0000000,0x00000000e6100000)
  from space 11776K, 89% used [0x00000000e6100000,0x00000000e6b54f48,0x00000000e6c80000)
  to   space 12800K, 0% used [0x00000000e8d80000,0x00000000e8d80000,0x00000000e9a00000)
 ParOldGen       total 62464K, used 9701K [0x00000000a0000000, 0x00000000a3d00000, 0x00000000e0000000)
  object space 62464K, 15% used [0x00000000a0000000,0x00000000a0979548,0x00000000a3d00000)
 Metaspace       used 34510K, capacity 35376K, committed 35456K, reserved 1079296K
  class space    used 4746K, capacity 4971K, committed 4992K, reserved 1048576K
}
Event: 6.762 GC heap before
{Heap before GC invocations=11 (full 2):
 PSYoungGen      total 111104K, used 10579K [0x00000000e0000000, 0x00000000e9a00000, 0x0000000100000000)
  eden space 99328K, 0% used [0x00000000e0000000,0x00000000e0000000,0x00000000e6100000)
  from space 11776K, 89% used [0x00000000e6100000,0x00000000e6b54f48,0x00000000e6c80000)
  to   space 12800K, 0% used [0x00000000e8d80000,0x00000000e8d80000,0x00000000e9a00000)
 ParOldGen       total 62464K, used 9701K [0x00000000a0000000, 0x00000000a3d00000, 0x00000000e0000000)
  object space 62464K, 15% used [0x00000000a0000000,0x00000000a0979548,0x00000000a3d00000)
 Metaspace       used 34510K, capacity 35376K, committed 35456K, reserved 1079296K
  class space    used 4746K, capacity 4971K, committed 4992K, reserved 1048576K
Event: 6.812 GC heap after
Heap after GC invocations=11 (full 2):
 PSYoungGen      total 111104K, used 0K [0x00000000e0000000, 0x00000000e9a00000, 0x0000000100000000)
  eden space 99328K, 0% used [0x00000000e0000000,0x00000000e0000000,0x00000000e6100000)
  from space 11776K, 0% used [0x00000000e6100000,0x00000000e6100000,0x00000000e6c80000)
  to   space 12800K, 0% used [0x00000000e8d80000,0x00000000e8d80000,0x00000000e9a00000)
 ParOldGen       total 97280K, used 17470K [0x00000000a0000000, 0x00000000a5f00000, 0x00000000e0000000)
  object space 97280K, 17% used [0x00000000a0000000,0x00000000a110fb58,0x00000000a5f00000)
 Metaspace       used 34478K, capacity 35268K, committed 35456K, reserved 1079296K
  class space    used 4736K, capacity 4953K, committed 4992K, reserved 1048576K
}
Event: 8.247 GC heap before
{Heap before GC invocations=12 (full 2):
 PSYoungGen      total 111104K, used 98551K [0x00000000e0000000, 0x00000000e9a00000, 0x0000000100000000)
  eden space 99328K, 99% used [0x00000000e0000000,0x00000000e603dd20,0x00000000e6100000)
  from space 11776K, 0% used [0x00000000e6100000,0x00000000e6100000,0x00000000e6c80000)
  to   space 12800K, 0% used [0x00000000e8d80000,0x00000000e8d80000,0x00000000e9a00000)
 ParOldGen       total 97280K, used 17470K [0x00000000a0000000, 0x00000000a5f00000, 0x00000000e0000000)
  object space 97280K, 17% used [0x00000000a0000000,0x00000000a110fb58,0x00000000a5f00000)
 Metaspace       used 44471K, capacity 45490K, committed 45824K, reserved 1089536K
  class space    used 5997K, capacity 6281K, committed 6400K, reserved 1048576K
Event: 8.258 GC heap after
Heap after GC invocations=12 (full 2):
 PSYoungGen      total 137728K, used 12794K [0x00000000e0000000, 0x00000000e9a00000, 0x0000000100000000)
  eden space 124928K, 0% used [0x00000000e0000000,0x00000000e0000000,0x00000000e7a00000)
  from space 12800K, 99% used [0x00000000e8d80000,0x00000000e99feb78,0x00000000e9a00000)
  to   space 14336K, 0% used [0x00000000e7e00000,0x00000000e7e00000,0x00000000e8c00000)
 ParOldGen       total 97280K, used 18351K [0x00000000a0000000, 0x00000000a5f00000, 0x00000000e0000000)
  object space 97280K, 18% used [0x00000000a0000000,0x00000000a11ebca0,0x00000000a5f00000)
 Metaspace       used 44471K, capacity 45490K, committed 45824K, reserved 1089536K
  class space    used 5997K, capacity 6281K, committed 6400K, reserved 1048576K
}

Deoptimization events (10 events):
Event: 8.091 Thread 0x000000001b21d800 Uncommon trap: reason=unstable_if action=reinterpret pc=0x0000000003372a70 method=org.objectweb.asm.ByteVector.putUTF8(Ljava/lang/String;)Lorg/objectweb/asm/ByteVector; @ 93
Event: 8.378 Thread 0x000000001b21d800 Uncommon trap: reason=unstable_if action=reinterpret pc=0x0000000003545bd4 method=org.gradle.internal.reflect.PropertyAccessorType.of(Ljava/lang/reflect/Method;)Lorg/gradle/internal/reflect/PropertyAccessorType; @ 56
Event: 8.759 Thread 0x000000001b21d800 Uncommon trap: reason=speculate_class_check action=maybe_recompile pc=0x0000000003766de8 method=com.google.common.collect.AbstractIndexedListIterator.next()Ljava/lang/Object; @ 27
Event: 8.759 Thread 0x000000001b21d800 Uncommon trap: reason=speculate_class_check action=maybe_recompile pc=0x0000000003766de8 method=com.google.common.collect.AbstractIndexedListIterator.next()Ljava/lang/Object; @ 27
Event: 8.759 Thread 0x000000001b21d800 Uncommon trap: reason=speculate_class_check action=maybe_recompile pc=0x0000000003766de8 method=com.google.common.collect.AbstractIndexedListIterator.next()Ljava/lang/Object; @ 27
Event: 8.759 Thread 0x000000001b21d800 Uncommon trap: reason=speculate_class_check action=maybe_recompile pc=0x0000000003766de8 method=com.google.common.collect.AbstractIndexedListIterator.next()Ljava/lang/Object; @ 27
Event: 8.779 Thread 0x000000001b21d800 Uncommon trap: reason=unstable_if action=reinterpret pc=0x0000000003925370 method=org.gradle.internal.instantiation.AbstractClassGenerator$InjectionAnnotationValidator.validateMethod(Ljava/lang/reflect/Method;Lorg/gradle/internal/reflect/PropertyAccessorT
Event: 8.779 Thread 0x000000001b21d800 Uncommon trap: reason=unstable_if action=reinterpret pc=0x00000000032fba04 method=org.gradle.internal.instantiation.AbstractClassGenerator$InjectionAnnotationValidator.validateMethod(Ljava/lang/reflect/Method;Lorg/gradle/internal/reflect/PropertyAccessorT
Event: 8.821 Thread 0x000000001b21d800 Uncommon trap: reason=unstable_if action=reinterpret pc=0x00000000038bef14 method=groovy.lang.MetaClassImpl$1MOPIter.methodNameAction(Ljava/lang/Class;Lorg/codehaus/groovy/runtime/metaclass/MetaMethodIndex$Entry;)V @ 182
Event: 8.832 Thread 0x000000001b21d800 Uncommon trap: reason=bimorphic action=maybe_recompile pc=0x000000000351673c method=java.util.WeakHashMap.eq(Ljava/lang/Object;Ljava/lang/Object;)Z @ 7

Classes redefined (0 events):
No events

Internal exceptions (10 events):
Event: 8.863 Thread 0x000000001b21d800 Exception <a 'java/lang/ClassNotFoundException': com/android/build/gradle/internal/dsl/BaseAppModuleExtension_DecoratedBeanInfo> (0x00000000e20b20e0) thrown at [D:\src\AOSP-openjdk-cygwin\jdk8u\hotspot\src\share\vm\classfile\systemDictionary.cpp, line 210
Event: 8.864 Thread 0x000000001b21d800 Exception <a 'java/lang/ClassNotFoundException': com/android/build/gradle/internal/dsl/BaseAppModuleExtensionBeanInfo> (0x00000000e20cea48) thrown at [D:\src\AOSP-openjdk-cygwin\jdk8u\hotspot\src\share\vm\classfile\systemDictionary.cpp, line 210]
Event: 8.864 Thread 0x000000001b21d800 Exception <a 'java/lang/ClassNotFoundException': com/android/build/gradle/AppExtensionBeanInfo> (0x00000000e20e5328) thrown at [D:\src\AOSP-openjdk-cygwin\jdk8u\hotspot\src\share\vm\classfile\systemDictionary.cpp, line 210]
Event: 8.865 Thread 0x000000001b21d800 Exception <a 'java/lang/ClassNotFoundException': com/android/build/gradle/TestedExtensionBeanInfo> (0x00000000e20fc720) thrown at [D:\src\AOSP-openjdk-cygwin\jdk8u\hotspot\src\share\vm\classfile\systemDictionary.cpp, line 210]
Event: 8.865 Thread 0x000000001b21d800 Exception <a 'java/lang/ClassNotFoundException': com/android/build/gradle/BaseExtensionBeanInfo> (0x00000000e2112f90) thrown at [D:\src\AOSP-openjdk-cygwin\jdk8u\hotspot\src\share\vm\classfile\systemDictionary.cpp, line 210]
Event: 8.866 Thread 0x000000001b21d800 Exception <a 'java/lang/ClassNotFoundException': com/android/build/gradle/BaseExtensionCustomizer> (0x00000000e212a2c8) thrown at [D:\src\AOSP-openjdk-cygwin\jdk8u\hotspot\src\share\vm\classfile\systemDictionary.cpp, line 210]
Event: 8.868 Thread 0x000000001b21d800 Exception <a 'java/lang/ClassNotFoundException': com/android/build/gradle/TestedExtensionCustomizer> (0x00000000e21bf170) thrown at [D:\src\AOSP-openjdk-cygwin\jdk8u\hotspot\src\share\vm\classfile\systemDictionary.cpp, line 210]
Event: 8.869 Thread 0x000000001b21d800 Exception <a 'java/lang/ClassNotFoundException': com/android/build/gradle/AppExtensionCustomizer> (0x00000000e21f23c8) thrown at [D:\src\AOSP-openjdk-cygwin\jdk8u\hotspot\src\share\vm\classfile\systemDictionary.cpp, line 210]
Event: 8.871 Thread 0x000000001b21d800 Exception <a 'java/lang/ClassNotFoundException': com/android/build/gradle/internal/dsl/BaseAppModuleExtensionCustomizer> (0x00000000e2227798) thrown at [D:\src\AOSP-openjdk-cygwin\jdk8u\hotspot\src\share\vm\classfile\systemDictionary.cpp, line 210]
Event: 8.872 Thread 0x000000001b21d800 Exception <a 'java/lang/ClassNotFoundException': com/android/build/gradle/internal/dsl/BaseAppModuleExtension_DecoratedCustomizer> (0x00000000e2264e78) thrown at [D:\src\AOSP-openjdk-cygwin\jdk8u\hotspot\src\share\vm\classfile\systemDictionary.cpp, line 2

Events (10 events):
Event: 8.872 loading class com/android/build/gradle/internal/dsl/BaseAppModuleExtension_DecoratedCustomizer
Event: 8.872 loading class com/android/build/gradle/internal/dsl/BaseAppModuleExtension_DecoratedCustomizer done
Event: 8.875 loading class com/google/gms/googleservices/GoogleServicesPlugin$_setupPlugin_closure5
Event: 8.875 loading class com/google/gms/googleservices/GoogleServicesPlugin$_setupPlugin_closure5 done
Event: 8.875 loading class groovy/runtime/metaclass/com/google/gms/googleservices/GoogleServicesPlugin$_setupPlugin_closure5MetaClass
Event: 8.875 loading class groovy/runtime/metaclass/com/google/gms/googleservices/GoogleServicesPlugin$_setupPlugin_closure5MetaClass done
Event: 8.876 loading class org/codehaus/groovy/runtime/metaclass/ClosureMetaClass$2
Event: 8.876 loading class org/codehaus/groovy/runtime/metaclass/ClosureMetaClass$2 done
Event: 8.877 loading class groovy/runtime/metaclass/org/gradle/api/internal/DefaultDomainObjectSetMetaClass
Event: 8.877 loading class groovy/runtime/metaclass/org/gradle/api/internal/DefaultDomainObjectSetMetaClass done


Dynamic libraries:
0x00007ff718710000 - 0x00007ff718741000 	D:\Android Studio\jre\bin\java.exe
0x00007ffb4ad00000 - 0x00007ffb4aef0000 	C:\WINDOWS\SYSTEM32\ntdll.dll
0x00007ffb49da0000 - 0x00007ffb49e52000 	C:\WINDOWS\System32\KERNEL32.DLL
0x00007ffb48510000 - 0x00007ffb487b3000 	C:\WINDOWS\System32\KERNELBASE.dll
0x00007ffb4a710000 - 0x00007ffb4a7b3000 	C:\WINDOWS\System32\ADVAPI32.dll
0x00007ffb49cd0000 - 0x00007ffb49d6e000 	C:\WINDOWS\System32\msvcrt.dll
0x00007ffb49370000 - 0x00007ffb49407000 	C:\WINDOWS\System32\sechost.dll
0x00007ffb49250000 - 0x00007ffb49370000 	C:\WINDOWS\System32\RPCRT4.dll
0x00007ffb4aa10000 - 0x00007ffb4aba4000 	C:\WINDOWS\System32\USER32.dll
0x00007ffb484e0000 - 0x00007ffb48501000 	C:\WINDOWS\System32\win32u.dll
0x00007ffb49d70000 - 0x00007ffb49d96000 	C:\WINDOWS\System32\GDI32.dll
0x00007ffb488f0000 - 0x00007ffb48a84000 	C:\WINDOWS\System32\gdi32full.dll
0x00007ffb48a90000 - 0x00007ffb48b2e000 	C:\WINDOWS\System32\msvcp_win.dll
0x00007ffb487c0000 - 0x00007ffb488ba000 	C:\WINDOWS\System32\ucrtbase.dll
0x00007ffb31470000 - 0x00007ffb316f5000 	C:\WINDOWS\WinSxS\amd64_microsoft.windows.common-controls_6595b64144ccf1df_6.0.18362.693_none_e6c1b3c11311d480\COMCTL32.dll
0x00007ffb496d0000 - 0x00007ffb49a06000 	C:\WINDOWS\System32\combase.dll
0x00007ffb48b30000 - 0x00007ffb48bb0000 	C:\WINDOWS\System32\bcryptPrimitives.dll
0x00007ffb49220000 - 0x00007ffb4924e000 	C:\WINDOWS\System32\IMM32.DLL
0x000000005b240000 - 0x000000005b312000 	D:\Android Studio\jre\jre\bin\msvcr100.dll
0x000000005a060000 - 0x000000005a8a6000 	D:\Android Studio\jre\jre\bin\server\jvm.dll
0x00007ffb49650000 - 0x00007ffb49658000 	C:\WINDOWS\System32\PSAPI.DLL
0x00007ffb42ce0000 - 0x00007ffb42cea000 	C:\WINDOWS\SYSTEM32\VERSION.dll
0x00007ffb422f0000 - 0x00007ffb42314000 	C:\WINDOWS\SYSTEM32\WINMM.dll
0x00007ffb421c0000 - 0x00007ffb421ed000 	C:\WINDOWS\SYSTEM32\winmmbase.dll
0x00007ffb48bb0000 - 0x00007ffb48bfa000 	C:\WINDOWS\System32\cfgmgr32.dll
0x00007ffb417e0000 - 0x00007ffb417e9000 	C:\WINDOWS\SYSTEM32\WSOCK32.dll
0x00007ffb49a10000 - 0x00007ffb49a7f000 	C:\WINDOWS\System32\WS2_32.dll
0x00007ffb343f0000 - 0x00007ffb343ff000 	D:\Android Studio\jre\jre\bin\verify.dll
0x00007ffb31dc0000 - 0x00007ffb31de9000 	D:\Android Studio\jre\jre\bin\java.dll
0x00007ffb2f7e0000 - 0x00007ffb2f7f6000 	D:\Android Studio\jre\jre\bin\zip.dll
0x00007ffb49fa0000 - 0x00007ffb4a686000 	C:\WINDOWS\System32\SHELL32.dll
0x00007ffb4abb0000 - 0x00007ffb4ac59000 	C:\WINDOWS\System32\shcore.dll
0x00007ffb47d60000 - 0x00007ffb484e0000 	C:\WINDOWS\System32\windows.storage.dll
0x00007ffb47bd0000 - 0x00007ffb47bf9000 	C:\WINDOWS\System32\Wldp.dll
0x00007ffb48c00000 - 0x00007ffb48d49000 	C:\WINDOWS\System32\CRYPT32.dll
0x00007ffb47c50000 - 0x00007ffb47c62000 	C:\WINDOWS\System32\MSASN1.dll
0x00007ffb48d50000 - 0x00007ffb48dac000 	C:\WINDOWS\System32\WINTRUST.dll
0x00007ffb47ba0000 - 0x00007ffb47bc3000 	C:\WINDOWS\System32\profapi.dll
0x00007ffb47c00000 - 0x00007ffb47c4a000 	C:\WINDOWS\System32\powrprof.dll
0x00007ffb47b90000 - 0x00007ffb47ba0000 	C:\WINDOWS\System32\UMPDC.dll
0x00007ffb4ac60000 - 0x00007ffb4acb2000 	C:\WINDOWS\System32\shlwapi.dll
0x00007ffb47c70000 - 0x00007ffb47c81000 	C:\WINDOWS\System32\kernel.appcore.dll
0x00007ffb47d40000 - 0x00007ffb47d57000 	C:\WINDOWS\System32\cryptsp.dll
0x00007ffb2f7a0000 - 0x00007ffb2f7ba000 	D:\Android Studio\jre\jre\bin\net.dll
0x00007ffb30200000 - 0x00007ffb303d5000 	C:\WINDOWS\SYSTEM32\urlmon.dll
0x00007ffb33fb0000 - 0x00007ffb34256000 	C:\WINDOWS\SYSTEM32\iertutil.dll
0x00007ffb47600000 - 0x00007ffb4760c000 	C:\WINDOWS\SYSTEM32\CRYPTBASE.DLL
0x00007ffb47430000 - 0x00007ffb47497000 	C:\WINDOWS\system32\mswsock.dll
0x00007ffb2d820000 - 0x00007ffb2d833000 	D:\Android Studio\jre\jre\bin\nio.dll
0x00007ffb44790000 - 0x00007ffb447b6000 	C:\Users\Kailas Mantri\.gradle\native\30\windows-amd64\native-platform.dll
0x00007ffb343e0000 - 0x00007ffb343ed000 	D:\Android Studio\jre\jre\bin\management.dll
0x00007ffb46fa0000 - 0x00007ffb46fd3000 	C:\WINDOWS\system32\rsaenh.dll
0x00007ffb488c0000 - 0x00007ffb488e6000 	C:\WINDOWS\System32\bcrypt.dll
0x00007ffb47ab0000 - 0x00007ffb47ad5000 	C:\WINDOWS\SYSTEM32\USERENV.dll
0x00007ffb47140000 - 0x00007ffb4717a000 	C:\WINDOWS\SYSTEM32\IPHLPAPI.DLL
0x00007ffb49ae0000 - 0x00007ffb49ae8000 	C:\WINDOWS\System32\NSI.dll
0x00007ffb403b0000 - 0x00007ffb403c6000 	C:\WINDOWS\SYSTEM32\dhcpcsvc6.DLL
0x00007ffb41b60000 - 0x00007ffb41b7c000 	C:\WINDOWS\SYSTEM32\dhcpcsvc.DLL
0x00007ffb47180000 - 0x00007ffb4724a000 	C:\WINDOWS\SYSTEM32\DNSAPI.dll

VM Arguments:
jvm_args: -Xmx1536m -Dfile.encoding=windows-1252 -Duser.country=IN -Duser.language=en -Duser.variant 
java_command: org.gradle.launcher.daemon.bootstrap.GradleDaemon 5.6.4
java_class_path (initial): C:\Users\Kailas Mantri\.gradle\wrapper\dists\gradle-5.6.4-all\ankdp27end7byghfw1q2sw75f\gradle-5.6.4\lib\gradle-launcher-5.6.4.jar
Launcher Type: SUN_STANDARD

Environment Variables:
JAVA_HOME=C:\Program Files\Java\jdk-13.0.1\bin
PATH=C:\windows\system32;C:\windows;C:\windows\System32\Wbem;C:\windows\System32\WindowsPowerShell\v1.0\;C:\windows\System32\OpenSSH\;C:\Program Files (x86)\NVIDIA Corporation\PhysX\Common;C:\Program Files\NVIDIA Corporation\NVIDIA NvDLISR;%SystemRoot%\system32;%SystemRoot%;%SystemRoot%\System32\Wbem;%SYSTEMROOT%\System32\WindowsPowerShell\v1.0\;%SYSTEMROOT%\System32\OpenSSH\;C:\Users\Kailas Mantri\AppData\Local\Microsoft\WindowsApps;
USERNAME=Kailas Mantri
OS=Windows_NT
PROCESSOR_IDENTIFIER=Intel64 Family 6 Model 142 Stepping 12, GenuineIntel



---------------  S Y S T E M  ---------------

OS: Windows 10.0 , 64 bit Build 18362 (10.0.18362.329)

CPU:total 8 (initial active 8) (4 cores per cpu, 2 threads per core) family 6 model 142 stepping 12, cmov, cx8, fxsr, mmx, sse, sse2, sse3, ssse3, sse4.1, sse4.2, popcnt, avx, avx2, aes, clmul, erms, 3dnowpref, lzcnt, ht, tsc, tscinvbit, bmi1, bmi2, adx

Memory: 4k page, physical 8272180k(131408k free), swap 23803440k(2596k free)

vm_info: OpenJDK 64-Bit Server VM (25.212-b04) for windows-amd64 JRE (1.8.0_212-release-1586-b04), built by "builder" with MS VC++ 10.0 (VS2010)

time: Fri Mar 06 19:59:09 2020
timezone: India Standard Time
elapsed time: 8 seconds (0d 0h 0m 8s)

