#
# There is insufficient memory for the Java Runtime Environment to continue.
# Native memory allocation (malloc) failed to allocate 1426176 bytes for Chunk::new
# Possible reasons:
#   The system is out of physical RAM or swap space
#   The process is running with CompressedOops enabled, and the Java Heap may be blocking the growth of the native heap
# Possible solutions:
#   Reduce memory load on the system
#   Increase physical memory or swap space
#   Check if swap backing store is full
#   Decrease Java heap size (-Xmx/-Xms)
#   Decrease number of Java threads
#   Decrease Java thread stack sizes (-Xss)
#   Set larger code cache with -XX:ReservedCodeCacheSize=
#   JVM is running with Unscaled Compressed Oops mode in which the Java heap is
#     placed in the first 4GB address space. The Java Heap base address is the
#     maximum limit for the native heap growth. Please use -XX:HeapBaseMinAddress
#     to set the Java Heap base and to place the Java Heap above 4GB virtual address.
# This output file may be truncated or incomplete.
#
#  Out of Memory Error (allocation.cpp:389), pid=11044, tid=0x000000000000334c
#
# JRE version: OpenJDK Runtime Environment (8.0_212-b04) (build 1.8.0_212-release-1586-b04)
# Java VM: OpenJDK 64-Bit Server VM (25.212-b04 mixed mode windows-amd64 compressed oops)
# Failed to write core dump. Minidumps are not enabled by default on client versions of Windows
#

---------------  T H R E A D  ---------------

Current thread (0x00000000187a0800):  JavaThread "C2 CompilerThread1" daemon [_thread_in_native, id=13132, stack(0x0000000019170000,0x0000000019270000)]

Stack: [0x0000000019170000,0x0000000019270000]
[error occurred during error reporting (printing stack bounds), id 0xc0000005]

Native frames: (J=compiled Java code, j=interpreted, Vv=VM code, C=native code)


Current CompileTask:
C2:   1590 1433       4       java.net.URLClassLoader$1::run (5 bytes)


---------------  P R O C E S S  ---------------

Java Threads: ( => current thread )
  0x000000001b454800 JavaThread "Cache worker for journal cache (C:\Users\Kailas Mantri\.gradle\caches\journal-1)" [_thread_blocked, id=10600, stack(0x000000001d390000,0x000000001d490000)]
  0x000000001b453800 JavaThread "File lock request listener" [_thread_in_native, id=12696, stack(0x000000001d290000,0x000000001d390000)]
  0x0000000019717000 JavaThread "Cache worker for file hash cache (C:\Users\Kailas Mantri\.gradle\caches\5.6.4\fileHashes)" [_thread_blocked, id=3416, stack(0x000000001d190000,0x000000001d290000)]
  0x000000001b076800 JavaThread "Thread-9" [_thread_blocked, id=11980, stack(0x000000001d090000,0x000000001d190000)]
  0x000000001b05e000 JavaThread "Stdin handler" [_thread_blocked, id=14852, stack(0x000000001cf90000,0x000000001d090000)]
  0x000000001b05d800 JavaThread "Asynchronous log dispatcher for DefaultDaemonConnection: socket connection from /127.0.0.1:50603 to /127.0.0.1:50604" [_thread_blocked, id=13356, stack(0x000000001cd90000,0x000000001ce90000)]
  0x000000001b083000 JavaThread "Daemon worker" [_thread_in_vm, id=8000, stack(0x000000001cc90000,0x000000001cd90000)]
  0x000000001b19d000 JavaThread "Cancel handler" [_thread_blocked, id=13948, stack(0x000000001cb90000,0x000000001cc90000)]
  0x000000001b0f6000 JavaThread "Handler for socket connection from /127.0.0.1:50603 to /127.0.0.1:50604" [_thread_in_native, id=14492, stack(0x000000001c890000,0x000000001c990000)]
  0x000000001b0ee000 JavaThread "Daemon" [_thread_blocked, id=15612, stack(0x000000001c790000,0x000000001c890000)]
  0x000000001b0d8800 JavaThread "Daemon periodic checks" [_thread_blocked, id=9120, stack(0x000000001c690000,0x000000001c790000)]
  0x000000001b23a800 JavaThread "Incoming local TCP Connector on port 50603" [_thread_in_native, id=15164, stack(0x000000001c450000,0x000000001c550000)]
  0x000000001ab7c000 JavaThread "Daemon health stats" [_thread_blocked, id=6600, stack(0x000000001be10000,0x000000001bf10000)]
  0x00000000187bd800 JavaThread "Service Thread" daemon [_thread_blocked, id=14348, stack(0x0000000019470000,0x0000000019570000)]
  0x000000001696b000 JavaThread "C1 CompilerThread3" daemon [_thread_blocked, id=16296, stack(0x0000000019370000,0x0000000019470000)]
  0x00000000187a4800 JavaThread "C2 CompilerThread2" daemon [_thread_in_native, id=6308, stack(0x0000000019270000,0x0000000019370000)]
=>0x00000000187a0800 JavaThread "C2 CompilerThread1" daemon [_thread_in_native, id=13132, stack(0x0000000019170000,0x0000000019270000)]
  0x000000001879d800 JavaThread "C2 CompilerThread0" daemon [_thread_blocked, id=13956, stack(0x0000000019070000,0x0000000019170000)]
  0x000000001879b800 JavaThread "Attach Listener" daemon [_thread_blocked, id=2940, stack(0x0000000018f70000,0x0000000019070000)]
  0x0000000018798800 JavaThread "Signal Dispatcher" daemon [_thread_blocked, id=2464, stack(0x0000000018e70000,0x0000000018f70000)]
  0x0000000002b9d800 JavaThread "Finalizer" daemon [_thread_blocked, id=12808, stack(0x0000000018c70000,0x0000000018d70000)]
  0x0000000002b95800 JavaThread "Reference Handler" daemon [_thread_blocked, id=9020, stack(0x0000000018b70000,0x0000000018c70000)]
  0x000000000290d800 JavaThread "main" [_thread_blocked, id=2292, stack(0x00000000029a0000,0x0000000002aa0000)]

Other Threads:
  0x0000000016958000 VMThread [stack: 0x0000000018670000,0x0000000018770000] [id=11492]
  0x00000000187be800 WatcherThread [stack: 0x0000000019570000,0x0000000019670000] [id=5252]

VM state:not at safepoint (normal execution)

VM Mutex/Monitor currently owned by a thread: None

heap address: 0x00000000a0000000, size: 1536 MB, Compressed Oops mode: 32-bit
Narrow klass base: 0x0000000000000000, Narrow klass shift: 3
Compressed class space size: 1073741824 Address: 0x0000000100000000

Heap:
 PSYoungGen      total 38400K, used 14799K [0x00000000e0000000, 0x00000000e4b00000, 0x0000000100000000)
  eden space 33280K, 29% used [0x00000000e0000000,0x00000000e0977d78,0x00000000e2080000)
  from space 5120K, 99% used [0x00000000e2580000,0x00000000e2a7c030,0x00000000e2a80000)
  to   space 5120K, 0% used [0x00000000e2080000,0x00000000e2080000,0x00000000e2580000)
 ParOldGen       total 87552K, used 3823K [0x00000000a0000000, 0x00000000a5580000, 0x00000000e0000000)
  object space 87552K, 4% used [0x00000000a0000000,0x00000000a03bbc00,0x00000000a5580000)
 Metaspace       used 15369K, capacity 15762K, committed 16000K, reserved 1062912K
  class space    used 2165K, capacity 2329K, committed 2432K, reserved 1048576K

Card table byte_map: [0x0000000011f60000,0x0000000012270000] byte_map_base: 0x0000000011a60000

Marking Bits: (ParMarkBitMap*) 0x0000000059b59f30
 Begin Bits: [0x0000000012c70000, 0x0000000014470000)
 End Bits:   [0x0000000014470000, 0x0000000015c70000)

Polling page: 0x0000000000c70000

CodeCache: size=245760Kb used=5363Kb max_used=5363Kb free=240396Kb
 bounds [0x0000000002ba0000, 0x00000000030e0000, 0x0000000011ba0000]
 total_blobs=1901 nmethods=1513 adapters=301
 compilation: enabled

Compilation events (10 events):
Event: 1.574 Thread 0x000000001696b000 1511       3       java.lang.Integer::rotateLeft (9 bytes)
Event: 1.574 Thread 0x000000001696b000 nmethod 1511 0x00000000030dd250 code [0x00000000030dd3a0, 0x00000000030dd4f0]
Event: 1.580 Thread 0x000000001696b000 1513       3       org.gradle.internal.service.DefaultServiceRegistry$SingletonService::get (5 bytes)
Event: 1.580 Thread 0x000000001696b000 nmethod 1513 0x00000000030dd910 code [0x00000000030dda80, 0x00000000030ddc88]
Event: 1.580 Thread 0x000000001696b000 1514   !   3       org.gradle.internal.service.DefaultServiceRegistry$ManagedObjectServiceProvider::getInstance (81 bytes)
Event: 1.580 Thread 0x000000001696b000 nmethod 1514 0x00000000030ddd10 code [0x00000000030dde80, 0x00000000030de2e8]
Event: 1.587 Thread 0x000000001696b000 1515       3       sun.reflect.ReflectionFactory::checkInitted (19 bytes)
Event: 1.588 Thread 0x000000001696b000 nmethod 1515 0x00000000030de3d0 code [0x00000000030de540, 0x00000000030de808]
Event: 1.588 Thread 0x000000001696b000 1516       1       java.util.concurrent.atomic.AtomicInteger::get (5 bytes)
Event: 1.588 Thread 0x000000001696b000 nmethod 1516 0x00000000030de910 code [0x00000000030dea60, 0x00000000030deb70]

GC Heap History (8 events):
Event: 0.482 GC heap before
{Heap before GC invocations=1 (full 0):
 PSYoungGen      total 38400K, used 33280K [0x00000000e0000000, 0x00000000e2a80000, 0x0000000100000000)
  eden space 33280K, 100% used [0x00000000e0000000,0x00000000e2080000,0x00000000e2080000)
  from space 5120K, 0% used [0x00000000e2580000,0x00000000e2580000,0x00000000e2a80000)
  to   space 5120K, 0% used [0x00000000e2080000,0x00000000e2080000,0x00000000e2580000)
 ParOldGen       total 87552K, used 0K [0x00000000a0000000, 0x00000000a5580000, 0x00000000e0000000)
  object space 87552K, 0% used [0x00000000a0000000,0x00000000a0000000,0x00000000a5580000)
 Metaspace       used 7035K, capacity 7280K, committed 7424K, reserved 1056768K
  class space    used 857K, capacity 940K, committed 1024K, reserved 1048576K
Event: 0.486 GC heap after
Heap after GC invocations=1 (full 0):
 PSYoungGen      total 38400K, used 4297K [0x00000000e0000000, 0x00000000e2a80000, 0x0000000100000000)
  eden space 33280K, 0% used [0x00000000e0000000,0x00000000e0000000,0x00000000e2080000)
  from space 5120K, 83% used [0x00000000e2080000,0x00000000e24b2588,0x00000000e2580000)
  to   space 5120K, 0% used [0x00000000e2580000,0x00000000e2580000,0x00000000e2a80000)
 ParOldGen       total 87552K, used 16K [0x00000000a0000000, 0x00000000a5580000, 0x00000000e0000000)
  object space 87552K, 0% used [0x00000000a0000000,0x00000000a0004000,0x00000000a5580000)
 Metaspace       used 7035K, capacity 7280K, committed 7424K, reserved 1056768K
  class space    used 857K, capacity 940K, committed 1024K, reserved 1048576K
}
Event: 0.679 GC heap before
{Heap before GC invocations=2 (full 0):
 PSYoungGen      total 38400K, used 37577K [0x00000000e0000000, 0x00000000e2a80000, 0x0000000100000000)
  eden space 33280K, 100% used [0x00000000e0000000,0x00000000e2080000,0x00000000e2080000)
  from space 5120K, 83% used [0x00000000e2080000,0x00000000e24b2588,0x00000000e2580000)
  to   space 5120K, 0% used [0x00000000e2580000,0x00000000e2580000,0x00000000e2a80000)
 ParOldGen       total 87552K, used 16K [0x00000000a0000000, 0x00000000a5580000, 0x00000000e0000000)
  object space 87552K, 0% used [0x00000000a0000000,0x00000000a0004000,0x00000000a5580000)
 Metaspace       used 7257K, capacity 7528K, committed 7680K, reserved 1056768K
  class space    used 887K, capacity 980K, committed 1024K, reserved 1048576K
Event: 0.681 GC heap after
Heap after GC invocations=2 (full 0):
 PSYoungGen      total 38400K, used 3265K [0x00000000e0000000, 0x00000000e2a80000, 0x0000000100000000)
  eden space 33280K, 0% used [0x00000000e0000000,0x00000000e0000000,0x00000000e2080000)
  from space 5120K, 63% used [0x00000000e2580000,0x00000000e28b04f0,0x00000000e2a80000)
  to   space 5120K, 0% used [0x00000000e2080000,0x00000000e2080000,0x00000000e2580000)
 ParOldGen       total 87552K, used 24K [0x00000000a0000000, 0x00000000a5580000, 0x00000000e0000000)
  object space 87552K, 0% used [0x00000000a0000000,0x00000000a0006000,0x00000000a5580000)
 Metaspace       used 7257K, capacity 7528K, committed 7680K, reserved 1056768K
  class space    used 887K, capacity 980K, committed 1024K, reserved 1048576K
}
Event: 1.202 GC heap before
{Heap before GC invocations=3 (full 0):
 PSYoungGen      total 38400K, used 36545K [0x00000000e0000000, 0x00000000e2a80000, 0x0000000100000000)
  eden space 33280K, 100% used [0x00000000e0000000,0x00000000e2080000,0x00000000e2080000)
  from space 5120K, 63% used [0x00000000e2580000,0x00000000e28b04f0,0x00000000e2a80000)
  to   space 5120K, 0% used [0x00000000e2080000,0x00000000e2080000,0x00000000e2580000)
 ParOldGen       total 87552K, used 24K [0x00000000a0000000, 0x00000000a5580000, 0x00000000e0000000)
  object space 87552K, 0% used [0x00000000a0000000,0x00000000a0006000,0x00000000a5580000)
 Metaspace       used 12191K, capacity 12510K, committed 12800K, reserved 1060864K
  class space    used 1625K, capacity 1729K, committed 1792K, reserved 1048576K
Event: 1.207 GC heap after
Heap after GC invocations=3 (full 0):
 PSYoungGen      total 38400K, used 5120K [0x00000000e0000000, 0x00000000e2a80000, 0x0000000100000000)
  eden space 33280K, 0% used [0x00000000e0000000,0x00000000e0000000,0x00000000e2080000)
  from space 5120K, 100% used [0x00000000e2080000,0x00000000e2580000,0x00000000e2580000)
  to   space 5120K, 0% used [0x00000000e2580000,0x00000000e2580000,0x00000000e2a80000)
 ParOldGen       total 87552K, used 1318K [0x00000000a0000000, 0x00000000a5580000, 0x00000000e0000000)
  object space 87552K, 1% used [0x00000000a0000000,0x00000000a0149af8,0x00000000a5580000)
 Metaspace       used 12191K, capacity 12510K, committed 12800K, reserved 1060864K
  class space    used 1625K, capacity 1729K, committed 1792K, reserved 1048576K
}
Event: 1.483 GC heap before
{Heap before GC invocations=4 (full 0):
 PSYoungGen      total 38400K, used 38400K [0x00000000e0000000, 0x00000000e2a80000, 0x0000000100000000)
  eden space 33280K, 100% used [0x00000000e0000000,0x00000000e2080000,0x00000000e2080000)
  from space 5120K, 100% used [0x00000000e2080000,0x00000000e2580000,0x00000000e2580000)
  to   space 5120K, 0% used [0x00000000e2580000,0x00000000e2580000,0x00000000e2a80000)
 ParOldGen       total 87552K, used 1318K [0x00000000a0000000, 0x00000000a5580000, 0x00000000e0000000)
  object space 87552K, 1% used [0x00000000a0000000,0x00000000a0149af8,0x00000000a5580000)
 Metaspace       used 14515K, capacity 14918K, committed 15232K, reserved 1062912K
  class space    used 2023K, capacity 2149K, committed 2176K, reserved 1048576K
Event: 1.490 GC heap after
Heap after GC invocations=4 (full 0):
 PSYoungGen      total 38400K, used 5104K [0x00000000e0000000, 0x00000000e4b00000, 0x0000000100000000)
  eden space 33280K, 0% used [0x00000000e0000000,0x00000000e0000000,0x00000000e2080000)
  from space 5120K, 99% used [0x00000000e2580000,0x00000000e2a7c030,0x00000000e2a80000)
  to   space 5120K, 0% used [0x00000000e2080000,0x00000000e2080000,0x00000000e2580000)
 ParOldGen       total 87552K, used 3823K [0x00000000a0000000, 0x00000000a5580000, 0x00000000e0000000)
  object space 87552K, 4% used [0x00000000a0000000,0x00000000a03bbc00,0x00000000a5580000)
 Metaspace       used 14515K, capacity 14918K, committed 15232K, reserved 1062912K
  class space    used 2023K, capacity 2149K, committed 2176K, reserved 1048576K
}

Deoptimization events (10 events):
Event: 0.930 Thread 0x000000000290d800 Uncommon trap: reason=unstable_if action=reinterpret pc=0x0000000002e968b8 method=java.io.WinNTFileSystem.normalize(Ljava/lang/String;)Ljava/lang/String; @ 128
Event: 1.145 Thread 0x000000001b0f6000 Uncommon trap: reason=unstable_if action=reinterpret pc=0x0000000002f9f3c4 method=java.util.concurrent.ConcurrentHashMap.putVal(Ljava/lang/Object;Ljava/lang/Object;Z)Ljava/lang/Object; @ 206
Event: 1.174 Thread 0x000000001b083000 Uncommon trap: reason=bimorphic action=maybe_recompile pc=0x0000000002df1104 method=java.util.HashMap.putVal(ILjava/lang/Object;Ljava/lang/Object;ZZ)Ljava/lang/Object; @ 253
Event: 1.175 Thread 0x000000001b083000 Uncommon trap: reason=bimorphic action=maybe_recompile pc=0x0000000002df1104 method=java.util.HashMap.putVal(ILjava/lang/Object;Ljava/lang/Object;ZZ)Ljava/lang/Object; @ 253
Event: 1.175 Thread 0x000000001b083000 Uncommon trap: reason=bimorphic action=maybe_recompile pc=0x0000000002df1104 method=java.util.HashMap.putVal(ILjava/lang/Object;Ljava/lang/Object;ZZ)Ljava/lang/Object; @ 253
Event: 1.175 Thread 0x000000001b083000 Uncommon trap: reason=bimorphic action=maybe_recompile pc=0x0000000002df4220 method=java.util.HashMap.putVal(ILjava/lang/Object;Ljava/lang/Object;ZZ)Ljava/lang/Object; @ 253
Event: 1.329 Thread 0x000000001b083000 Uncommon trap: reason=class_check action=maybe_recompile pc=0x0000000002e8c018 method=java.util.regex.Matcher.match(II)Z @ 86
Event: 1.346 Thread 0x000000001b083000 Uncommon trap: reason=class_check action=maybe_recompile pc=0x0000000002e8c018 method=java.util.regex.Matcher.match(II)Z @ 86
Event: 1.347 Thread 0x000000001b083000 Uncommon trap: reason=class_check action=maybe_recompile pc=0x0000000002e8c018 method=java.util.regex.Matcher.match(II)Z @ 86
Event: 1.347 Thread 0x000000001b083000 Uncommon trap: reason=class_check action=maybe_recompile pc=0x0000000002d0ee5c method=java.util.regex.Matcher.match(II)Z @ 86

Classes redefined (0 events):
No events

Internal exceptions (10 events):
Event: 1.145 Thread 0x000000001b0f6000 Exception <a 'java/lang/NoSuchMethodError': <clinit>> (0x00000000e1b3f200) thrown at [D:\src\AOSP-openjdk-cygwin\jdk8u\hotspot\src\share\vm\prims\jni.cpp, line 1614]
Event: 1.146 Thread 0x000000001b0f6000 Exception <a 'java/lang/NoSuchMethodError': <clinit>> (0x00000000e1b48fb0) thrown at [D:\src\AOSP-openjdk-cygwin\jdk8u\hotspot\src\share\vm\prims\jni.cpp, line 1614]
Event: 1.147 Thread 0x000000001b0f6000 Exception <a 'java/lang/NoSuchMethodError': <clinit>> (0x00000000e1b5da98) thrown at [D:\src\AOSP-openjdk-cygwin\jdk8u\hotspot\src\share\vm\prims\jni.cpp, line 1614]
Event: 1.153 Thread 0x000000001b0f6000 Exception <a 'java/lang/NoSuchMethodError': <clinit>> (0x00000000e1bb94e8) thrown at [D:\src\AOSP-openjdk-cygwin\jdk8u\hotspot\src\share\vm\prims\jni.cpp, line 1614]
Event: 1.156 Thread 0x000000001b0f6000 Exception <a 'java/lang/NoSuchMethodError': <clinit>> (0x00000000e1bf0fe0) thrown at [D:\src\AOSP-openjdk-cygwin\jdk8u\hotspot\src\share\vm\prims\jni.cpp, line 1614]
Event: 1.159 Thread 0x000000001b0f6000 Exception <a 'java/lang/NoSuchMethodError': <clinit>> (0x00000000e1c273f0) thrown at [D:\src\AOSP-openjdk-cygwin\jdk8u\hotspot\src\share\vm\prims\jni.cpp, line 1614]
Event: 1.160 Thread 0x000000001b0f6000 Exception <a 'java/lang/NoSuchMethodError': <clinit>> (0x00000000e1c32788) thrown at [D:\src\AOSP-openjdk-cygwin\jdk8u\hotspot\src\share\vm\prims\jni.cpp, line 1614]
Event: 1.565 Thread 0x000000001b083000 Exception <a 'java/lang/NoSuchMethodError': java.lang.Object.lambda$and$0(Ljava/util/function/Predicate;Ljava/lang/Object;)Z> (0x00000000e07f44a0) thrown at [D:\src\AOSP-openjdk-cygwin\jdk8u\hotspot\src\share\vm\interpreter\linkResolver.cpp, line 620]
Event: 1.571 Thread 0x000000001b083000 Exception <a 'java/lang/IncompatibleClassChangeError': Found class java.lang.Object, but interface was expected> (0x00000000e080a788) thrown at [D:\src\AOSP-openjdk-cygwin\jdk8u\hotspot\src\share\vm\interpreter\linkResolver.cpp, line 653]
Event: 1.574 Thread 0x000000001b083000 Exception <a 'java/lang/NoSuchMethodError': java.lang.Object.lambda$or$2(Ljava/util/function/Predicate;Ljava/lang/Object;)Z> (0x00000000e080f698) thrown at [D:\src\AOSP-openjdk-cygwin\jdk8u\hotspot\src\share\vm\interpreter\linkResolver.cpp, line 620]

Events (10 events):
Event: 1.587 loading class org/gradle/internal/typeconversion/ErrorHandlingNotationParser
Event: 1.587 loading class org/gradle/internal/typeconversion/ErrorHandlingNotationParser done
Event: 1.587 loading class org/gradle/internal/exceptions/DiagnosticsVisitor
Event: 1.587 loading class org/gradle/internal/exceptions/DiagnosticsVisitor done
Event: 1.587 loading class org/gradle/api/internal/file/DefaultFileCollectionFactory
Event: 1.587 loading class org/gradle/api/internal/file/DefaultFileCollectionFactory done
Event: 1.588 loading class org/gradle/api/internal/initialization/loadercache/DefaultClasspathHasher
Event: 1.588 loading class org/gradle/api/internal/initialization/loadercache/DefaultClasspathHasher done
Event: 1.588 loading class org/gradle/internal/classloader/DefaultHashingClassLoaderFactory
Event: 1.588 loading class org/gradle/internal/classloader/DefaultHashingClassLoaderFactory done


Dynamic libraries:
0x00007ff6c1a60000 - 0x00007ff6c1a91000 	D:\Android Studio\jre\bin\java.exe
0x00007ffa07480000 - 0x00007ffa07670000 	C:\WINDOWS\SYSTEM32\ntdll.dll
0x00007ffa05e50000 - 0x00007ffa05f02000 	C:\WINDOWS\System32\KERNEL32.DLL
0x00007ffa05010000 - 0x00007ffa052b3000 	C:\WINDOWS\System32\KERNELBASE.dll
0x00007ffa05b00000 - 0x00007ffa05ba3000 	C:\WINDOWS\System32\ADVAPI32.dll
0x00007ffa05530000 - 0x00007ffa055ce000 	C:\WINDOWS\System32\msvcrt.dll
0x00007ffa06120000 - 0x00007ffa061b7000 	C:\WINDOWS\System32\sechost.dll
0x00007ffa05f10000 - 0x00007ffa06030000 	C:\WINDOWS\System32\RPCRT4.dll
0x00007ffa061c0000 - 0x00007ffa06354000 	C:\WINDOWS\System32\USER32.dll
0x00007ffa04e30000 - 0x00007ffa04e51000 	C:\WINDOWS\System32\win32u.dll
0x00007ffa07070000 - 0x00007ffa07096000 	C:\WINDOWS\System32\GDI32.dll
0x00007ffa052c0000 - 0x00007ffa05454000 	C:\WINDOWS\System32\gdi32full.dll
0x00007ffa04410000 - 0x00007ffa044ae000 	C:\WINDOWS\System32\msvcp_win.dll
0x00007ffa04560000 - 0x00007ffa0465a000 	C:\WINDOWS\System32\ucrtbase.dll
0x00007ff9ee100000 - 0x00007ff9ee385000 	C:\WINDOWS\WinSxS\amd64_microsoft.windows.common-controls_6595b64144ccf1df_6.0.18362.693_none_e6c1b3c11311d480\COMCTL32.dll
0x00007ffa07100000 - 0x00007ffa07436000 	C:\WINDOWS\System32\combase.dll
0x00007ffa05460000 - 0x00007ffa054e0000 	C:\WINDOWS\System32\bcryptPrimitives.dll
0x00007ffa055d0000 - 0x00007ffa055fe000 	C:\WINDOWS\System32\IMM32.DLL
0x000000005b9a0000 - 0x000000005ba72000 	D:\Android Studio\jre\jre\bin\msvcr100.dll
0x0000000059390000 - 0x0000000059bd6000 	D:\Android Studio\jre\jre\bin\server\jvm.dll
0x00007ffa05a20000 - 0x00007ffa05a28000 	C:\WINDOWS\System32\PSAPI.DLL
0x00007ff9ffd20000 - 0x00007ff9ffd29000 	C:\WINDOWS\SYSTEM32\WSOCK32.dll
0x00007ff9fea00000 - 0x00007ff9fea24000 	C:\WINDOWS\SYSTEM32\WINMM.dll
0x00007ffa060b0000 - 0x00007ffa0611f000 	C:\WINDOWS\System32\WS2_32.dll
0x00007ff9febf0000 - 0x00007ff9febfa000 	C:\WINDOWS\SYSTEM32\VERSION.dll
0x00007ff9fe8f0000 - 0x00007ff9fe91d000 	C:\WINDOWS\SYSTEM32\WINMMBASE.dll
0x00007ffa04660000 - 0x00007ffa046aa000 	C:\WINDOWS\System32\cfgmgr32.dll
0x00007ff9ffcf0000 - 0x00007ff9ffcff000 	D:\Android Studio\jre\jre\bin\verify.dll
0x00007ff9ff6b0000 - 0x00007ff9ff6d9000 	D:\Android Studio\jre\jre\bin\java.dll
0x00007ff9ff820000 - 0x00007ff9ff836000 	D:\Android Studio\jre\jre\bin\zip.dll
0x00007ffa06980000 - 0x00007ffa07066000 	C:\WINDOWS\System32\SHELL32.dll
0x00007ffa056b0000 - 0x00007ffa05759000 	C:\WINDOWS\System32\shcore.dll
0x00007ffa046b0000 - 0x00007ffa04e30000 	C:\WINDOWS\System32\windows.storage.dll
0x00007ffa043c0000 - 0x00007ffa043e9000 	C:\WINDOWS\System32\Wldp.dll
0x00007ffa04ec0000 - 0x00007ffa05009000 	C:\WINDOWS\System32\CRYPT32.dll
0x00007ffa043f0000 - 0x00007ffa04402000 	C:\WINDOWS\System32\MSASN1.dll
0x00007ffa04e60000 - 0x00007ffa04ebc000 	C:\WINDOWS\System32\WINTRUST.dll
0x00007ffa04340000 - 0x00007ffa04363000 	C:\WINDOWS\System32\profapi.dll
0x00007ffa04370000 - 0x00007ffa043ba000 	C:\WINDOWS\System32\powrprof.dll
0x00007ffa04310000 - 0x00007ffa04320000 	C:\WINDOWS\System32\UMPDC.dll
0x00007ffa070a0000 - 0x00007ffa070f2000 	C:\WINDOWS\System32\shlwapi.dll
0x00007ffa04320000 - 0x00007ffa04331000 	C:\WINDOWS\System32\kernel.appcore.dll
0x00007ffa05510000 - 0x00007ffa05527000 	C:\WINDOWS\System32\cryptsp.dll
0x00007ff9ff690000 - 0x00007ff9ff6aa000 	D:\Android Studio\jre\jre\bin\net.dll
0x00007ff9f24f0000 - 0x00007ff9f26c5000 	C:\WINDOWS\SYSTEM32\urlmon.dll
0x00007ff9f0540000 - 0x00007ff9f07e6000 	C:\WINDOWS\SYSTEM32\iertutil.dll
0x00007ffa03d80000 - 0x00007ffa03d8c000 	C:\WINDOWS\SYSTEM32\CRYPTBASE.DLL
0x00007ffa03bb0000 - 0x00007ffa03c17000 	C:\WINDOWS\system32\mswsock.dll
0x00007ff9feba0000 - 0x00007ff9febb3000 	D:\Android Studio\jre\jre\bin\nio.dll
0x00007ff9efa60000 - 0x00007ff9efa86000 	C:\Users\Kailas Mantri\.gradle\native\30\windows-amd64\native-platform.dll
0x00007ff9ffce0000 - 0x00007ff9ffced000 	D:\Android Studio\jre\jre\bin\management.dll
0x00007ffa03720000 - 0x00007ffa03753000 	C:\WINDOWS\system32\rsaenh.dll
0x00007ffa054e0000 - 0x00007ffa05506000 	C:\WINDOWS\System32\bcrypt.dll
0x00007ffa04230000 - 0x00007ffa04255000 	C:\WINDOWS\SYSTEM32\USERENV.dll
0x00007ffa038c0000 - 0x00007ffa038fa000 	C:\WINDOWS\SYSTEM32\IPHLPAPI.DLL
0x00007ffa06360000 - 0x00007ffa06368000 	C:\WINDOWS\System32\NSI.dll
0x00007ff9fcc00000 - 0x00007ff9fcc16000 	C:\WINDOWS\SYSTEM32\dhcpcsvc6.DLL
0x00007ff9fe480000 - 0x00007ff9fe49c000 	C:\WINDOWS\SYSTEM32\dhcpcsvc.DLL
0x00007ffa03900000 - 0x00007ffa039ca000 	C:\WINDOWS\SYSTEM32\DNSAPI.dll

VM Arguments:
jvm_args: -Xmx1536m -Dfile.encoding=windows-1252 -Duser.country=IN -Duser.language=en -Duser.variant 
java_command: org.gradle.launcher.daemon.bootstrap.GradleDaemon 5.6.4
java_class_path (initial): C:\Users\Kailas Mantri\.gradle\wrapper\dists\gradle-5.6.4-all\ankdp27end7byghfw1q2sw75f\gradle-5.6.4\lib\gradle-launcher-5.6.4.jar
Launcher Type: SUN_STANDARD

Environment Variables:
PATH=C:\windows\system32;C:\windows;C:\windows\System32\Wbem;C:\windows\System32\WindowsPowerShell\v1.0\;C:\windows\System32\OpenSSH\;C:\Program Files (x86)\NVIDIA Corporation\PhysX\Common;C:\Program Files\NVIDIA Corporation\NVIDIA NvDLISR;%SystemRoot%\system32;%SystemRoot%;%SystemRoot%\System32\Wbem;%SYSTEMROOT%\System32\WindowsPowerShell\v1.0\;%SYSTEMROOT%\System32\OpenSSH\;C:\Users\Kailas Mantri\AppData\Local\Microsoft\WindowsApps;
USERNAME=Kailas Mantri
OS=Windows_NT
PROCESSOR_IDENTIFIER=Intel64 Family 6 Model 142 Stepping 12, GenuineIntel



---------------  S Y S T E M  ---------------

OS: Windows 10.0 , 64 bit Build 18362 (10.0.18362.329)

CPU:total 8 (initial active 8) (4 cores per cpu, 2 threads per core) family 6 model 142 stepping 12, cmov, cx8, fxsr, mmx, sse, sse2, sse3, ssse3, sse4.1, sse4.2, popcnt, avx, avx2, aes, clmul, erms, 3dnowpref, lzcnt, ht, tsc, tscinvbit, bmi1, bmi2, adx

Memory: 4k page, physical 8272180k(533648k free), swap 23803440k(5296k free)

vm_info: OpenJDK 64-Bit Server VM (25.212-b04) for windows-amd64 JRE (1.8.0_212-release-1586-b04), built by "builder" with MS VC++ 10.0 (VS2010)

time: Wed Mar 04 15:38:35 2020
timezone: India Standard Time
elapsed time: 1 seconds (0d 0h 0m 1s)

