#
# There is insufficient memory for the Java Runtime Environment to continue.
# Native memory allocation (malloc) failed to allocate 743456 bytes for Chunk::new
# Possible reasons:
#   The system is out of physical RAM or swap space
#   The process is running with CompressedOops enabled, and the Java Heap may be blocking the growth of the native heap
# Possible solutions:
#   Reduce memory load on the system
#   Increase physical memory or swap space
#   Check if swap backing store is full
#   Decrease Java heap size (-Xmx/-Xms)
#   Decrease number of Java threads
#   Decrease Java thread stack sizes (-Xss)
#   Set larger code cache with -XX:ReservedCodeCacheSize=
#   JVM is running with Unscaled Compressed Oops mode in which the Java heap is
#     placed in the first 4GB address space. The Java Heap base address is the
#     maximum limit for the native heap growth. Please use -XX:HeapBaseMinAddress
#     to set the Java Heap base and to place the Java Heap above 4GB virtual address.
# This output file may be truncated or incomplete.
#
#  Out of Memory Error (allocation.cpp:389), pid=3148, tid=0x0000000000000e5c
#
# JRE version: OpenJDK Runtime Environment (8.0_212-b04) (build 1.8.0_212-release-1586-b04)
# Java VM: OpenJDK 64-Bit Server VM (25.212-b04 mixed mode windows-amd64 compressed oops)
# Failed to write core dump. Minidumps are not enabled by default on client versions of Windows
#

---------------  T H R E A D  ---------------

Current thread (0x0000000016f1b800):  JavaThread "C2 CompilerThread2" daemon [_thread_in_native, id=3676, stack(0x00000000179f0000,0x0000000017af0000)]

Stack: [0x00000000179f0000,0x0000000017af0000]
[error occurred during error reporting (printing stack bounds), id 0xc0000005]

Native frames: (J=compiled Java code, j=interpreted, Vv=VM code, C=native code)


Current CompileTask:
C2:   3948 2363       4       java.net.URLClassLoader$1::run (5 bytes)


---------------  P R O C E S S  ---------------

Java Threads: ( => current thread )
  0x000000001997d000 JavaThread "Cache worker for execution history cache (C:\Users\Kailas Mantri\.gradle\caches\5.6.4\executionHistory)" [_thread_blocked, id=1440, stack(0x000000001f910000,0x000000001fa10000)]
  0x000000001997c800 JavaThread "Cache worker for cache directory md-rule (C:\Users\Kailas Mantri\.gradle\caches\5.6.4\md-rule)" [_thread_blocked, id=12772, stack(0x000000001f810000,0x000000001f910000)]
  0x000000001997b800 JavaThread "Cache worker for cache directory md-supplier (C:\Users\Kailas Mantri\.gradle\caches\5.6.4\md-supplier)" [_thread_blocked, id=7884, stack(0x000000001f710000,0x000000001f810000)]
  0x0000000019981000 JavaThread "Cache worker for file hash cache (D:\AndroidStudioProjects\ScrimaTask\.gradle\5.6.4\fileHashes)" [_thread_blocked, id=404, stack(0x000000001cde0000,0x000000001cee0000)]
  0x000000001997e000 JavaThread "Cache worker for journal cache (C:\Users\Kailas Mantri\.gradle\caches\journal-1)" [_thread_blocked, id=8412, stack(0x000000001bb10000,0x000000001bc10000)]
  0x000000001997a000 JavaThread "File lock request listener" [_thread_in_native, id=16148, stack(0x000000001ba10000,0x000000001bb10000)]
  0x00000000180d7000 JavaThread "Cache worker for file hash cache (C:\Users\Kailas Mantri\.gradle\caches\5.6.4\fileHashes)" [_thread_blocked, id=14760, stack(0x000000001b910000,0x000000001ba10000)]
  0x00000000199b7800 JavaThread "Thread-9" [_thread_blocked, id=11672, stack(0x000000001b810000,0x000000001b910000)]
  0x00000000199b2800 JavaThread "Stdin handler" [_thread_blocked, id=17312, stack(0x000000001b710000,0x000000001b810000)]
  0x00000000199c7800 JavaThread "Asynchronous log dispatcher for DefaultDaemonConnection: socket connection from /127.0.0.1:52200 to /127.0.0.1:52201" [_thread_blocked, id=15540, stack(0x000000001b510000,0x000000001b610000)]
  0x0000000019969800 JavaThread "Daemon worker" [_thread_in_Java, id=12032, stack(0x000000001b410000,0x000000001b510000)]
  0x0000000019995000 JavaThread "Cancel handler" [_thread_blocked, id=9824, stack(0x000000001b310000,0x000000001b410000)]
  0x0000000019346000 JavaThread "Handler for socket connection from /127.0.0.1:52200 to /127.0.0.1:52201" [_thread_in_native, id=4488, stack(0x000000001b010000,0x000000001b110000)]
  0x0000000019359800 JavaThread "Daemon" [_thread_blocked, id=9424, stack(0x000000001af10000,0x000000001b010000)]
  0x0000000018961800 JavaThread "Daemon periodic checks" [_thread_blocked, id=13368, stack(0x000000001ae10000,0x000000001af10000)]
  0x0000000019348800 JavaThread "Incoming local TCP Connector on port 52200" [_thread_in_native, id=11500, stack(0x000000001abd0000,0x000000001acd0000)]
  0x0000000019863800 JavaThread "Daemon health stats" [_thread_blocked, id=14884, stack(0x000000001a590000,0x000000001a690000)]
  0x0000000016fb7800 JavaThread "Service Thread" daemon [_thread_blocked, id=11504, stack(0x0000000017bf0000,0x0000000017cf0000)]
  0x0000000016f25000 JavaThread "C1 CompilerThread3" daemon [_thread_blocked, id=6972, stack(0x0000000017af0000,0x0000000017bf0000)]
=>0x0000000016f1b800 JavaThread "C2 CompilerThread2" daemon [_thread_in_native, id=3676, stack(0x00000000179f0000,0x0000000017af0000)]
  0x0000000016f1a800 JavaThread "C2 CompilerThread1" daemon [_thread_in_native, id=11228, stack(0x00000000178f0000,0x00000000179f0000)]
  0x0000000016f18000 JavaThread "C2 CompilerThread0" daemon [_thread_in_native, id=13948, stack(0x00000000177f0000,0x00000000178f0000)]
  0x0000000016f16000 JavaThread "Attach Listener" daemon [_thread_blocked, id=9008, stack(0x00000000176f0000,0x00000000177f0000)]
  0x000000001511e000 JavaThread "Signal Dispatcher" daemon [_thread_blocked, id=748, stack(0x00000000175f0000,0x00000000176f0000)]
  0x00000000025e9800 JavaThread "Finalizer" daemon [_thread_blocked, id=9848, stack(0x00000000173f0000,0x00000000174f0000)]
  0x00000000025e6000 JavaThread "Reference Handler" daemon [_thread_blocked, id=9996, stack(0x00000000172f0000,0x00000000173f0000)]
  0x00000000024ed800 JavaThread "main" [_thread_blocked, id=12020, stack(0x0000000002320000,0x0000000002420000)]

Other Threads:
  0x0000000015109000 VMThread [stack: 0x0000000016df0000,0x0000000016ef0000] [id=4196]
  0x0000000016fb8000 WatcherThread [stack: 0x0000000017cf0000,0x0000000017df0000] [id=15208]

VM state:not at safepoint (normal execution)

VM Mutex/Monitor currently owned by a thread: None

heap address: 0x00000000c0000000, size: 1024 MB, Compressed Oops mode: 32-bit
Narrow klass base: 0x0000000000000000, Narrow klass shift: 3
Compressed class space size: 1073741824 Address: 0x0000000100000000

Heap:
 PSYoungGen      total 71680K, used 32148K [0x00000000eab00000, 0x00000000f3d00000, 0x0000000100000000)
  eden space 66560K, 40% used [0x00000000eab00000,0x00000000ec5690c0,0x00000000eec00000)
  from space 5120K, 99% used [0x00000000eec00000,0x00000000ef0fc0c0,0x00000000ef100000)
  to   space 12288K, 0% used [0x00000000f3100000,0x00000000f3100000,0x00000000f3d00000)
 ParOldGen       total 53760K, used 12000K [0x00000000c0000000, 0x00000000c3480000, 0x00000000eab00000)
  object space 53760K, 22% used [0x00000000c0000000,0x00000000c0bb8098,0x00000000c3480000)
 Metaspace       used 29548K, capacity 30126K, committed 30464K, reserved 1075200K
  class space    used 4067K, capacity 4270K, committed 4352K, reserved 1048576K

Card table byte_map: [0x00000000119b0000,0x0000000011bc0000] byte_map_base: 0x00000000113b0000

Marking Bits: (ParMarkBitMap*) 0x0000000061af9f30
 Begin Bits: [0x0000000012520000, 0x0000000013520000)
 End Bits:   [0x0000000013520000, 0x0000000014520000)

Polling page: 0x0000000000bc0000

CodeCache: size=245760Kb used=9085Kb max_used=9087Kb free=236674Kb
 bounds [0x00000000025f0000, 0x0000000002ee0000, 0x00000000115f0000]
 total_blobs=3052 nmethods=2379 adapters=586
 compilation: enabled

Compilation events (10 events):
Event: 3.933 Thread 0x0000000016f25000 2377       3       java.lang.Integer::highestOneBit (38 bytes)
Event: 3.933 Thread 0x0000000016f25000 nmethod 2377 0x0000000002ecb390 code [0x0000000002ecb4e0, 0x0000000002ecb650]
Event: 3.933 Thread 0x0000000016f25000 2378       1       java.lang.reflect.Constructor::getSignature (5 bytes)
Event: 3.933 Thread 0x0000000016f25000 nmethod 2378 0x0000000002ecb0d0 code [0x0000000002ecb220, 0x0000000002ecb330]
Event: 3.939 Thread 0x0000000016f18000 nmethod 2369 0x0000000002ed5790 code [0x0000000002ed5900, 0x0000000002ed5e88]
Event: 3.939 Thread 0x0000000016f18000 2379       4       java.lang.AbstractStringBuilder::newCapacity (39 bytes)
Event: 3.940 Thread 0x0000000016f18000 nmethod 2379 0x0000000002ed2810 code [0x0000000002ed2940, 0x0000000002ed2a18]
Event: 3.940 Thread 0x0000000016f18000 2380   !   4       java.net.URLClassLoader$1::run (63 bytes)
Event: 3.946 Thread 0x0000000016f25000 2381       3       java.lang.invoke.MethodType::insertParameterTypes (106 bytes)
Event: 3.947 Thread 0x0000000016f25000 nmethod 2381 0x0000000002ed3750 code [0x0000000002ed3a00, 0x0000000002ed4d08]

GC Heap History (10 events):
Event: 1.850 GC heap before
{Heap before GC invocations=4 (full 0):
 PSYoungGen      total 38400K, used 38384K [0x00000000eab00000, 0x00000000ef600000, 0x0000000100000000)
  eden space 33280K, 100% used [0x00000000eab00000,0x00000000ecb80000,0x00000000ecb80000)
  from space 5120K, 99% used [0x00000000ecb80000,0x00000000ed07c010,0x00000000ed080000)
  to   space 5120K, 0% used [0x00000000ef100000,0x00000000ef100000,0x00000000ef600000)
 ParOldGen       total 87552K, used 1362K [0x00000000c0000000, 0x00000000c5580000, 0x00000000eab00000)
  object space 87552K, 1% used [0x00000000c0000000,0x00000000c01548b8,0x00000000c5580000)
 Metaspace       used 14555K, capacity 14978K, committed 15232K, reserved 1062912K
  class space    used 2028K, capacity 2159K, committed 2176K, reserved 1048576K
Event: 1.858 GC heap after
Heap after GC invocations=4 (full 0):
 PSYoungGen      total 71680K, used 5088K [0x00000000eab00000, 0x00000000ef600000, 0x0000000100000000)
  eden space 66560K, 0% used [0x00000000eab00000,0x00000000eab00000,0x00000000eec00000)
  from space 5120K, 99% used [0x00000000ef100000,0x00000000ef5f8020,0x00000000ef600000)
  to   space 5120K, 0% used [0x00000000eec00000,0x00000000eec00000,0x00000000ef100000)
 ParOldGen       total 87552K, used 3916K [0x00000000c0000000, 0x00000000c5580000, 0x00000000eab00000)
  object space 87552K, 4% used [0x00000000c0000000,0x00000000c03d33b8,0x00000000c5580000)
 Metaspace       used 14555K, capacity 14978K, committed 15232K, reserved 1062912K
  class space    used 2028K, capacity 2159K, committed 2176K, reserved 1048576K
}
Event: 2.943 GC heap before
{Heap before GC invocations=5 (full 0):
 PSYoungGen      total 71680K, used 71648K [0x00000000eab00000, 0x00000000ef600000, 0x0000000100000000)
  eden space 66560K, 100% used [0x00000000eab00000,0x00000000eec00000,0x00000000eec00000)
  from space 5120K, 99% used [0x00000000ef100000,0x00000000ef5f8020,0x00000000ef600000)
  to   space 5120K, 0% used [0x00000000eec00000,0x00000000eec00000,0x00000000ef100000)
 ParOldGen       total 87552K, used 3916K [0x00000000c0000000, 0x00000000c5580000, 0x00000000eab00000)
  object space 87552K, 4% used [0x00000000c0000000,0x00000000c03d33b8,0x00000000c5580000)
 Metaspace       used 20647K, capacity 21200K, committed 21296K, reserved 1067008K
  class space    used 2984K, capacity 3135K, committed 3200K, reserved 1048576K
Event: 2.954 GC heap after
Heap after GC invocations=5 (full 0):
 PSYoungGen      total 71680K, used 5088K [0x00000000eab00000, 0x00000000ef600000, 0x0000000100000000)
  eden space 66560K, 0% used [0x00000000eab00000,0x00000000eab00000,0x00000000eec00000)
  from space 5120K, 99% used [0x00000000eec00000,0x00000000ef0f8020,0x00000000ef100000)
  to   space 5120K, 0% used [0x00000000ef100000,0x00000000ef100000,0x00000000ef600000)
 ParOldGen       total 87552K, used 11803K [0x00000000c0000000, 0x00000000c5580000, 0x00000000eab00000)
  object space 87552K, 13% used [0x00000000c0000000,0x00000000c0b86f70,0x00000000c5580000)
 Metaspace       used 20647K, capacity 21200K, committed 21296K, reserved 1067008K
  class space    used 2984K, capacity 3135K, committed 3200K, reserved 1048576K
}
Event: 2.958 GC heap before
{Heap before GC invocations=6 (full 0):
 PSYoungGen      total 71680K, used 5980K [0x00000000eab00000, 0x00000000ef600000, 0x0000000100000000)
  eden space 66560K, 1% used [0x00000000eab00000,0x00000000eabdf350,0x00000000eec00000)
  from space 5120K, 99% used [0x00000000eec00000,0x00000000ef0f8020,0x00000000ef100000)
  to   space 5120K, 0% used [0x00000000ef100000,0x00000000ef100000,0x00000000ef600000)
 ParOldGen       total 87552K, used 11803K [0x00000000c0000000, 0x00000000c5580000, 0x00000000eab00000)
  object space 87552K, 13% used [0x00000000c0000000,0x00000000c0b86f70,0x00000000c5580000)
 Metaspace       used 20677K, capacity 21200K, committed 21296K, reserved 1067008K
  class space    used 2987K, capacity 3135K, committed 3200K, reserved 1048576K
Event: 2.962 GC heap after
Heap after GC invocations=6 (full 0):
 PSYoungGen      total 71680K, used 5088K [0x00000000eab00000, 0x00000000ef600000, 0x0000000100000000)
  eden space 66560K, 0% used [0x00000000eab00000,0x00000000eab00000,0x00000000eec00000)
  from space 5120K, 99% used [0x00000000ef100000,0x00000000ef5f8020,0x00000000ef600000)
  to   space 5120K, 0% used [0x00000000eec00000,0x00000000eec00000,0x00000000ef100000)
 ParOldGen       total 87552K, used 11859K [0x00000000c0000000, 0x00000000c5580000, 0x00000000eab00000)
  object space 87552K, 13% used [0x00000000c0000000,0x00000000c0b94c08,0x00000000c5580000)
 Metaspace       used 20677K, capacity 21200K, committed 21296K, reserved 1067008K
  class space    used 2987K, capacity 3135K, committed 3200K, reserved 1048576K
}
Event: 2.963 GC heap before
{Heap before GC invocations=7 (full 1):
 PSYoungGen      total 71680K, used 5088K [0x00000000eab00000, 0x00000000ef600000, 0x0000000100000000)
  eden space 66560K, 0% used [0x00000000eab00000,0x00000000eab00000,0x00000000eec00000)
  from space 5120K, 99% used [0x00000000ef100000,0x00000000ef5f8020,0x00000000ef600000)
  to   space 5120K, 0% used [0x00000000eec00000,0x00000000eec00000,0x00000000ef100000)
 ParOldGen       total 87552K, used 11859K [0x00000000c0000000, 0x00000000c5580000, 0x00000000eab00000)
  object space 87552K, 13% used [0x00000000c0000000,0x00000000c0b94c08,0x00000000c5580000)
 Metaspace       used 20677K, capacity 21200K, committed 21296K, reserved 1067008K
  class space    used 2987K, capacity 3135K, committed 3200K, reserved 1048576K
Event: 3.001 GC heap after
Heap after GC invocations=7 (full 1):
 PSYoungGen      total 71680K, used 0K [0x00000000eab00000, 0x00000000ef600000, 0x0000000100000000)
  eden space 66560K, 0% used [0x00000000eab00000,0x00000000eab00000,0x00000000eec00000)
  from space 5120K, 0% used [0x00000000ef100000,0x00000000ef100000,0x00000000ef600000)
  to   space 5120K, 0% used [0x00000000eec00000,0x00000000eec00000,0x00000000ef100000)
 ParOldGen       total 53760K, used 9611K [0x00000000c0000000, 0x00000000c3480000, 0x00000000eab00000)
  object space 53760K, 17% used [0x00000000c0000000,0x00000000c0962e78,0x00000000c3480000)
 Metaspace       used 20677K, capacity 21200K, committed 21296K, reserved 1067008K
  class space    used 2987K, capacity 3135K, committed 3200K, reserved 1048576K
}
Event: 3.785 GC heap before
{Heap before GC invocations=8 (full 1):
 PSYoungGen      total 71680K, used 66560K [0x00000000eab00000, 0x00000000ef600000, 0x0000000100000000)
  eden space 66560K, 100% used [0x00000000eab00000,0x00000000eec00000,0x00000000eec00000)
  from space 5120K, 0% used [0x00000000ef100000,0x00000000ef100000,0x00000000ef600000)
  to   space 5120K, 0% used [0x00000000eec00000,0x00000000eec00000,0x00000000ef100000)
 ParOldGen       total 53760K, used 9611K [0x00000000c0000000, 0x00000000c3480000, 0x00000000eab00000)
  object space 53760K, 17% used [0x00000000c0000000,0x00000000c0962e78,0x00000000c3480000)
 Metaspace       used 28154K, capacity 28696K, committed 28928K, reserved 1075200K
  class space    used 3858K, capacity 4073K, committed 4096K, reserved 1048576K
Event: 3.790 GC heap after
Heap after GC invocations=8 (full 1):
 PSYoungGen      total 71680K, used 5104K [0x00000000eab00000, 0x00000000f3d00000, 0x0000000100000000)
  eden space 66560K, 0% used [0x00000000eab00000,0x00000000eab00000,0x00000000eec00000)
  from space 5120K, 99% used [0x00000000eec00000,0x00000000ef0fc0c0,0x00000000ef100000)
  to   space 12288K, 0% used [0x00000000f3100000,0x00000000f3100000,0x00000000f3d00000)
 ParOldGen       total 53760K, used 12000K [0x00000000c0000000, 0x00000000c3480000, 0x00000000eab00000)
  object space 53760K, 22% used [0x00000000c0000000,0x00000000c0bb8098,0x00000000c3480000)
 Metaspace       used 28154K, capacity 28696K, committed 28928K, reserved 1075200K
  class space    used 3858K, capacity 4073K, committed 4096K, reserved 1048576K
}

Deoptimization events (10 events):
Event: 2.880 Thread 0x0000000019969800 Uncommon trap: reason=unstable_if action=reinterpret pc=0x0000000002bec548 method=java.lang.ClassLoader.getClassLoadingLock(Ljava/lang/String;)Ljava/lang/Object; @ 6
Event: 2.913 Thread 0x0000000019969800 Uncommon trap: reason=bimorphic action=maybe_recompile pc=0x0000000002ba8d54 method=java.io.BufferedInputStream.read([BII)I @ 101
Event: 2.913 Thread 0x0000000019969800 Uncommon trap: reason=bimorphic action=maybe_recompile pc=0x0000000002ba8d54 method=java.io.BufferedInputStream.read([BII)I @ 101
Event: 2.915 Thread 0x0000000019969800 Uncommon trap: reason=bimorphic action=maybe_recompile pc=0x0000000002ba8d54 method=java.io.BufferedInputStream.read([BII)I @ 101
Event: 2.915 Thread 0x0000000019969800 Uncommon trap: reason=bimorphic action=maybe_recompile pc=0x0000000002ba8d54 method=java.io.BufferedInputStream.read([BII)I @ 101
Event: 2.955 Thread 0x00000000025e6000 Uncommon trap: reason=unstable_if action=reinterpret pc=0x0000000002b199bc method=java.lang.ref.Reference.tryHandlePending(Z)Z @ 104
Event: 3.490 Thread 0x0000000019969800 Uncommon trap: reason=unstable_if action=reinterpret pc=0x0000000002acffa0 method=java.util.HashMap.hash(Ljava/lang/Object;)I @ 1
Event: 3.586 Thread 0x0000000019969800 Uncommon trap: reason=unstable_if action=reinterpret pc=0x00000000028b35cc method=java.io.WinNTFileSystem.resolve(Ljava/lang/String;Ljava/lang/String;)Ljava/lang/String; @ 49
Event: 3.616 Thread 0x0000000019969800 Uncommon trap: reason=unstable_if action=reinterpret pc=0x00000000028cefb0 method=java.util.LinkedHashMap.afterNodeInsertion(Z)V @ 1
Event: 3.805 Thread 0x0000000019969800 Uncommon trap: reason=unstable_if action=reinterpret pc=0x00000000028881fc method=java.util.HashMap.getNode(ILjava/lang/Object;)Ljava/util/HashMap$Node; @ 129

Classes redefined (0 events):
No events

Internal exceptions (10 events):
Event: 3.322 Thread 0x0000000019969800 Exception <a 'java/lang/ClassNotFoundException': groovy/lang/Closure$1Customizer> (0x00000000ebe07960) thrown at [D:\src\AOSP-openjdk-cygwin\jdk8u\hotspot\src\share\vm\classfile\systemDictionary.cpp, line 210]
Event: 3.438 Thread 0x0000000019969800 Exception <a 'java/lang/ClassNotFoundException': org/gradle/internal/metaobject/ConfigureDelegateBeanInfo> (0x00000000ec4d0640) thrown at [D:\src\AOSP-openjdk-cygwin\jdk8u\hotspot\src\share\vm\classfile\systemDictionary.cpp, line 210]
Event: 3.440 Thread 0x0000000019969800 Exception <a 'java/lang/ClassNotFoundException': org/gradle/internal/metaobject/ConfigureDelegateCustomizer> (0x00000000ec4fdb90) thrown at [D:\src\AOSP-openjdk-cygwin\jdk8u\hotspot\src\share\vm\classfile\systemDictionary.cpp, line 210]
Event: 3.449 Thread 0x0000000019969800 Exception <a 'java/lang/ClassNotFoundException': org/gradle/api/internal/initialization/DefaultScriptHandlerBeanInfo> (0x00000000ec5896a8) thrown at [D:\src\AOSP-openjdk-cygwin\jdk8u\hotspot\src\share\vm\classfile\systemDictionary.cpp, line 210]
Event: 3.450 Thread 0x0000000019969800 Exception <a 'java/lang/ClassNotFoundException': org/gradle/api/internal/initialization/DefaultScriptHandlerCustomizer> (0x00000000ec5bf0e8) thrown at [D:\src\AOSP-openjdk-cygwin\jdk8u\hotspot\src\share\vm\classfile\systemDictionary.cpp, line 210]
Event: 3.490 Thread 0x0000000019969800 Implicit null exception at 0x0000000002acfd95 to 0x0000000002acff91
Event: 3.840 Thread 0x0000000019969800 Exception <a 'java/lang/ClassNotFoundException': org/gradle/api/internal/artifacts/dsl/dependencies/DefaultDependencyHandler_DecoratedBeanInfo> (0x00000000eb265a40) thrown at [D:\src\AOSP-openjdk-cygwin\jdk8u\hotspot\src\share\vm\classfile\systemDictionar
Event: 3.841 Thread 0x0000000019969800 Exception <a 'java/lang/ClassNotFoundException': org/gradle/api/internal/artifacts/dsl/dependencies/DefaultDependencyHandlerBeanInfo> (0x00000000eb2be320) thrown at [D:\src\AOSP-openjdk-cygwin\jdk8u\hotspot\src\share\vm\classfile\systemDictionary.cpp, lin
Event: 3.842 Thread 0x0000000019969800 Exception <a 'java/lang/ClassNotFoundException': org/gradle/api/internal/artifacts/dsl/dependencies/DefaultDependencyHandlerCustomizer> (0x00000000eb317e80) thrown at [D:\src\AOSP-openjdk-cygwin\jdk8u\hotspot\src\share\vm\classfile\systemDictionary.cpp, l
Event: 3.844 Thread 0x0000000019969800 Exception <a 'java/lang/ClassNotFoundException': org/gradle/api/internal/artifacts/dsl/dependencies/DefaultDependencyHandler_DecoratedCustomizer> (0x00000000eb3a7190) thrown at [D:\src\AOSP-openjdk-cygwin\jdk8u\hotspot\src\share\vm\classfile\systemDiction

Events (10 events):
Event: 3.945 loading class org/gradle/api/internal/artifacts/ivyservice/resolveengine/graph/conflicts/CandidateModule
Event: 3.945 loading class org/gradle/api/internal/artifacts/ivyservice/resolveengine/graph/conflicts/CandidateModule done
Event: 3.945 loading class sun/invoke/util/VerifyAccess$1
Event: 3.945 loading class sun/invoke/util/VerifyAccess$1 done
Event: 3.946 loading class org/gradle/api/artifacts/ModuleIdentifier
Event: 3.946 loading class org/gradle/api/artifacts/ModuleIdentifier done
Event: 3.946 loading class org/gradle/api/internal/artifacts/ivyservice/resolveengine/graph/builder/ResolveState
Event: 3.946 loading class org/gradle/api/internal/artifacts/ivyservice/resolveengine/graph/builder/ResolveState done
Event: 3.946 loading class org/gradle/api/internal/artifacts/ivyservice/resolveengine/graph/selectors/ResolvableSelectorState
Event: 3.946 loading class org/gradle/api/internal/artifacts/ivyservice/resolveengine/graph/selectors/ResolvableSelectorState done


Dynamic libraries:
0x00007ff75c630000 - 0x00007ff75c661000 	D:\Android Studio\jre\bin\java.exe
0x00007ffdac160000 - 0x00007ffdac350000 	C:\WINDOWS\SYSTEM32\ntdll.dll
0x00007ffdabb70000 - 0x00007ffdabc22000 	C:\WINDOWS\System32\KERNEL32.DLL
0x00007ffda9190000 - 0x00007ffda9433000 	C:\WINDOWS\System32\KERNELBASE.dll
0x00007ffdaa2f0000 - 0x00007ffdaa393000 	C:\WINDOWS\System32\ADVAPI32.dll
0x00007ffdaa3a0000 - 0x00007ffdaa43e000 	C:\WINDOWS\System32\msvcrt.dll
0x00007ffdaa220000 - 0x00007ffdaa2b7000 	C:\WINDOWS\System32\sechost.dll
0x00007ffdabe60000 - 0x00007ffdabf80000 	C:\WINDOWS\System32\RPCRT4.dll
0x00007ffdabf80000 - 0x00007ffdac114000 	C:\WINDOWS\System32\USER32.dll
0x00007ffda9870000 - 0x00007ffda9891000 	C:\WINDOWS\System32\win32u.dll
0x00007ffdaab30000 - 0x00007ffdaab56000 	C:\WINDOWS\System32\GDI32.dll
0x00007ffda96d0000 - 0x00007ffda9864000 	C:\WINDOWS\System32\gdi32full.dll
0x00007ffda99f0000 - 0x00007ffda9a8e000 	C:\WINDOWS\System32\msvcp_win.dll
0x00007ffda9570000 - 0x00007ffda966a000 	C:\WINDOWS\System32\ucrtbase.dll
0x00007ffd93220000 - 0x00007ffd934a5000 	C:\WINDOWS\WinSxS\amd64_microsoft.windows.common-controls_6595b64144ccf1df_6.0.18362.693_none_e6c1b3c11311d480\COMCTL32.dll
0x00007ffdaaee0000 - 0x00007ffdab216000 	C:\WINDOWS\System32\combase.dll
0x00007ffda90f0000 - 0x00007ffda9170000 	C:\WINDOWS\System32\bcryptPrimitives.dll
0x00007ffdab220000 - 0x00007ffdab24e000 	C:\WINDOWS\System32\IMM32.DLL
0x0000000061170000 - 0x0000000061242000 	D:\Android Studio\jre\jre\bin\msvcr100.dll
0x0000000061330000 - 0x0000000061b76000 	D:\Android Studio\jre\jre\bin\server\jvm.dll
0x00007ffdaa2e0000 - 0x00007ffdaa2e8000 	C:\WINDOWS\System32\PSAPI.DLL
0x00007ffda4de0000 - 0x00007ffda4de9000 	C:\WINDOWS\SYSTEM32\WSOCK32.dll
0x00007ffda3630000 - 0x00007ffda3654000 	C:\WINDOWS\SYSTEM32\WINMM.dll
0x00007ffda3fa0000 - 0x00007ffda3faa000 	C:\WINDOWS\SYSTEM32\VERSION.dll
0x00007ffdaba30000 - 0x00007ffdaba9f000 	C:\WINDOWS\System32\WS2_32.dll
0x00007ffda3600000 - 0x00007ffda362d000 	C:\WINDOWS\SYSTEM32\WINMMBASE.dll
0x00007ffda9520000 - 0x00007ffda956a000 	C:\WINDOWS\System32\cfgmgr32.dll
0x00007ffda4dd0000 - 0x00007ffda4ddf000 	D:\Android Studio\jre\jre\bin\verify.dll
0x00007ffda1790000 - 0x00007ffda17b9000 	D:\Android Studio\jre\jre\bin\java.dll
0x00007ffd92f60000 - 0x00007ffd92f76000 	D:\Android Studio\jre\jre\bin\zip.dll
0x00007ffdaa440000 - 0x00007ffdaab26000 	C:\WINDOWS\System32\SHELL32.dll
0x00007ffdab980000 - 0x00007ffdaba29000 	C:\WINDOWS\System32\shcore.dll
0x00007ffda9a90000 - 0x00007ffdaa210000 	C:\WINDOWS\System32\windows.storage.dll
0x00007ffda90c0000 - 0x00007ffda90e9000 	C:\WINDOWS\System32\Wldp.dll
0x00007ffda98a0000 - 0x00007ffda99e9000 	C:\WINDOWS\System32\CRYPT32.dll
0x00007ffda9000000 - 0x00007ffda9012000 	C:\WINDOWS\System32\MSASN1.dll
0x00007ffda9670000 - 0x00007ffda96cc000 	C:\WINDOWS\System32\WINTRUST.dll
0x00007ffda9090000 - 0x00007ffda90b3000 	C:\WINDOWS\System32\profapi.dll
0x00007ffda9040000 - 0x00007ffda908a000 	C:\WINDOWS\System32\powrprof.dll
0x00007ffda8ff0000 - 0x00007ffda9000000 	C:\WINDOWS\System32\UMPDC.dll
0x00007ffdab850000 - 0x00007ffdab8a2000 	C:\WINDOWS\System32\shlwapi.dll
0x00007ffda9020000 - 0x00007ffda9031000 	C:\WINDOWS\System32\kernel.appcore.dll
0x00007ffda9170000 - 0x00007ffda9187000 	C:\WINDOWS\System32\cryptsp.dll
0x00007ffd92f40000 - 0x00007ffd92f5a000 	D:\Android Studio\jre\jre\bin\net.dll
0x00007ffd917a0000 - 0x00007ffd91975000 	C:\WINDOWS\SYSTEM32\urlmon.dll
0x00007ffd95500000 - 0x00007ffd957a6000 	C:\WINDOWS\SYSTEM32\iertutil.dll
0x00007ffda8a60000 - 0x00007ffda8a6c000 	C:\WINDOWS\SYSTEM32\CRYPTBASE.DLL
0x00007ffda8890000 - 0x00007ffda88f7000 	C:\WINDOWS\system32\mswsock.dll
0x00007ffd92f20000 - 0x00007ffd92f33000 	D:\Android Studio\jre\jre\bin\nio.dll
0x00007ffd92ca0000 - 0x00007ffd92cc6000 	C:\Users\Kailas Mantri\.gradle\native\30\windows-amd64\native-platform.dll
0x00007ffda4dc0000 - 0x00007ffda4dcd000 	D:\Android Studio\jre\jre\bin\management.dll
0x00007ffda8400000 - 0x00007ffda8433000 	C:\WINDOWS\system32\rsaenh.dll
0x00007ffda94f0000 - 0x00007ffda9516000 	C:\WINDOWS\System32\bcrypt.dll
0x00007ffda8ee0000 - 0x00007ffda8f05000 	C:\WINDOWS\SYSTEM32\USERENV.dll
0x00007ffda85a0000 - 0x00007ffda85da000 	C:\WINDOWS\SYSTEM32\IPHLPAPI.DLL
0x00007ffdab840000 - 0x00007ffdab848000 	C:\WINDOWS\System32\NSI.dll
0x00007ffda19f0000 - 0x00007ffda1a06000 	C:\WINDOWS\SYSTEM32\dhcpcsvc6.DLL
0x00007ffda2790000 - 0x00007ffda27ac000 	C:\WINDOWS\SYSTEM32\dhcpcsvc.DLL
0x00007ffda85e0000 - 0x00007ffda86aa000 	C:\WINDOWS\SYSTEM32\DNSAPI.dll

VM Arguments:
jvm_args: -Xmx1024m -Dfile.encoding=windows-1252 -Duser.country=IN -Duser.language=en -Duser.variant 
java_command: org.gradle.launcher.daemon.bootstrap.GradleDaemon 5.6.4
java_class_path (initial): C:\Users\Kailas Mantri\.gradle\wrapper\dists\gradle-5.6.4-all\ankdp27end7byghfw1q2sw75f\gradle-5.6.4\lib\gradle-launcher-5.6.4.jar
Launcher Type: SUN_STANDARD

Environment Variables:
PATH=C:\windows\system32;C:\windows;C:\windows\System32\Wbem;C:\windows\System32\WindowsPowerShell\v1.0\;C:\windows\System32\OpenSSH\;C:\Program Files (x86)\NVIDIA Corporation\PhysX\Common;C:\Program Files\NVIDIA Corporation\NVIDIA NvDLISR;%SystemRoot%\system32;%SystemRoot%;%SystemRoot%\System32\Wbem;%SYSTEMROOT%\System32\WindowsPowerShell\v1.0\;%SYSTEMROOT%\System32\OpenSSH\;C:\Users\Kailas Mantri\AppData\Local\Microsoft\WindowsApps;
USERNAME=Kailas Mantri
OS=Windows_NT
PROCESSOR_IDENTIFIER=Intel64 Family 6 Model 142 Stepping 12, GenuineIntel



---------------  S Y S T E M  ---------------

OS: Windows 10.0 , 64 bit Build 18362 (10.0.18362.329)

CPU:total 8 (initial active 8) (4 cores per cpu, 2 threads per core) family 6 model 142 stepping 12, cmov, cx8, fxsr, mmx, sse, sse2, sse3, ssse3, sse4.1, sse4.2, popcnt, avx, avx2, aes, clmul, erms, 3dnowpref, lzcnt, ht, tsc, tscinvbit, bmi1, bmi2, adx

Memory: 4k page, physical 8272180k(905240k free), swap 23803440k(5148k free)

vm_info: OpenJDK 64-Bit Server VM (25.212-b04) for windows-amd64 JRE (1.8.0_212-release-1586-b04), built by "builder" with MS VC++ 10.0 (VS2010)

time: Thu Mar 05 09:31:44 2020
timezone: India Standard Time
elapsed time: 3 seconds (0d 0h 0m 3s)

