#
# There is insufficient memory for the Java Runtime Environment to continue.
# Native memory allocation (malloc) failed to allocate 148656 bytes for Chunk::new
# Possible reasons:
#   The system is out of physical RAM or swap space
#   The process is running with CompressedOops enabled, and the Java Heap may be blocking the growth of the native heap
# Possible solutions:
#   Reduce memory load on the system
#   Increase physical memory or swap space
#   Check if swap backing store is full
#   Decrease Java heap size (-Xmx/-Xms)
#   Decrease number of Java threads
#   Decrease Java thread stack sizes (-Xss)
#   Set larger code cache with -XX:ReservedCodeCacheSize=
#   JVM is running with Unscaled Compressed Oops mode in which the Java heap is
#     placed in the first 4GB address space. The Java Heap base address is the
#     maximum limit for the native heap growth. Please use -XX:HeapBaseMinAddress
#     to set the Java Heap base and to place the Java Heap above 4GB virtual address.
# This output file may be truncated or incomplete.
#
#  Out of Memory Error (allocation.cpp:389), pid=32, tid=0x00000000000016d8
#
# JRE version: OpenJDK Runtime Environment (8.0_212-b04) (build 1.8.0_212-release-1586-b04)
# Java VM: OpenJDK 64-Bit Server VM (25.212-b04 mixed mode windows-amd64 compressed oops)
# Failed to write core dump. Minidumps are not enabled by default on client versions of Windows
#

---------------  T H R E A D  ---------------

Current thread (0x00000000184bc800):  JavaThread "C2 CompilerThread0" daemon [_thread_in_native, id=5848, stack(0x0000000018d90000,0x0000000018e90000)]

Stack: [0x0000000018d90000,0x0000000018e90000]
[error occurred during error reporting (printing stack bounds), id 0xc0000005]

Native frames: (J=compiled Java code, j=interpreted, Vv=VM code, C=native code)


Current CompileTask:
C2:  12086 10198       4       java.util.TimSort::sort (229 bytes)


---------------  P R O C E S S  ---------------

Java Threads: ( => current thread )
  0x000000001e8d9000 JavaThread "ForkJoinPool.commonPool-worker-7" daemon [_thread_blocked, id=13548, stack(0x0000000028730000,0x0000000028830000)]
  0x000000001e8d1800 JavaThread "ForkJoinPool.commonPool-worker-6" daemon [_thread_blocked, id=9980, stack(0x0000000028630000,0x0000000028730000)]
  0x000000001e8d6800 JavaThread "ForkJoinPool.commonPool-worker-5" daemon [_thread_blocked, id=15748, stack(0x0000000027820000,0x0000000027920000)]
  0x000000001e8d6000 JavaThread "ForkJoinPool.commonPool-worker-4" daemon [_thread_blocked, id=7116, stack(0x0000000027720000,0x0000000027820000)]
  0x000000001e8d5000 JavaThread "ForkJoinPool.commonPool-worker-3" daemon [_thread_blocked, id=6356, stack(0x0000000027620000,0x0000000027720000)]
  0x000000001e8d4800 JavaThread "ForkJoinPool.commonPool-worker-2" daemon [_thread_blocked, id=8048, stack(0x0000000027520000,0x0000000027620000)]
  0x000000001e8d7800 JavaThread "ForkJoinPool.commonPool-worker-1" daemon [_thread_blocked, id=10896, stack(0x0000000026800000,0x0000000026900000)]
  0x000000001e8d3000 JavaThread "WorkerExecutor Queue Thread 2" [_thread_blocked, id=8628, stack(0x00000000265d0000,0x00000000266d0000)]
  0x00000000218ae000 JavaThread "WorkerExecutor Queue" [_thread_blocked, id=14812, stack(0x0000000026700000,0x0000000026800000)]
  0x00000000218b4800 JavaThread "Cache worker for execution history cache (D:\AndroidStudioProjects\ScrimaTask\.gradle\5.6.4\executionHistory)" [_thread_blocked, id=16212, stack(0x00000000264d0000,0x00000000265d0000)]
  0x00000000218aa000 JavaThread "Cache worker for file content cache (D:\AndroidStudioProjects\ScrimaTask\.gradle\5.6.4\fileContent)" [_thread_blocked, id=12676, stack(0x0000000024630000,0x0000000024730000)]
  0x00000000218a8800 JavaThread "Cache worker for file content cache (C:\Users\Kailas Mantri\.gradle\caches\5.6.4\fileContent)" [_thread_blocked, id=7604, stack(0x0000000024530000,0x0000000024630000)]
  0x00000000218ad000 JavaThread "Memory manager" [_thread_blocked, id=16088, stack(0x0000000024430000,0x0000000024530000)]
  0x000000001b669000 JavaThread "Cache worker for Build Output Cleanup Cache (D:\AndroidStudioProjects\ScrimaTask\.gradle\buildOutputCleanup)" [_thread_blocked, id=5292, stack(0x0000000023a70000,0x0000000023b70000)]
  0x000000001b66d800 JavaThread "Build operations Thread 8" [_thread_blocked, id=16344, stack(0x0000000023080000,0x0000000023180000)]
  0x000000001b66e800 JavaThread "Build operations Thread 7" [_thread_blocked, id=9724, stack(0x0000000022f80000,0x0000000023080000)]
  0x000000001b66d000 JavaThread "Build operations Thread 6" [_thread_blocked, id=7628, stack(0x0000000022e80000,0x0000000022f80000)]
  0x000000001b66b800 JavaThread "Build operations Thread 5" [_thread_blocked, id=16000, stack(0x0000000022d80000,0x0000000022e80000)]
  0x000000001b667800 JavaThread "Build operations Thread 4" [_thread_blocked, id=2688, stack(0x0000000022c80000,0x0000000022d80000)]
  0x000000001b66a800 JavaThread "Build operations Thread 3" [_thread_blocked, id=8892, stack(0x0000000022b80000,0x0000000022c80000)]
  0x000000001b66a000 JavaThread "Build operations Thread 2" [_thread_blocked, id=15096, stack(0x0000000022a80000,0x0000000022b80000)]
  0x000000001b66c000 JavaThread "Build operations" [_thread_blocked, id=7328, stack(0x0000000022980000,0x0000000022a80000)]
  0x000000001ae4f000 JavaThread "Cache worker for execution history cache (C:\Users\Kailas Mantri\.gradle\caches\5.6.4\executionHistory)" [_thread_blocked, id=4692, stack(0x00000000211a0000,0x00000000212a0000)]
  0x000000001ae53000 JavaThread "Cache worker for cache directory md-rule (C:\Users\Kailas Mantri\.gradle\caches\5.6.4\md-rule)" [_thread_blocked, id=12464, stack(0x000000001fc10000,0x000000001fd10000)]
  0x000000001ae52000 JavaThread "Cache worker for cache directory md-supplier (C:\Users\Kailas Mantri\.gradle\caches\5.6.4\md-supplier)" [_thread_blocked, id=16292, stack(0x000000001f750000,0x000000001f850000)]
  0x000000001ae54800 JavaThread "Cache worker for file hash cache (D:\AndroidStudioProjects\ScrimaTask\.gradle\5.6.4\fileHashes)" [_thread_blocked, id=16188, stack(0x000000001f910000,0x000000001fa10000)]
  0x000000001ae4e000 JavaThread "Cache worker for journal cache (C:\Users\Kailas Mantri\.gradle\caches\journal-1)" [_thread_blocked, id=3368, stack(0x000000001d2b0000,0x000000001d3b0000)]
  0x000000001ae4f800 JavaThread "File lock request listener" [_thread_in_native, id=13196, stack(0x000000001d1b0000,0x000000001d2b0000)]
  0x0000000019497800 JavaThread "Cache worker for file hash cache (C:\Users\Kailas Mantri\.gradle\caches\5.6.4\fileHashes)" [_thread_blocked, id=5920, stack(0x000000001ceb0000,0x000000001cfb0000)]
  0x000000001ad72800 JavaThread "Thread-9" [_thread_blocked, id=14156, stack(0x000000001cdb0000,0x000000001ceb0000)]
  0x000000001ad71800 JavaThread "Stdin handler" [_thread_blocked, id=4820, stack(0x000000001ccb0000,0x000000001cdb0000)]
  0x000000001ae4c800 JavaThread "Asynchronous log dispatcher for DefaultDaemonConnection: socket connection from /127.0.0.1:50569 to /127.0.0.1:50570" [_thread_blocked, id=5064, stack(0x000000001cab0000,0x000000001cbb0000)]
  0x000000001afaa000 JavaThread "Daemon worker" [_thread_in_vm, id=10668, stack(0x000000001c9b0000,0x000000001cab0000)]
  0x000000001ad74000 JavaThread "Cancel handler" [_thread_blocked, id=10768, stack(0x000000001c8b0000,0x000000001c9b0000)]
  0x000000001ab9e800 JavaThread "Handler for socket connection from /127.0.0.1:50569 to /127.0.0.1:50570" [_thread_in_native, id=13660, stack(0x000000001c5b0000,0x000000001c6b0000)]
  0x000000001abb4000 JavaThread "Daemon" [_thread_blocked, id=6960, stack(0x000000001c4b0000,0x000000001c5b0000)]
  0x000000001ae2b800 JavaThread "Daemon periodic checks" [_thread_blocked, id=1048, stack(0x000000001c3b0000,0x000000001c4b0000)]
  0x000000001a980800 JavaThread "Incoming local TCP Connector on port 50569" [_thread_in_native, id=15460, stack(0x000000001c170000,0x000000001c270000)]
  0x000000001aa7d000 JavaThread "Daemon health stats" [_thread_blocked, id=9856, stack(0x000000001bb30000,0x000000001bc30000)]
  0x00000000184e0000 JavaThread "Service Thread" daemon [_thread_blocked, id=11604, stack(0x0000000019190000,0x0000000019290000)]
  0x00000000166ce000 JavaThread "C1 CompilerThread3" daemon [_thread_blocked, id=5200, stack(0x0000000019090000,0x0000000019190000)]
  0x00000000184c3800 JavaThread "C2 CompilerThread2" daemon [_thread_in_native, id=15924, stack(0x0000000018f90000,0x0000000019090000)]
  0x00000000184bf800 JavaThread "C2 CompilerThread1" daemon [_thread_in_native, id=11176, stack(0x0000000018e90000,0x0000000018f90000)]
=>0x00000000184bc800 JavaThread "C2 CompilerThread0" daemon [_thread_in_native, id=5848, stack(0x0000000018d90000,0x0000000018e90000)]
  0x00000000184ba800 JavaThread "Attach Listener" daemon [_thread_blocked, id=3712, stack(0x0000000018c90000,0x0000000018d90000)]
  0x00000000166bf800 JavaThread "Signal Dispatcher" daemon [_thread_blocked, id=16216, stack(0x0000000018b90000,0x0000000018c90000)]
  0x00000000028fd800 JavaThread "Finalizer" daemon [_thread_blocked, id=1620, stack(0x0000000018990000,0x0000000018a90000)]
  0x00000000028f5800 JavaThread "Reference Handler" daemon [_thread_blocked, id=3580, stack(0x0000000018890000,0x0000000018990000)]
  0x00000000027fd800 JavaThread "main" [_thread_blocked, id=10836, stack(0x0000000002660000,0x0000000002760000)]

Other Threads:
  0x00000000166b8000 VMThread [stack: 0x0000000018390000,0x0000000018490000] [id=8536]
  0x00000000184e0800 WatcherThread [stack: 0x0000000019290000,0x0000000019390000] [id=1304]

VM state:not at safepoint (normal execution)

VM Mutex/Monitor currently owned by a thread: None

heap address: 0x00000000a0000000, size: 1536 MB, Compressed Oops mode: 32-bit
Narrow klass base: 0x0000000000000000, Narrow klass shift: 3
Compressed class space size: 1073741824 Address: 0x0000000100000000

Heap:
 PSYoungGen      total 218624K, used 83112K [0x00000000e0000000, 0x00000000f1f00000, 0x0000000100000000)
  eden space 182784K, 40% used [0x00000000e0000000,0x00000000e47f77b8,0x00000000eb280000)
  from space 35840K, 26% used [0x00000000eb280000,0x00000000ebbb2c00,0x00000000ed580000)
  to   space 34816K, 0% used [0x00000000efd00000,0x00000000efd00000,0x00000000f1f00000)
 ParOldGen       total 143872K, used 98090K [0x00000000a0000000, 0x00000000a8c80000, 0x00000000e0000000)
  object space 143872K, 68% used [0x00000000a0000000,0x00000000a5fca840,0x00000000a8c80000)
 Metaspace       used 70817K, capacity 74352K, committed 74712K, reserved 1114112K
  class space    used 9924K, capacity 10598K, committed 10712K, reserved 1048576K

Card table byte_map: [0x0000000011cc0000,0x0000000011fd0000] byte_map_base: 0x00000000117c0000

Marking Bits: (ParMarkBitMap*) 0x0000000059b59f30
 Begin Bits: [0x00000000129d0000, 0x00000000141d0000)
 End Bits:   [0x00000000141d0000, 0x00000000159d0000)

Polling page: 0x0000000000d50000

CodeCache: size=245760Kb used=28628Kb max_used=29423Kb free=217131Kb
 bounds [0x0000000002900000, 0x00000000045f0000, 0x0000000011900000]
 total_blobs=9752 nmethods=8934 adapters=731
 compilation: enabled

Compilation events (10 events):
Event: 12.075 Thread 0x00000000166ce000 nmethod 10209 0x0000000003fc5310 code [0x0000000003fc5500, 0x0000000003fc5c38]
Event: 12.078 Thread 0x00000000166ce000 10210       3       org.gradle.internal.reflect.annotations.impl.DefaultTypeAnnotationMetadataStore$$Lambda$83/1134787562::test (12 bytes)
Event: 12.079 Thread 0x00000000166ce000 nmethod 10210 0x0000000003fd35d0 code [0x0000000003fd3740, 0x0000000003fd3aa8]
Event: 12.079 Thread 0x00000000166ce000 10211       3       org.gradle.internal.reflect.annotations.impl.DefaultTypeAnnotationMetadataStore::lambda$isSetterProhibitedForType$8 (6 bytes)
Event: 12.079 Thread 0x00000000166ce000 nmethod 10211 0x0000000003471310 code [0x0000000003471480, 0x0000000003471688]
Event: 12.079 Thread 0x00000000166ce000 10212       3       com.android.build.gradle.options.ProjectOptions::get (19 bytes)
Event: 12.079 Thread 0x00000000166ce000 nmethod 10212 0x0000000003ff0dd0 code [0x0000000003ff0f60, 0x0000000003ff15e8]
Event: 12.082 Thread 0x00000000166ce000 10213       3       org.gradle.api.internal.tasks.properties.bean.RootRuntimeBeanNode::visitNode (10 bytes)
Event: 12.082 Thread 0x00000000166ce000 nmethod 10213 0x0000000003470ed0 code [0x0000000003471040, 0x0000000003471248]
Event: 12.085 Thread 0x00000000166ce000 10215       3       org.gradle.api.internal.tasks.properties.bean.RuntimeBeanNodeFactory::createRoot (22 bytes)

GC Heap History (10 events):
Event: 6.696 GC heap before
{Heap before GC invocations=14 (full 2):
 PSYoungGen      total 148480K, used 77817K [0x00000000e0000000, 0x00000000ec500000, 0x0000000100000000)
  eden space 133632K, 47% used [0x00000000e0000000,0x00000000e3d8c1a8,0x00000000e8280000)
  from space 14848K, 99% used [0x00000000e8280000,0x00000000e90f2530,0x00000000e9100000)
  to   space 16384K, 0% used [0x00000000eb500000,0x00000000eb500000,0x00000000ec500000)
 ParOldGen       total 93184K, used 24642K [0x00000000a0000000, 0x00000000a5b00000, 0x00000000e0000000)
  object space 93184K, 26% used [0x00000000a0000000,0x00000000a1810818,0x00000000a5b00000)
 Metaspace       used 57123K, capacity 58986K, committed 59096K, reserved 1099776K
  class space    used 7883K, capacity 8337K, committed 8408K, reserved 1048576K
Event: 6.713 GC heap after
Heap after GC invocations=14 (full 2):
 PSYoungGen      total 185856K, used 7048K [0x00000000e0000000, 0x00000000eca00000, 0x0000000100000000)
  eden space 169472K, 0% used [0x00000000e0000000,0x00000000e0000000,0x00000000ea580000)
  from space 16384K, 43% used [0x00000000eb500000,0x00000000ebbe2040,0x00000000ec500000)
  to   space 15872K, 0% used [0x00000000ea580000,0x00000000ea580000,0x00000000eb500000)
 ParOldGen       total 93184K, used 33530K [0x00000000a0000000, 0x00000000a5b00000, 0x00000000e0000000)
  object space 93184K, 35% used [0x00000000a0000000,0x00000000a20bebb8,0x00000000a5b00000)
 Metaspace       used 57123K, capacity 58986K, committed 59096K, reserved 1099776K
  class space    used 7883K, capacity 8337K, committed 8408K, reserved 1048576K
}
Event: 6.713 GC heap before
{Heap before GC invocations=15 (full 3):
 PSYoungGen      total 185856K, used 7048K [0x00000000e0000000, 0x00000000eca00000, 0x0000000100000000)
  eden space 169472K, 0% used [0x00000000e0000000,0x00000000e0000000,0x00000000ea580000)
  from space 16384K, 43% used [0x00000000eb500000,0x00000000ebbe2040,0x00000000ec500000)
  to   space 15872K, 0% used [0x00000000ea580000,0x00000000ea580000,0x00000000eb500000)
 ParOldGen       total 93184K, used 33530K [0x00000000a0000000, 0x00000000a5b00000, 0x00000000e0000000)
  object space 93184K, 35% used [0x00000000a0000000,0x00000000a20bebb8,0x00000000a5b00000)
 Metaspace       used 57123K, capacity 58986K, committed 59096K, reserved 1099776K
  class space    used 7883K, capacity 8337K, committed 8408K, reserved 1048576K
Event: 6.913 GC heap after
Heap after GC invocations=15 (full 3):
 PSYoungGen      total 185856K, used 0K [0x00000000e0000000, 0x00000000eca00000, 0x0000000100000000)
  eden space 169472K, 0% used [0x00000000e0000000,0x00000000e0000000,0x00000000ea580000)
  from space 16384K, 0% used [0x00000000eb500000,0x00000000eb500000,0x00000000ec500000)
  to   space 15872K, 0% used [0x00000000ea580000,0x00000000ea580000,0x00000000eb500000)
 ParOldGen       total 143872K, used 35947K [0x00000000a0000000, 0x00000000a8c80000, 0x00000000e0000000)
  object space 143872K, 24% used [0x00000000a0000000,0x00000000a231acb8,0x00000000a8c80000)
 Metaspace       used 57123K, capacity 58986K, committed 59096K, reserved 1099776K
  class space    used 7883K, capacity 8337K, committed 8408K, reserved 1048576K
}
Event: 8.198 GC heap before
{Heap before GC invocations=16 (full 3):
 PSYoungGen      total 185856K, used 169472K [0x00000000e0000000, 0x00000000eca00000, 0x0000000100000000)
  eden space 169472K, 100% used [0x00000000e0000000,0x00000000ea580000,0x00000000ea580000)
  from space 16384K, 0% used [0x00000000eb500000,0x00000000eb500000,0x00000000ec500000)
  to   space 15872K, 0% used [0x00000000ea580000,0x00000000ea580000,0x00000000eb500000)
 ParOldGen       total 143872K, used 35947K [0x00000000a0000000, 0x00000000a8c80000, 0x00000000e0000000)
  object space 143872K, 24% used [0x00000000a0000000,0x00000000a231acb8,0x00000000a8c80000)
 Metaspace       used 59933K, capacity 62630K, committed 62680K, reserved 1103872K
  class space    used 8308K, capacity 8873K, committed 8920K, reserved 1048576K
Event: 8.214 GC heap after
Heap after GC invocations=16 (full 3):
 PSYoungGen      total 185344K, used 12695K [0x00000000e0000000, 0x00000000ee600000, 0x0000000100000000)
  eden space 169472K, 0% used [0x00000000e0000000,0x00000000e0000000,0x00000000ea580000)
  from space 15872K, 79% used [0x00000000ea580000,0x00000000eb1e5f30,0x00000000eb500000)
  to   space 16896K, 0% used [0x00000000ed580000,0x00000000ed580000,0x00000000ee600000)
 ParOldGen       total 143872K, used 35955K [0x00000000a0000000, 0x00000000a8c80000, 0x00000000e0000000)
  object space 143872K, 24% used [0x00000000a0000000,0x00000000a231ccb8,0x00000000a8c80000)
 Metaspace       used 59933K, capacity 62630K, committed 62680K, reserved 1103872K
  class space    used 8308K, capacity 8873K, committed 8920K, reserved 1048576K
}
Event: 9.203 GC heap before
{Heap before GC invocations=17 (full 3):
 PSYoungGen      total 185344K, used 182147K [0x00000000e0000000, 0x00000000ee600000, 0x0000000100000000)
  eden space 169472K, 99% used [0x00000000e0000000,0x00000000ea57ad40,0x00000000ea580000)
  from space 15872K, 79% used [0x00000000ea580000,0x00000000eb1e5f30,0x00000000eb500000)
  to   space 16896K, 0% used [0x00000000ed580000,0x00000000ed580000,0x00000000ee600000)
 ParOldGen       total 143872K, used 35955K [0x00000000a0000000, 0x00000000a8c80000, 0x00000000e0000000)
  object space 143872K, 24% used [0x00000000a0000000,0x00000000a231ccb8,0x00000000a8c80000)
 Metaspace       used 64342K, capacity 67428K, committed 67672K, reserved 1107968K
  class space    used 9028K, capacity 9692K, committed 9816K, reserved 1048576K
Event: 9.250 GC heap after
Heap after GC invocations=17 (full 3):
 PSYoungGen      total 199680K, used 16876K [0x00000000e0000000, 0x00000000f1380000, 0x0000000100000000)
  eden space 182784K, 0% used [0x00000000e0000000,0x00000000e0000000,0x00000000eb280000)
  from space 16896K, 99% used [0x00000000ed580000,0x00000000ee5fb070,0x00000000ee600000)
  to   space 35840K, 0% used [0x00000000eb280000,0x00000000eb280000,0x00000000ed580000)
 ParOldGen       total 143872K, used 81590K [0x00000000a0000000, 0x00000000a8c80000, 0x00000000e0000000)
  object space 143872K, 56% used [0x00000000a0000000,0x00000000a4fadbe0,0x00000000a8c80000)
 Metaspace       used 64342K, capacity 67428K, committed 67672K, reserved 1107968K
  class space    used 9028K, capacity 9692K, committed 9816K, reserved 1048576K
}
Event: 11.056 GC heap before
{Heap before GC invocations=18 (full 3):
 PSYoungGen      total 199680K, used 199660K [0x00000000e0000000, 0x00000000f1380000, 0x0000000100000000)
  eden space 182784K, 100% used [0x00000000e0000000,0x00000000eb280000,0x00000000eb280000)
  from space 16896K, 99% used [0x00000000ed580000,0x00000000ee5fb070,0x00000000ee600000)
  to   space 35840K, 0% used [0x00000000eb280000,0x00000000eb280000,0x00000000ed580000)
 ParOldGen       total 143872K, used 81590K [0x00000000a0000000, 0x00000000a8c80000, 0x00000000e0000000)
  object space 143872K, 56% used [0x00000000a0000000,0x00000000a4fadbe0,0x00000000a8c80000)
 Metaspace       used 67120K, capacity 70514K, committed 70744K, reserved 1110016K
  class space    used 9399K, capacity 10041K, committed 10072K, reserved 1048576K
Event: 11.082 GC heap after
Heap after GC invocations=18 (full 3):
 PSYoungGen      total 218624K, used 9419K [0x00000000e0000000, 0x00000000f1f00000, 0x0000000100000000)
  eden space 182784K, 0% used [0x00000000e0000000,0x00000000e0000000,0x00000000eb280000)
  from space 35840K, 26% used [0x00000000eb280000,0x00000000ebbb2c00,0x00000000ed580000)
  to   space 34816K, 0% used [0x00000000efd00000,0x00000000efd00000,0x00000000f1f00000)
 ParOldGen       total 143872K, used 98090K [0x00000000a0000000, 0x00000000a8c80000, 0x00000000e0000000)
  object space 143872K, 68% used [0x00000000a0000000,0x00000000a5fca840,0x00000000a8c80000)
 Metaspace       used 67120K, capacity 70514K, committed 70744K, reserved 1110016K
  class space    used 9399K, capacity 10041K, committed 10072K, reserved 1048576K
}

Deoptimization events (10 events):
Event: 11.259 Thread 0x00000000218b2800 Uncommon trap: reason=array_check action=maybe_recompile pc=0x0000000004317960 method=java.util.TimSort.reverseRange([Ljava/lang/Object;II)V @ 27
Event: 11.259 Thread 0x00000000218b2800 Uncommon trap: reason=array_check action=maybe_recompile pc=0x00000000043042c4 method=java.util.TimSort.reverseRange([Ljava/lang/Object;II)V @ 27
Event: 11.755 Thread 0x00000000218ae000 Uncommon trap: reason=unstable_if action=reinterpret pc=0x0000000003d7cb00 method=java.nio.Buffer.limit(I)Ljava/nio/Buffer; @ 33
Event: 11.789 Thread 0x000000001e8d4800 Uncommon trap: reason=unstable_if action=reinterpret pc=0x0000000004165c58 method=java.util.concurrent.ForkJoinPool.signalWork([Ljava/util/concurrent/ForkJoinPool$WorkQueue;Ljava/util/concurrent/ForkJoinPool$WorkQueue;)V @ 8
Event: 11.852 Thread 0x00000000218ae000 Uncommon trap: reason=unstable_if action=reinterpret pc=0x0000000003efe03c method=java.nio.Bits.getInt(Ljava/nio/ByteBuffer;IZ)I @ 1
Event: 11.912 Thread 0x00000000218b4800 Uncommon trap: reason=unstable_if action=reinterpret pc=0x00000000033f7fd8 method=com.esotericsoftware.kryo.io.Output.writeString(Ljava/lang/CharSequence;)V @ 50
Event: 11.976 Thread 0x000000001afaa000 Uncommon trap: reason=unstable_if action=reinterpret pc=0x00000000043daa04 method=java.util.Spliterators$ArraySpliterator.forEachRemaining(Ljava/util/function/Consumer;)V @ 46
Event: 11.987 Thread 0x000000001afaa000 Uncommon trap: reason=unstable_if action=reinterpret pc=0x00000000043d5ccc method=java.util.Spliterators$ArraySpliterator.forEachRemaining(Ljava/util/function/Consumer;)V @ 46
Event: 11.994 Thread 0x000000001afaa000 Uncommon trap: reason=class_check action=maybe_recompile pc=0x00000000041d8554 method=java.util.Spliterators$ArraySpliterator.forEachRemaining(Ljava/util/function/Consumer;)V @ 53
Event: 11.994 Thread 0x000000001afaa000 Uncommon trap: reason=unstable_if action=reinterpret pc=0x00000000041d85c8 method=java.util.Spliterators$ArraySpliterator.forEachRemaining(Ljava/util/function/Consumer;)V @ 46

Classes redefined (0 events):
No events

Internal exceptions (10 events):
Event: 10.889 Thread 0x00000000218b4800 Implicit null exception at 0x0000000003ecb2e3 to 0x0000000003ecd3dd
Event: 10.937 Thread 0x00000000218b2800 Exception <a 'java/lang/NoSuchMethodError': java.lang.Object.lambda$comparingByKey$bbdbfea9$1(Ljava/util/Map$Entry;Ljava/util/Map$Entry;)I> (0x00000000ea7099d8) thrown at [D:\src\AOSP-openjdk-cygwin\jdk8u\hotspot\src\share\vm\interpreter\linkResolver.cpp,
Event: 11.256 Thread 0x00000000218b2800 Exception <a 'java/lang/NoSuchMethodError': <clinit>> (0x00000000e1d79c10) thrown at [D:\src\AOSP-openjdk-cygwin\jdk8u\hotspot\src\share\vm\prims\jni.cpp, line 1614]
Event: 11.257 Thread 0x00000000218b2800 Exception <a 'java/lang/NoSuchMethodError': <clinit>> (0x00000000e1d7e470) thrown at [D:\src\AOSP-openjdk-cygwin\jdk8u\hotspot\src\share\vm\prims\jni.cpp, line 1614]
Event: 11.259 Thread 0x00000000218b2800 Exception <a 'java/lang/NoSuchMethodError': <clinit>> (0x00000000e1dbb970) thrown at [D:\src\AOSP-openjdk-cygwin\jdk8u\hotspot\src\share\vm\prims\jni.cpp, line 1614]
Event: 11.261 Thread 0x00000000218b2800 Exception <a 'java/lang/NoSuchMethodError': <clinit>> (0x00000000e1e1a748) thrown at [D:\src\AOSP-openjdk-cygwin\jdk8u\hotspot\src\share\vm\prims\jni.cpp, line 1614]
Event: 11.263 Thread 0x00000000218b2800 Exception <a 'java/lang/NoSuchMethodError': <clinit>> (0x00000000e1e41808) thrown at [D:\src\AOSP-openjdk-cygwin\jdk8u\hotspot\src\share\vm\prims\jni.cpp, line 1614]
Event: 11.385 Thread 0x00000000218ae000 Exception <a 'java/lang/NoSuchMethodError': java.lang.Object.lambda$asRunnable$0(Lcom/android/tools/build/apkzlib/utils/IOExceptionRunnable;)V> (0x00000000e203e340) thrown at [D:\src\AOSP-openjdk-cygwin\jdk8u\hotspot\src\share\vm\interpreter\linkResolver.
Event: 11.471 Thread 0x00000000218ae000 Exception <a 'java/lang/NoSuchMethodError': java.lang.Object.newSystemTemporaryDirectory()Lcom/android/tools/build/apkzlib/bytestorage/TemporaryDirectory;> (0x00000000e21579b8) thrown at [D:\src\AOSP-openjdk-cygwin\jdk8u\hotspot\src\share\vm\interpreter\l
Event: 11.628 Thread 0x00000000218ae000 Exception <a 'java/lang/NoSuchMethodError': java.lang.Object.lambda$static$0(Lcom/android/apksig/util/RunnablesProvider;)V> (0x00000000e24055c0) thrown at [D:\src\AOSP-openjdk-cygwin\jdk8u\hotspot\src\share\vm\interpreter\linkResolver.cpp, line 620]

Events (10 events):
Event: 12.068 loading class org/gradle/api/tasks/options/Option
Event: 12.068 loading class org/gradle/api/tasks/options/Option done
Event: 12.071 loading class org/gradle/api/tasks/diagnostics/AbstractReportTask$1
Event: 12.071 loading class org/gradle/api/tasks/diagnostics/AbstractReportTask$1 done
Event: 12.072 loading class org/gradle/api/tasks/diagnostics/DependencyInsightReportTask$AttributeMatchDetails
Event: 12.072 loading class org/gradle/api/tasks/diagnostics/DependencyInsightReportTask$AttributeMatchDetails done
Event: 12.073 loading class org/gradle/api/tasks/diagnostics/ResolutionErrorRenderer
Event: 12.073 loading class org/gradle/api/tasks/diagnostics/ResolutionErrorRenderer done
Event: 12.076 loading class org/gradle/api/plugins/HelpTasksPlugin$DependencyInsightReportTaskAction$1
Event: 12.076 loading class org/gradle/api/plugins/HelpTasksPlugin$DependencyInsightReportTaskAction$1 done


Dynamic libraries:
0x00007ff6c1a60000 - 0x00007ff6c1a91000 	D:\Android Studio\jre\bin\java.exe
0x00007ffa07480000 - 0x00007ffa07670000 	C:\WINDOWS\SYSTEM32\ntdll.dll
0x00007ffa05e50000 - 0x00007ffa05f02000 	C:\WINDOWS\System32\KERNEL32.DLL
0x00007ffa05010000 - 0x00007ffa052b3000 	C:\WINDOWS\System32\KERNELBASE.dll
0x00007ffa05b00000 - 0x00007ffa05ba3000 	C:\WINDOWS\System32\ADVAPI32.dll
0x00007ffa05530000 - 0x00007ffa055ce000 	C:\WINDOWS\System32\msvcrt.dll
0x00007ffa06120000 - 0x00007ffa061b7000 	C:\WINDOWS\System32\sechost.dll
0x00007ffa05f10000 - 0x00007ffa06030000 	C:\WINDOWS\System32\RPCRT4.dll
0x00007ffa061c0000 - 0x00007ffa06354000 	C:\WINDOWS\System32\USER32.dll
0x00007ffa04e30000 - 0x00007ffa04e51000 	C:\WINDOWS\System32\win32u.dll
0x00007ffa07070000 - 0x00007ffa07096000 	C:\WINDOWS\System32\GDI32.dll
0x00007ffa052c0000 - 0x00007ffa05454000 	C:\WINDOWS\System32\gdi32full.dll
0x00007ffa04410000 - 0x00007ffa044ae000 	C:\WINDOWS\System32\msvcp_win.dll
0x00007ffa04560000 - 0x00007ffa0465a000 	C:\WINDOWS\System32\ucrtbase.dll
0x00007ff9ee100000 - 0x00007ff9ee385000 	C:\WINDOWS\WinSxS\amd64_microsoft.windows.common-controls_6595b64144ccf1df_6.0.18362.693_none_e6c1b3c11311d480\COMCTL32.dll
0x00007ffa07100000 - 0x00007ffa07436000 	C:\WINDOWS\System32\combase.dll
0x00007ffa05460000 - 0x00007ffa054e0000 	C:\WINDOWS\System32\bcryptPrimitives.dll
0x00007ffa055d0000 - 0x00007ffa055fe000 	C:\WINDOWS\System32\IMM32.DLL
0x000000005b9a0000 - 0x000000005ba72000 	D:\Android Studio\jre\jre\bin\msvcr100.dll
0x0000000059390000 - 0x0000000059bd6000 	D:\Android Studio\jre\jre\bin\server\jvm.dll
0x00007ffa05a20000 - 0x00007ffa05a28000 	C:\WINDOWS\System32\PSAPI.DLL
0x00007ff9ffd20000 - 0x00007ff9ffd29000 	C:\WINDOWS\SYSTEM32\WSOCK32.dll
0x00007ffa060b0000 - 0x00007ffa0611f000 	C:\WINDOWS\System32\WS2_32.dll
0x00007ff9febf0000 - 0x00007ff9febfa000 	C:\WINDOWS\SYSTEM32\VERSION.dll
0x00007ff9fea00000 - 0x00007ff9fea24000 	C:\WINDOWS\SYSTEM32\WINMM.dll
0x00007ff9fe8f0000 - 0x00007ff9fe91d000 	C:\WINDOWS\SYSTEM32\winmmbase.dll
0x00007ffa04660000 - 0x00007ffa046aa000 	C:\WINDOWS\System32\cfgmgr32.dll
0x00007ff9ffcf0000 - 0x00007ff9ffcff000 	D:\Android Studio\jre\jre\bin\verify.dll
0x00007ff9ff6b0000 - 0x00007ff9ff6d9000 	D:\Android Studio\jre\jre\bin\java.dll
0x00007ff9ff820000 - 0x00007ff9ff836000 	D:\Android Studio\jre\jre\bin\zip.dll
0x00007ffa06980000 - 0x00007ffa07066000 	C:\WINDOWS\System32\SHELL32.dll
0x00007ffa056b0000 - 0x00007ffa05759000 	C:\WINDOWS\System32\shcore.dll
0x00007ffa046b0000 - 0x00007ffa04e30000 	C:\WINDOWS\System32\windows.storage.dll
0x00007ffa043c0000 - 0x00007ffa043e9000 	C:\WINDOWS\System32\Wldp.dll
0x00007ffa04ec0000 - 0x00007ffa05009000 	C:\WINDOWS\System32\CRYPT32.dll
0x00007ffa043f0000 - 0x00007ffa04402000 	C:\WINDOWS\System32\MSASN1.dll
0x00007ffa04e60000 - 0x00007ffa04ebc000 	C:\WINDOWS\System32\WINTRUST.dll
0x00007ffa04340000 - 0x00007ffa04363000 	C:\WINDOWS\System32\profapi.dll
0x00007ffa04370000 - 0x00007ffa043ba000 	C:\WINDOWS\System32\powrprof.dll
0x00007ffa04310000 - 0x00007ffa04320000 	C:\WINDOWS\System32\UMPDC.dll
0x00007ffa070a0000 - 0x00007ffa070f2000 	C:\WINDOWS\System32\shlwapi.dll
0x00007ffa04320000 - 0x00007ffa04331000 	C:\WINDOWS\System32\kernel.appcore.dll
0x00007ffa05510000 - 0x00007ffa05527000 	C:\WINDOWS\System32\cryptsp.dll
0x00007ff9ff690000 - 0x00007ff9ff6aa000 	D:\Android Studio\jre\jre\bin\net.dll
0x00007ff9f24f0000 - 0x00007ff9f26c5000 	C:\WINDOWS\SYSTEM32\urlmon.dll
0x00007ff9f0540000 - 0x00007ff9f07e6000 	C:\WINDOWS\SYSTEM32\iertutil.dll
0x00007ffa03d80000 - 0x00007ffa03d8c000 	C:\WINDOWS\SYSTEM32\CRYPTBASE.DLL
0x00007ffa03bb0000 - 0x00007ffa03c17000 	C:\WINDOWS\system32\mswsock.dll
0x00007ff9feba0000 - 0x00007ff9febb3000 	D:\Android Studio\jre\jre\bin\nio.dll
0x00007ff9efa60000 - 0x00007ff9efa86000 	C:\Users\Kailas Mantri\.gradle\native\30\windows-amd64\native-platform.dll
0x00007ff9ffce0000 - 0x00007ff9ffced000 	D:\Android Studio\jre\jre\bin\management.dll
0x00007ffa03720000 - 0x00007ffa03753000 	C:\WINDOWS\system32\rsaenh.dll
0x00007ffa054e0000 - 0x00007ffa05506000 	C:\WINDOWS\System32\bcrypt.dll
0x00007ffa04230000 - 0x00007ffa04255000 	C:\WINDOWS\SYSTEM32\USERENV.dll
0x00007ffa038c0000 - 0x00007ffa038fa000 	C:\WINDOWS\SYSTEM32\IPHLPAPI.DLL
0x00007ffa06360000 - 0x00007ffa06368000 	C:\WINDOWS\System32\NSI.dll
0x00007ff9fcc00000 - 0x00007ff9fcc16000 	C:\WINDOWS\SYSTEM32\dhcpcsvc6.DLL
0x00007ff9fe480000 - 0x00007ff9fe49c000 	C:\WINDOWS\SYSTEM32\dhcpcsvc.DLL
0x00007ffa03900000 - 0x00007ffa039ca000 	C:\WINDOWS\SYSTEM32\DNSAPI.dll

VM Arguments:
jvm_args: -Xmx1536m -Dfile.encoding=windows-1252 -Duser.country=IN -Duser.language=en -Duser.variant 
java_command: org.gradle.launcher.daemon.bootstrap.GradleDaemon 5.6.4
java_class_path (initial): C:\Users\Kailas Mantri\.gradle\wrapper\dists\gradle-5.6.4-all\ankdp27end7byghfw1q2sw75f\gradle-5.6.4\lib\gradle-launcher-5.6.4.jar
Launcher Type: SUN_STANDARD

Environment Variables:
PATH=C:\windows\system32;C:\windows;C:\windows\System32\Wbem;C:\windows\System32\WindowsPowerShell\v1.0\;C:\windows\System32\OpenSSH\;C:\Program Files (x86)\NVIDIA Corporation\PhysX\Common;C:\Program Files\NVIDIA Corporation\NVIDIA NvDLISR;%SystemRoot%\system32;%SystemRoot%;%SystemRoot%\System32\Wbem;%SYSTEMROOT%\System32\WindowsPowerShell\v1.0\;%SYSTEMROOT%\System32\OpenSSH\;C:\Users\Kailas Mantri\AppData\Local\Microsoft\WindowsApps;
USERNAME=Kailas Mantri
OS=Windows_NT
PROCESSOR_IDENTIFIER=Intel64 Family 6 Model 142 Stepping 12, GenuineIntel



---------------  S Y S T E M  ---------------

OS: Windows 10.0 , 64 bit Build 18362 (10.0.18362.329)

CPU:total 8 (initial active 8) (4 cores per cpu, 2 threads per core) family 6 model 142 stepping 12, cmov, cx8, fxsr, mmx, sse, sse2, sse3, ssse3, sse4.1, sse4.2, popcnt, avx, avx2, aes, clmul, erms, 3dnowpref, lzcnt, ht, tsc, tscinvbit, bmi1, bmi2, adx

Memory: 4k page, physical 8272180k(722732k free), swap 23803440k(5256k free)

vm_info: OpenJDK 64-Bit Server VM (25.212-b04) for windows-amd64 JRE (1.8.0_212-release-1586-b04), built by "builder" with MS VC++ 10.0 (VS2010)

time: Wed Mar 04 15:36:14 2020
timezone: India Standard Time
elapsed time: 12 seconds (0d 0h 0m 12s)

