#
# There is insufficient memory for the Java Runtime Environment to continue.
# Native memory allocation (malloc) failed to allocate 1924176 bytes for Chunk::new
# Possible reasons:
#   The system is out of physical RAM or swap space
#   The process is running with CompressedOops enabled, and the Java Heap may be blocking the growth of the native heap
# Possible solutions:
#   Reduce memory load on the system
#   Increase physical memory or swap space
#   Check if swap backing store is full
#   Decrease Java heap size (-Xmx/-Xms)
#   Decrease number of Java threads
#   Decrease Java thread stack sizes (-Xss)
#   Set larger code cache with -XX:ReservedCodeCacheSize=
#   JVM is running with Unscaled Compressed Oops mode in which the Java heap is
#     placed in the first 4GB address space. The Java Heap base address is the
#     maximum limit for the native heap growth. Please use -XX:HeapBaseMinAddress
#     to set the Java Heap base and to place the Java Heap above 4GB virtual address.
# This output file may be truncated or incomplete.
#
#  Out of Memory Error (allocation.cpp:389), pid=16148, tid=0x0000000000000ae8
#
# JRE version: OpenJDK Runtime Environment (8.0_212-b04) (build 1.8.0_212-release-1586-b04)
# Java VM: OpenJDK 64-Bit Server VM (25.212-b04 mixed mode windows-amd64 compressed oops)
# Failed to write core dump. Minidumps are not enabled by default on client versions of Windows
#

---------------  T H R E A D  ---------------

Current thread (0x0000000018b04800):  JavaThread "C2 CompilerThread2" daemon [_thread_in_native, id=2792, stack(0x00000000195d0000,0x00000000196d0000)]

Stack: [0x00000000195d0000,0x00000000196d0000]
[error occurred during error reporting (printing stack bounds), id 0xc0000005]

Native frames: (J=compiled Java code, j=interpreted, Vv=VM code, C=native code)


Current CompileTask:
C2:   6684 4717 %     4       groovy.lang.MetaClassImpl::inheritInterfaceNewMetaMethods @ 104 (199 bytes)


---------------  P R O C E S S  ---------------

Java Threads: ( => current thread )
  0x000000001b7b0800 JavaThread "Cache worker for file content cache (D:\AndroidStudioProjects\ScrimaTask\.gradle\5.6.4\fileContent)" [_thread_blocked, id=14660, stack(0x0000000024bb0000,0x0000000024cb0000)]
  0x000000001b7af800 JavaThread "Cache worker for file content cache (C:\Users\Kailas Mantri\.gradle\caches\5.6.4\fileContent)" [_thread_blocked, id=11068, stack(0x0000000024ab0000,0x0000000024bb0000)]
  0x000000001b7ac800 JavaThread "Memory manager" [_thread_blocked, id=3820, stack(0x00000000249b0000,0x0000000024ab0000)]
  0x000000001b7a5000 JavaThread "Cache worker for Build Output Cleanup Cache (D:\AndroidStudioProjects\ScrimaTask\.gradle\buildOutputCleanup)" [_thread_blocked, id=10420, stack(0x0000000023c90000,0x0000000023d90000)]
  0x000000001b7a9800 JavaThread "Build operations Thread 8" [_thread_blocked, id=1612, stack(0x0000000023590000,0x0000000023690000)]
  0x000000001b7a9000 JavaThread "Build operations Thread 7" [_thread_blocked, id=15932, stack(0x0000000023490000,0x0000000023590000)]
  0x000000001b7ac000 JavaThread "Build operations Thread 6" [_thread_blocked, id=15864, stack(0x0000000023390000,0x0000000023490000)]
  0x000000001b7a8000 JavaThread "Build operations Thread 5" [_thread_blocked, id=6780, stack(0x0000000023290000,0x0000000023390000)]
  0x000000001b7ab000 JavaThread "Build operations Thread 4" [_thread_blocked, id=2616, stack(0x0000000023190000,0x0000000023290000)]
  0x000000001b7a2000 JavaThread "Build operations Thread 3" [_thread_blocked, id=6996, stack(0x0000000023090000,0x0000000023190000)]
  0x000000001b7a6800 JavaThread "Build operations Thread 2" [_thread_blocked, id=9924, stack(0x0000000022f90000,0x0000000023090000)]
  0x000000001b7a6000 JavaThread "Build operations" [_thread_blocked, id=2600, stack(0x0000000022c20000,0x0000000022d20000)]
  0x000000001b7a3000 JavaThread "Cache worker for execution history cache (C:\Users\Kailas Mantri\.gradle\caches\5.6.4\executionHistory)" [_thread_blocked, id=6484, stack(0x00000000212f0000,0x00000000213f0000)]
  0x000000001b7a3800 JavaThread "Cache worker for cache directory md-rule (C:\Users\Kailas Mantri\.gradle\caches\5.6.4\md-rule)" [_thread_blocked, id=9760, stack(0x0000000022920000,0x0000000022a20000)]
  0x000000001b7a7800 JavaThread "Cache worker for cache directory md-supplier (C:\Users\Kailas Mantri\.gradle\caches\5.6.4\md-supplier)" [_thread_blocked, id=15088, stack(0x0000000022820000,0x0000000022920000)]
  0x0000000018b0c000 JavaThread "Cache worker for file hash cache (D:\AndroidStudioProjects\ScrimaTask\.gradle\5.6.4\fileHashes)" [_thread_blocked, id=15132, stack(0x000000001e9c0000,0x000000001eac0000)]
  0x0000000018b0a800 JavaThread "Cache worker for journal cache (C:\Users\Kailas Mantri\.gradle\caches\journal-1)" [_thread_blocked, id=8084, stack(0x000000001d8f0000,0x000000001d9f0000)]
  0x0000000018b06800 JavaThread "File lock request listener" [_thread_in_native, id=2996, stack(0x000000001d7f0000,0x000000001d8f0000)]
  0x000000001a69e000 JavaThread "Cache worker for file hash cache (C:\Users\Kailas Mantri\.gradle\caches\5.6.4\fileHashes)" [_thread_blocked, id=2468, stack(0x000000001d4f0000,0x000000001d5f0000)]
  0x000000001b5cd000 JavaThread "Thread-9" [_thread_blocked, id=6452, stack(0x000000001d3f0000,0x000000001d4f0000)]
  0x000000001b5d2000 JavaThread "Stdin handler" [_thread_blocked, id=14672, stack(0x000000001d2f0000,0x000000001d3f0000)]
  0x000000001b5e6000 JavaThread "Asynchronous log dispatcher for DefaultDaemonConnection: socket connection from /127.0.0.1:50579 to /127.0.0.1:50580" [_thread_blocked, id=10380, stack(0x000000001d0f0000,0x000000001d1f0000)]
  0x000000001b5d3800 JavaThread "Daemon worker" [_thread_in_Java, id=1580, stack(0x000000001cff0000,0x000000001d0f0000)]
  0x000000001b5e8800 JavaThread "Cancel handler" [_thread_blocked, id=13708, stack(0x000000001cef0000,0x000000001cff0000)]
  0x000000001b42b800 JavaThread "Handler for socket connection from /127.0.0.1:50579 to /127.0.0.1:50580" [_thread_in_native, id=1924, stack(0x000000001cbf0000,0x000000001ccf0000)]
  0x000000001b424800 JavaThread "Daemon" [_thread_blocked, id=4980, stack(0x000000001caf0000,0x000000001cbf0000)]
  0x000000001b415800 JavaThread "Daemon periodic checks" [_thread_blocked, id=1728, stack(0x000000001c9f0000,0x000000001caf0000)]
  0x000000001b103800 JavaThread "Incoming local TCP Connector on port 50579" [_thread_in_native, id=14604, stack(0x000000001c7b0000,0x000000001c8b0000)]
  0x000000001b44e000 JavaThread "Daemon health stats" [_thread_blocked, id=11216, stack(0x000000001c170000,0x000000001c270000)]
  0x0000000018b94000 JavaThread "Service Thread" daemon [_thread_blocked, id=14828, stack(0x00000000197d0000,0x00000000198d0000)]
  0x0000000018b09000 JavaThread "C1 CompilerThread3" daemon [_thread_in_vm, id=11584, stack(0x00000000196d0000,0x00000000197d0000)]
=>0x0000000018b04800 JavaThread "C2 CompilerThread2" daemon [_thread_in_native, id=2792, stack(0x00000000195d0000,0x00000000196d0000)]
  0x0000000018b00800 JavaThread "C2 CompilerThread1" daemon [_thread_in_native, id=12592, stack(0x00000000194d0000,0x00000000195d0000)]
  0x0000000018afd800 JavaThread "C2 CompilerThread0" daemon [_thread_in_native, id=9672, stack(0x00000000193d0000,0x00000000194d0000)]
  0x0000000018afb800 JavaThread "Attach Listener" daemon [_thread_blocked, id=16084, stack(0x00000000192d0000,0x00000000193d0000)]
  0x0000000018af8800 JavaThread "Signal Dispatcher" daemon [_thread_blocked, id=11236, stack(0x00000000191d0000,0x00000000192d0000)]
  0x0000000002f3d800 JavaThread "Finalizer" daemon [_thread_blocked, id=1508, stack(0x0000000018fd0000,0x00000000190d0000)]
  0x0000000002f35800 JavaThread "Reference Handler" daemon [_thread_blocked, id=7392, stack(0x0000000018ed0000,0x0000000018fd0000)]
  0x0000000002dbd800 JavaThread "main" [_thread_blocked, id=9420, stack(0x0000000002ca0000,0x0000000002da0000)]

Other Threads:
  0x0000000016cf8000 VMThread [stack: 0x00000000189d0000,0x0000000018ad0000] [id=14396]
  0x0000000018b94800 WatcherThread [stack: 0x00000000198d0000,0x00000000199d0000] [id=13836]

VM state:not at safepoint (normal execution)

VM Mutex/Monitor currently owned by a thread:  ([mutex/lock_event])
[0x0000000002dbd050] SymbolTable_lock - owner thread: 0x0000000000000000

heap address: 0x00000000a0000000, size: 1536 MB, Compressed Oops mode: 32-bit
Narrow klass base: 0x0000000000000000, Narrow klass shift: 3
Compressed class space size: 1073741824 Address: 0x0000000100000000

Heap:
 PSYoungGen      total 140288K, used 78365K [0x00000000e0000000, 0x00000000e9b80000, 0x0000000100000000)
  eden space 125952K, 51% used [0x00000000e0000000,0x00000000e3ec1ca0,0x00000000e7b00000)
  from space 14336K, 98% used [0x00000000e7f80000,0x00000000e8d45ab0,0x00000000e8d80000)
  to   space 12800K, 0% used [0x00000000e8f00000,0x00000000e8f00000,0x00000000e9b80000)
 ParOldGen       total 96256K, used 24037K [0x00000000a0000000, 0x00000000a5e00000, 0x00000000e0000000)
  object space 96256K, 24% used [0x00000000a0000000,0x00000000a1779608,0x00000000a5e00000)
 Metaspace       used 56803K, capacity 58716K, committed 59008K, reserved 1099776K
  class space    used 7822K, capacity 8268K, committed 8320K, reserved 1048576K

Card table byte_map: [0x0000000012300000,0x0000000012610000] byte_map_base: 0x0000000011e00000

Marking Bits: (ParMarkBitMap*) 0x0000000059b59f30
 Begin Bits: [0x0000000013010000, 0x0000000014810000)
 End Bits:   [0x0000000014810000, 0x0000000016010000)

Polling page: 0x00000000014b0000

CodeCache: size=245760Kb used=19125Kb max_used=19376Kb free=226634Kb
 bounds [0x0000000002f40000, 0x0000000004240000, 0x0000000011f40000]
 total_blobs=6346 nmethods=5566 adapters=692
 compilation: enabled

Compilation events (10 events):
Event: 6.681 Thread 0x0000000018b09000 nmethod 5823 0x0000000003164350 code [0x00000000031644a0, 0x00000000031645b0]
Event: 6.681 Thread 0x0000000018b09000 5825       3       org.gradle.api.internal.artifacts.transform.DefaultTransformationNodeRegistry$ArtifactTransformKey::equals (59 bytes)
Event: 6.681 Thread 0x0000000018b09000 nmethod 5825 0x0000000003163a10 code [0x0000000003163ba0, 0x00000000031641d8]
Event: 6.681 Thread 0x0000000018b09000 5827       3       org.gradle.execution.plan.WorkNodeDependencyResolver::resolve (71 bytes)
Event: 6.682 Thread 0x0000000018b09000 nmethod 5827 0x00000000030d3990 code [0x00000000030d3b60, 0x00000000030d4378]
Event: 6.682 Thread 0x0000000018b09000 5832       3       org.gradle.api.internal.artifacts.transform.TransformationNodeDependencyResolver::resolve (85 bytes)
Event: 6.682 Thread 0x0000000018b09000 nmethod 5832 0x00000000030d2b50 code [0x00000000030d2d40, 0x00000000030d3688]
Event: 6.682 Thread 0x0000000018b09000 5828       3       org.gradle.execution.plan.TaskNodeDependencyResolver::resolve (20 bytes)
Event: 6.682 Thread 0x0000000018b09000 nmethod 5828 0x00000000030d2590 code [0x00000000030d2700, 0x00000000030d29e8]
Event: 6.682 Thread 0x0000000018b09000 5829       3       org.gradle.execution.plan.TaskNodeDependencyResolver$1::<init> (15 bytes)

GC Heap History (10 events):
Event: 3.649 GC heap before
{Heap before GC invocations=9 (full 1):
 PSYoungGen      total 76800K, used 73033K [0x00000000e0000000, 0x00000000e7800000, 0x0000000100000000)
  eden space 65024K, 100% used [0x00000000e0000000,0x00000000e3f80000,0x00000000e3f80000)
  from space 11776K, 68% used [0x00000000e3f80000,0x00000000e4752418,0x00000000e4b00000)
  to   space 11776K, 0% used [0x00000000e6c80000,0x00000000e6c80000,0x00000000e7800000)
 ParOldGen       total 61952K, used 9753K [0x00000000a0000000, 0x00000000a3c80000, 0x00000000e0000000)
  object space 61952K, 15% used [0x00000000a0000000,0x00000000a0986700,0x00000000a3c80000)
 Metaspace       used 31988K, capacity 32532K, committed 32768K, reserved 1077248K
  class space    used 4385K, capacity 4587K, committed 4608K, reserved 1048576K
Event: 3.655 GC heap after
Heap after GC invocations=9 (full 1):
 PSYoungGen      total 111104K, used 8369K [0x00000000e0000000, 0x00000000e7980000, 0x0000000100000000)
  eden space 99328K, 0% used [0x00000000e0000000,0x00000000e0000000,0x00000000e6100000)
  from space 11776K, 71% used [0x00000000e6c80000,0x00000000e74ac5b8,0x00000000e7800000)
  to   space 11776K, 0% used [0x00000000e6100000,0x00000000e6100000,0x00000000e6c80000)
 ParOldGen       total 61952K, used 9761K [0x00000000a0000000, 0x00000000a3c80000, 0x00000000e0000000)
  object space 61952K, 15% used [0x00000000a0000000,0x00000000a0988700,0x00000000a3c80000)
 Metaspace       used 31988K, capacity 32532K, committed 32768K, reserved 1077248K
  class space    used 4385K, capacity 4587K, committed 4608K, reserved 1048576K
}
Event: 4.090 GC heap before
{Heap before GC invocations=10 (full 1):
 PSYoungGen      total 111104K, used 73124K [0x00000000e0000000, 0x00000000e7980000, 0x0000000100000000)
  eden space 99328K, 65% used [0x00000000e0000000,0x00000000e3f3cc90,0x00000000e6100000)
  from space 11776K, 71% used [0x00000000e6c80000,0x00000000e74ac5b8,0x00000000e7800000)
  to   space 11776K, 0% used [0x00000000e6100000,0x00000000e6100000,0x00000000e6c80000)
 ParOldGen       total 61952K, used 9761K [0x00000000a0000000, 0x00000000a3c80000, 0x00000000e0000000)
  object space 61952K, 15% used [0x00000000a0000000,0x00000000a0988700,0x00000000a3c80000)
 Metaspace       used 34589K, capacity 35430K, committed 35456K, reserved 1079296K
  class space    used 4753K, capacity 4970K, committed 4992K, reserved 1048576K
Event: 4.099 GC heap after
Heap after GC invocations=10 (full 1):
 PSYoungGen      total 111104K, used 10437K [0x00000000e0000000, 0x00000000e9b80000, 0x0000000100000000)
  eden space 99328K, 0% used [0x00000000e0000000,0x00000000e0000000,0x00000000e6100000)
  from space 11776K, 88% used [0x00000000e6100000,0x00000000e6b31460,0x00000000e6c80000)
  to   space 12800K, 0% used [0x00000000e8f00000,0x00000000e8f00000,0x00000000e9b80000)
 ParOldGen       total 61952K, used 9769K [0x00000000a0000000, 0x00000000a3c80000, 0x00000000e0000000)
  object space 61952K, 15% used [0x00000000a0000000,0x00000000a098a700,0x00000000a3c80000)
 Metaspace       used 34589K, capacity 35430K, committed 35456K, reserved 1079296K
  class space    used 4753K, capacity 4970K, committed 4992K, reserved 1048576K
}
Event: 4.099 GC heap before
{Heap before GC invocations=11 (full 2):
 PSYoungGen      total 111104K, used 10437K [0x00000000e0000000, 0x00000000e9b80000, 0x0000000100000000)
  eden space 99328K, 0% used [0x00000000e0000000,0x00000000e0000000,0x00000000e6100000)
  from space 11776K, 88% used [0x00000000e6100000,0x00000000e6b31460,0x00000000e6c80000)
  to   space 12800K, 0% used [0x00000000e8f00000,0x00000000e8f00000,0x00000000e9b80000)
 ParOldGen       total 61952K, used 9769K [0x00000000a0000000, 0x00000000a3c80000, 0x00000000e0000000)
  object space 61952K, 15% used [0x00000000a0000000,0x00000000a098a700,0x00000000a3c80000)
 Metaspace       used 34589K, capacity 35430K, committed 35456K, reserved 1079296K
  class space    used 4753K, capacity 4970K, committed 4992K, reserved 1048576K
Event: 4.146 GC heap after
Heap after GC invocations=11 (full 2):
 PSYoungGen      total 111104K, used 0K [0x00000000e0000000, 0x00000000e9b80000, 0x0000000100000000)
  eden space 99328K, 0% used [0x00000000e0000000,0x00000000e0000000,0x00000000e6100000)
  from space 11776K, 0% used [0x00000000e6100000,0x00000000e6100000,0x00000000e6c80000)
  to   space 12800K, 0% used [0x00000000e8f00000,0x00000000e8f00000,0x00000000e9b80000)
 ParOldGen       total 96256K, used 17326K [0x00000000a0000000, 0x00000000a5e00000, 0x00000000e0000000)
  object space 96256K, 18% used [0x00000000a0000000,0x00000000a10eb8f8,0x00000000a5e00000)
 Metaspace       used 34562K, capacity 35340K, committed 35456K, reserved 1079296K
  class space    used 4745K, capacity 4955K, committed 4992K, reserved 1048576K
}
Event: 4.968 GC heap before
{Heap before GC invocations=12 (full 2):
 PSYoungGen      total 111104K, used 98310K [0x00000000e0000000, 0x00000000e9b80000, 0x0000000100000000)
  eden space 99328K, 98% used [0x00000000e0000000,0x00000000e60019c8,0x00000000e6100000)
  from space 11776K, 0% used [0x00000000e6100000,0x00000000e6100000,0x00000000e6c80000)
  to   space 12800K, 0% used [0x00000000e8f00000,0x00000000e8f00000,0x00000000e9b80000)
 ParOldGen       total 96256K, used 17326K [0x00000000a0000000, 0x00000000a5e00000, 0x00000000e0000000)
  object space 96256K, 18% used [0x00000000a0000000,0x00000000a10eb8f8,0x00000000a5e00000)
 Metaspace       used 44458K, capacity 45486K, committed 45824K, reserved 1089536K
  class space    used 5996K, capacity 6281K, committed 6400K, reserved 1048576K
Event: 4.981 GC heap after
Heap after GC invocations=12 (full 2):
 PSYoungGen      total 138752K, used 12784K [0x00000000e0000000, 0x00000000e9b80000, 0x0000000100000000)
  eden space 125952K, 0% used [0x00000000e0000000,0x00000000e0000000,0x00000000e7b00000)
  from space 12800K, 99% used [0x00000000e8f00000,0x00000000e9b7c040,0x00000000e9b80000)
  to   space 14336K, 0% used [0x00000000e7f80000,0x00000000e7f80000,0x00000000e8d80000)
 ParOldGen       total 96256K, used 18170K [0x00000000a0000000, 0x00000000a5e00000, 0x00000000e0000000)
  object space 96256K, 18% used [0x00000000a0000000,0x00000000a11be810,0x00000000a5e00000)
 Metaspace       used 44458K, capacity 45486K, committed 45824K, reserved 1089536K
  class space    used 5996K, capacity 6281K, committed 6400K, reserved 1048576K
}
Event: 6.013 GC heap before
{Heap before GC invocations=13 (full 2):
 PSYoungGen      total 138752K, used 138736K [0x00000000e0000000, 0x00000000e9b80000, 0x0000000100000000)
  eden space 125952K, 100% used [0x00000000e0000000,0x00000000e7b00000,0x00000000e7b00000)
  from space 12800K, 99% used [0x00000000e8f00000,0x00000000e9b7c040,0x00000000e9b80000)
  to   space 14336K, 0% used [0x00000000e7f80000,0x00000000e7f80000,0x00000000e8d80000)
 ParOldGen       total 96256K, used 18170K [0x00000000a0000000, 0x00000000a5e00000, 0x00000000e0000000)
  object space 96256K, 18% used [0x00000000a0000000,0x00000000a11be810,0x00000000a5e00000)
 Metaspace       used 52731K, capacity 54382K, committed 54528K, reserved 1095680K
  class space    used 7242K, capacity 7655K, committed 7680K, reserved 1048576K
Event: 6.036 GC heap after
Heap after GC invocations=13 (full 2):
 PSYoungGen      total 140288K, used 14102K [0x00000000e0000000, 0x00000000e9b80000, 0x0000000100000000)
  eden space 125952K, 0% used [0x00000000e0000000,0x00000000e0000000,0x00000000e7b00000)
  from space 14336K, 98% used [0x00000000e7f80000,0x00000000e8d45ab0,0x00000000e8d80000)
  to   space 12800K, 0% used [0x00000000e8f00000,0x00000000e8f00000,0x00000000e9b80000)
 ParOldGen       total 96256K, used 24037K [0x00000000a0000000, 0x00000000a5e00000, 0x00000000e0000000)
  object space 96256K, 24% used [0x00000000a0000000,0x00000000a1779608,0x00000000a5e00000)
 Metaspace       used 52731K, capacity 54382K, committed 54528K, reserved 1095680K
  class space    used 7242K, capacity 7655K, committed 7680K, reserved 1048576K
}

Deoptimization events (10 events):
Event: 5.916 Thread 0x000000001b5d3800 Uncommon trap: reason=unstable_if action=reinterpret pc=0x0000000003c14928 method=java.util.HashMap.putVal(ILjava/lang/Object;Ljava/lang/Object;ZZ)Ljava/lang/Object; @ 109
Event: 5.917 Thread 0x000000001b5d3800 Uncommon trap: reason=unstable_if action=reinterpret pc=0x000000000386d6e8 method=java.util.HashMap.putVal(ILjava/lang/Object;Ljava/lang/Object;ZZ)Ljava/lang/Object; @ 109
Event: 6.278 Thread 0x000000001b5d3800 Uncommon trap: reason=unstable_if action=reinterpret pc=0x000000000352de28 method=java.util.regex.Pattern$BmpCharProperty.match(Ljava/util/regex/Matcher;ILjava/lang/CharSequence;)Z @ 34
Event: 6.282 Thread 0x000000001b5d3800 Uncommon trap: reason=unstable_if action=reinterpret pc=0x0000000003d465f0 method=com.sun.org.apache.xerces.internal.impl.XMLEntityScanner.scanLiteral(ILcom/sun/org/apache/xerces/internal/xni/XMLString;Z)I @ 660
Event: 6.287 Thread 0x000000001b5d3800 Uncommon trap: reason=unstable_if action=reinterpret pc=0x0000000003d55800 method=com.sun.org.apache.xerces.internal.util.SymbolTable.addSymbol([CII)Ljava/lang/String; @ 38
Event: 6.289 Thread 0x000000001b5d3800 Uncommon trap: reason=unstable_if action=reinterpret pc=0x0000000003f4a5ec method=java.lang.Integer.parseInt(Ljava/lang/String;I)I @ 197
Event: 6.308 Thread 0x000000001b5d3800 Uncommon trap: reason=unstable_if action=reinterpret pc=0x0000000003ca6518 method=com.google.gson.stream.JsonReader.doPeek()I @ 315
Event: 6.317 Thread 0x000000001b5d3800 Uncommon trap: reason=predicate action=maybe_recompile pc=0x00000000040c9bfc method=java.util.AbstractCollection.toArray([Ljava/lang/Object;)[Ljava/lang/Object; @ 49
Event: 6.332 Thread 0x000000001b5d3800 Uncommon trap: reason=unstable_if action=reinterpret pc=0x0000000003771ef4 method=java.lang.String.lastIndexOf([CII[CIII)I @ 118
Event: 6.348 Thread 0x000000001b5d3800 Uncommon trap: reason=unstable_if action=reinterpret pc=0x00000000034e5708 method=java.io.WinNTFileSystem.isLetter(C)Z @ 3

Classes redefined (0 events):
No events

Internal exceptions (10 events):
Event: 5.848 Thread 0x000000001b5d3800 Exception <a 'java/lang/ClassNotFoundException': com/google/android/gms/dependencies/DependencyAnalyzerBeanInfo> (0x00000000e65e17b0) thrown at [D:\src\AOSP-openjdk-cygwin\jdk8u\hotspot\src\share\vm\classfile\systemDictionary.cpp, line 210]
Event: 5.848 Thread 0x000000001b5d3800 Exception <a 'java/lang/ClassNotFoundException': com/google/android/gms/dependencies/DependencyAnalyzerCustomizer> (0x00000000e65fd8a0) thrown at [D:\src\AOSP-openjdk-cygwin\jdk8u\hotspot\src\share\vm\classfile\systemDictionary.cpp, line 210]
Event: 5.853 Thread 0x000000001b5d3800 Exception <a 'java/lang/ClassNotFoundException': com/google/android/gms/dependencies/DependencyInspectorBeanInfo> (0x00000000e6710f50) thrown at [D:\src\AOSP-openjdk-cygwin\jdk8u\hotspot\src\share\vm\classfile\systemDictionary.cpp, line 210]
Event: 5.853 Thread 0x000000001b5d3800 Exception <a 'java/lang/ClassNotFoundException': com/google/android/gms/dependencies/DependencyInspectorCustomizer> (0x00000000e672d0d0) thrown at [D:\src\AOSP-openjdk-cygwin\jdk8u\hotspot\src\share\vm\classfile\systemDictionary.cpp, line 210]
Event: 5.854 Thread 0x000000001b5d3800 Exception <a 'java/lang/ClassNotFoundException': org/gradle/invocation/DefaultGradle_DecoratedBeanInfo> (0x00000000e6795588) thrown at [D:\src\AOSP-openjdk-cygwin\jdk8u\hotspot\src\share\vm\classfile\systemDictionary.cpp, line 210]
Event: 5.855 Thread 0x000000001b5d3800 Exception <a 'java/lang/ClassNotFoundException': org/gradle/invocation/DefaultGradleBeanInfo> (0x00000000e67ab708) thrown at [D:\src\AOSP-openjdk-cygwin\jdk8u\hotspot\src\share\vm\classfile\systemDictionary.cpp, line 210]
Event: 5.855 Thread 0x000000001b5d3800 Exception <a 'java/lang/ClassNotFoundException': org/gradle/invocation/DefaultGradleCustomizer> (0x00000000e67c1ca0) thrown at [D:\src\AOSP-openjdk-cygwin\jdk8u\hotspot\src\share\vm\classfile\systemDictionary.cpp, line 210]
Event: 5.856 Thread 0x000000001b5d3800 Exception <a 'java/lang/ClassNotFoundException': org/gradle/invocation/DefaultGradle_DecoratedCustomizer> (0x00000000e681f780) thrown at [D:\src\AOSP-openjdk-cygwin\jdk8u\hotspot\src\share\vm\classfile\systemDictionary.cpp, line 210]
Event: 6.097 Thread 0x000000001b5d3800 Exception <a 'java/lang/ClassNotFoundException': com/sun/org/glassfish/hk2/osgiresourcelocator/ServiceLoader> (0x00000000e0489310) thrown at [D:\src\AOSP-openjdk-cygwin\jdk8u\hotspot\src\share\vm\classfile\systemDictionary.cpp, line 210]
Event: 6.137 Thread 0x000000001b5d3800 Exception <a 'java/lang/NullPointerException'> (0x00000000e096d468) thrown at [D:\src\AOSP-openjdk-cygwin\jdk8u\hotspot\src\share\vm\interpreter\linkResolver.cpp, line 1287]

Events (10 events):
Event: 6.671 loading class com/android/builder/model/SourceProvider
Event: 6.671 loading class com/android/builder/model/SourceProvider done
Event: 6.671 loading class org/gradle/api/file/FileCollection
Event: 6.671 loading class org/gradle/api/file/FileCollection done
Event: 6.671 loading class org/gradle/api/file/FileCollection
Event: 6.671 loading class org/gradle/api/file/FileCollection done
Event: 6.671 loading class com/android/build/gradle/internal/api/DefaultAndroidSourceDirectorySet$getBuildableArtifact$1
Event: 6.671 loading class com/android/build/gradle/internal/api/DefaultAndroidSourceDirectorySet$getBuildableArtifact$1 done
Event: 6.672 loading class org/gradle/api/artifacts/component/ProjectComponentIdentifier
Event: 6.672 loading class org/gradle/api/artifacts/component/ProjectComponentIdentifier done


Dynamic libraries:
0x00007ff6c1a60000 - 0x00007ff6c1a91000 	D:\Android Studio\jre\bin\java.exe
0x00007ffa07480000 - 0x00007ffa07670000 	C:\WINDOWS\SYSTEM32\ntdll.dll
0x00007ffa05e50000 - 0x00007ffa05f02000 	C:\WINDOWS\System32\KERNEL32.DLL
0x00007ffa05010000 - 0x00007ffa052b3000 	C:\WINDOWS\System32\KERNELBASE.dll
0x00007ffa05b00000 - 0x00007ffa05ba3000 	C:\WINDOWS\System32\ADVAPI32.dll
0x00007ffa05530000 - 0x00007ffa055ce000 	C:\WINDOWS\System32\msvcrt.dll
0x00007ffa06120000 - 0x00007ffa061b7000 	C:\WINDOWS\System32\sechost.dll
0x00007ffa05f10000 - 0x00007ffa06030000 	C:\WINDOWS\System32\RPCRT4.dll
0x00007ffa061c0000 - 0x00007ffa06354000 	C:\WINDOWS\System32\USER32.dll
0x00007ffa04e30000 - 0x00007ffa04e51000 	C:\WINDOWS\System32\win32u.dll
0x00007ffa07070000 - 0x00007ffa07096000 	C:\WINDOWS\System32\GDI32.dll
0x00007ffa052c0000 - 0x00007ffa05454000 	C:\WINDOWS\System32\gdi32full.dll
0x00007ffa04410000 - 0x00007ffa044ae000 	C:\WINDOWS\System32\msvcp_win.dll
0x00007ffa04560000 - 0x00007ffa0465a000 	C:\WINDOWS\System32\ucrtbase.dll
0x00007ff9ee100000 - 0x00007ff9ee385000 	C:\WINDOWS\WinSxS\amd64_microsoft.windows.common-controls_6595b64144ccf1df_6.0.18362.693_none_e6c1b3c11311d480\COMCTL32.dll
0x00007ffa07100000 - 0x00007ffa07436000 	C:\WINDOWS\System32\combase.dll
0x00007ffa05460000 - 0x00007ffa054e0000 	C:\WINDOWS\System32\bcryptPrimitives.dll
0x00007ffa055d0000 - 0x00007ffa055fe000 	C:\WINDOWS\System32\IMM32.DLL
0x000000005b9a0000 - 0x000000005ba72000 	D:\Android Studio\jre\jre\bin\msvcr100.dll
0x0000000059390000 - 0x0000000059bd6000 	D:\Android Studio\jre\jre\bin\server\jvm.dll
0x00007ffa05a20000 - 0x00007ffa05a28000 	C:\WINDOWS\System32\PSAPI.DLL
0x00007ff9ffd20000 - 0x00007ff9ffd29000 	C:\WINDOWS\SYSTEM32\WSOCK32.dll
0x00007ff9fea00000 - 0x00007ff9fea24000 	C:\WINDOWS\SYSTEM32\WINMM.dll
0x00007ff9febf0000 - 0x00007ff9febfa000 	C:\WINDOWS\SYSTEM32\VERSION.dll
0x00007ffa060b0000 - 0x00007ffa0611f000 	C:\WINDOWS\System32\WS2_32.dll
0x00007ff9fe8f0000 - 0x00007ff9fe91d000 	C:\WINDOWS\SYSTEM32\WINMMBASE.dll
0x00007ffa04660000 - 0x00007ffa046aa000 	C:\WINDOWS\System32\cfgmgr32.dll
0x00007ff9ffcf0000 - 0x00007ff9ffcff000 	D:\Android Studio\jre\jre\bin\verify.dll
0x00007ff9ff6b0000 - 0x00007ff9ff6d9000 	D:\Android Studio\jre\jre\bin\java.dll
0x00007ff9ff820000 - 0x00007ff9ff836000 	D:\Android Studio\jre\jre\bin\zip.dll
0x00007ffa06980000 - 0x00007ffa07066000 	C:\WINDOWS\System32\SHELL32.dll
0x00007ffa056b0000 - 0x00007ffa05759000 	C:\WINDOWS\System32\shcore.dll
0x00007ffa046b0000 - 0x00007ffa04e30000 	C:\WINDOWS\System32\windows.storage.dll
0x00007ffa043c0000 - 0x00007ffa043e9000 	C:\WINDOWS\System32\Wldp.dll
0x00007ffa04ec0000 - 0x00007ffa05009000 	C:\WINDOWS\System32\CRYPT32.dll
0x00007ffa043f0000 - 0x00007ffa04402000 	C:\WINDOWS\System32\MSASN1.dll
0x00007ffa04e60000 - 0x00007ffa04ebc000 	C:\WINDOWS\System32\WINTRUST.dll
0x00007ffa04340000 - 0x00007ffa04363000 	C:\WINDOWS\System32\profapi.dll
0x00007ffa04370000 - 0x00007ffa043ba000 	C:\WINDOWS\System32\powrprof.dll
0x00007ffa04310000 - 0x00007ffa04320000 	C:\WINDOWS\System32\UMPDC.dll
0x00007ffa070a0000 - 0x00007ffa070f2000 	C:\WINDOWS\System32\shlwapi.dll
0x00007ffa04320000 - 0x00007ffa04331000 	C:\WINDOWS\System32\kernel.appcore.dll
0x00007ffa05510000 - 0x00007ffa05527000 	C:\WINDOWS\System32\cryptsp.dll
0x00007ff9ff690000 - 0x00007ff9ff6aa000 	D:\Android Studio\jre\jre\bin\net.dll
0x00007ff9f24f0000 - 0x00007ff9f26c5000 	C:\WINDOWS\SYSTEM32\urlmon.dll
0x00007ff9f0540000 - 0x00007ff9f07e6000 	C:\WINDOWS\SYSTEM32\iertutil.dll
0x00007ffa03d80000 - 0x00007ffa03d8c000 	C:\WINDOWS\SYSTEM32\CRYPTBASE.DLL
0x00007ffa03bb0000 - 0x00007ffa03c17000 	C:\WINDOWS\system32\mswsock.dll
0x00007ff9feba0000 - 0x00007ff9febb3000 	D:\Android Studio\jre\jre\bin\nio.dll
0x00007ff9efa60000 - 0x00007ff9efa86000 	C:\Users\Kailas Mantri\.gradle\native\30\windows-amd64\native-platform.dll
0x00007ff9ffce0000 - 0x00007ff9ffced000 	D:\Android Studio\jre\jre\bin\management.dll
0x00007ffa03720000 - 0x00007ffa03753000 	C:\WINDOWS\system32\rsaenh.dll
0x00007ffa054e0000 - 0x00007ffa05506000 	C:\WINDOWS\System32\bcrypt.dll
0x00007ffa04230000 - 0x00007ffa04255000 	C:\WINDOWS\SYSTEM32\USERENV.dll
0x00007ffa038c0000 - 0x00007ffa038fa000 	C:\WINDOWS\SYSTEM32\IPHLPAPI.DLL
0x00007ffa06360000 - 0x00007ffa06368000 	C:\WINDOWS\System32\NSI.dll
0x00007ff9fcc00000 - 0x00007ff9fcc16000 	C:\WINDOWS\SYSTEM32\dhcpcsvc6.DLL
0x00007ff9fe480000 - 0x00007ff9fe49c000 	C:\WINDOWS\SYSTEM32\dhcpcsvc.DLL
0x00007ffa03900000 - 0x00007ffa039ca000 	C:\WINDOWS\SYSTEM32\DNSAPI.dll

VM Arguments:
jvm_args: -Xmx1536m -Dfile.encoding=windows-1252 -Duser.country=IN -Duser.language=en -Duser.variant 
java_command: org.gradle.launcher.daemon.bootstrap.GradleDaemon 5.6.4
java_class_path (initial): C:\Users\Kailas Mantri\.gradle\wrapper\dists\gradle-5.6.4-all\ankdp27end7byghfw1q2sw75f\gradle-5.6.4\lib\gradle-launcher-5.6.4.jar
Launcher Type: SUN_STANDARD

Environment Variables:
PATH=C:\windows\system32;C:\windows;C:\windows\System32\Wbem;C:\windows\System32\WindowsPowerShell\v1.0\;C:\windows\System32\OpenSSH\;C:\Program Files (x86)\NVIDIA Corporation\PhysX\Common;C:\Program Files\NVIDIA Corporation\NVIDIA NvDLISR;%SystemRoot%\system32;%SystemRoot%;%SystemRoot%\System32\Wbem;%SYSTEMROOT%\System32\WindowsPowerShell\v1.0\;%SYSTEMROOT%\System32\OpenSSH\;C:\Users\Kailas Mantri\AppData\Local\Microsoft\WindowsApps;
USERNAME=Kailas Mantri
OS=Windows_NT
PROCESSOR_IDENTIFIER=Intel64 Family 6 Model 142 Stepping 12, GenuineIntel



---------------  S Y S T E M  ---------------

OS: Windows 10.0 , 64 bit Build 18362 (10.0.18362.329)

CPU:total 8 (initial active 8) (4 cores per cpu, 2 threads per core) family 6 model 142 stepping 12, cmov, cx8, fxsr, mmx, sse, sse2, sse3, ssse3, sse4.1, sse4.2, popcnt, avx, avx2, aes, clmul, erms, 3dnowpref, lzcnt, ht, tsc, tscinvbit, bmi1, bmi2, adx

Memory: 4k page, physical 8272180k(546004k free), swap 23803440k(5608k free)

vm_info: OpenJDK 64-Bit Server VM (25.212-b04) for windows-amd64 JRE (1.8.0_212-release-1586-b04), built by "builder" with MS VC++ 10.0 (VS2010)

time: Wed Mar 04 15:37:28 2020
timezone: India Standard Time
elapsed time: 6 seconds (0d 0h 0m 6s)

