#
# There is insufficient memory for the Java Runtime Environment to continue.
# Native memory allocation (malloc) failed to allocate 1298576 bytes for Chunk::new
# Possible reasons:
#   The system is out of physical RAM or swap space
#   The process is running with CompressedOops enabled, and the Java Heap may be blocking the growth of the native heap
# Possible solutions:
#   Reduce memory load on the system
#   Increase physical memory or swap space
#   Check if swap backing store is full
#   Decrease Java heap size (-Xmx/-Xms)
#   Decrease number of Java threads
#   Decrease Java thread stack sizes (-Xss)
#   Set larger code cache with -XX:ReservedCodeCacheSize=
#   JVM is running with Unscaled Compressed Oops mode in which the Java heap is
#     placed in the first 4GB address space. The Java Heap base address is the
#     maximum limit for the native heap growth. Please use -XX:HeapBaseMinAddress
#     to set the Java Heap base and to place the Java Heap above 4GB virtual address.
# This output file may be truncated or incomplete.
#
#  Out of Memory Error (allocation.cpp:389), pid=632, tid=0x00000000000009b4
#
# JRE version: OpenJDK Runtime Environment (8.0_212-b04) (build 1.8.0_212-release-1586-b04)
# Java VM: OpenJDK 64-Bit Server VM (25.212-b04 mixed mode windows-amd64 compressed oops)
# Failed to write core dump. Minidumps are not enabled by default on client versions of Windows
#

---------------  T H R E A D  ---------------

Current thread (0x0000000018ee3800):  JavaThread "C2 CompilerThread2" daemon [_thread_in_native, id=2484, stack(0x00000000199b0000,0x0000000019ab0000)]

Stack: [0x00000000199b0000,0x0000000019ab0000]
[error occurred during error reporting (printing stack bounds), id 0xc0000005]

Native frames: (J=compiled Java code, j=interpreted, Vv=VM code, C=native code)


Current CompileTask:
C2:   7461 3720   !   4       java.util.jar.Attributes::read (380 bytes)


---------------  P R O C E S S  ---------------

Java Threads: ( => current thread )
  0x000000002101b000 JavaThread "Cache worker for Build Output Cleanup Cache (D:\AndroidStudioProjects\ScrimaTask\.gradle\buildOutputCleanup)" [_thread_blocked, id=16568, stack(0x0000000023e20000,0x0000000023f20000)]
  0x000000002101f000 JavaThread "Build operations Thread 8" [_thread_blocked, id=12500, stack(0x0000000023d20000,0x0000000023e20000)]
  0x000000002101c000 JavaThread "Build operations Thread 7" [_thread_blocked, id=15832, stack(0x0000000023c20000,0x0000000023d20000)]
  0x000000002101d800 JavaThread "Build operations Thread 6" [_thread_blocked, id=16904, stack(0x0000000023b20000,0x0000000023c20000)]
  0x000000002101a800 JavaThread "Build operations Thread 5" [_thread_blocked, id=1156, stack(0x0000000023a20000,0x0000000023b20000)]
  0x0000000021018000 JavaThread "Build operations Thread 4" [_thread_blocked, id=16412, stack(0x0000000023920000,0x0000000023a20000)]
  0x0000000021019800 JavaThread "Build operations Thread 3" [_thread_blocked, id=11116, stack(0x0000000023820000,0x0000000023920000)]
  0x000000002101c800 JavaThread "Build operations Thread 2" [_thread_blocked, id=1400, stack(0x0000000023720000,0x0000000023820000)]
  0x000000002101e000 JavaThread "Build operations" [_thread_blocked, id=3368, stack(0x0000000021ed0000,0x0000000021fd0000)]
  0x0000000021019000 JavaThread "Cache worker for execution history cache (C:\Users\Kailas Mantri\.gradle\caches\5.6.4\executionHistory)" [_thread_blocked, id=2320, stack(0x0000000022010000,0x0000000022110000)]
  0x000000001ba6f000 JavaThread "Cache worker for cache directory md-rule (C:\Users\Kailas Mantri\.gradle\caches\5.6.4\md-rule)" [_thread_blocked, id=4572, stack(0x0000000021dd0000,0x0000000021ed0000)]
  0x000000001ba72800 JavaThread "Cache worker for cache directory md-supplier (C:\Users\Kailas Mantri\.gradle\caches\5.6.4\md-supplier)" [_thread_blocked, id=2280, stack(0x0000000021cd0000,0x0000000021dd0000)]
  0x000000001ba6e000 JavaThread "Cache worker for file hash cache (D:\AndroidStudioProjects\ScrimaTask\.gradle\5.6.4\fileHashes)" [_thread_blocked, id=2396, stack(0x0000000020400000,0x0000000020500000)]
  0x000000001ba70800 JavaThread "Cache worker for journal cache (C:\Users\Kailas Mantri\.gradle\caches\journal-1)" [_thread_blocked, id=2392, stack(0x000000001dcd0000,0x000000001ddd0000)]
  0x000000001ba6f800 JavaThread "File lock request listener" [_thread_in_native, id=2260, stack(0x000000001dbd0000,0x000000001dcd0000)]
  0x000000001ba73800 JavaThread "Cache worker for file hash cache (C:\Users\Kailas Mantri\.gradle\caches\5.6.4\fileHashes)" [_thread_blocked, id=1268, stack(0x000000001d8d0000,0x000000001d9d0000)]
  0x000000001b889000 JavaThread "Thread-9" [_thread_blocked, id=17388, stack(0x000000001d7d0000,0x000000001d8d0000)]
  0x000000001b888000 JavaThread "Stdin handler" [_thread_blocked, id=10512, stack(0x000000001d6d0000,0x000000001d7d0000)]
  0x000000001b897000 JavaThread "Asynchronous log dispatcher for DefaultDaemonConnection: socket connection from /127.0.0.1:52188 to /127.0.0.1:52189" [_thread_blocked, id=6248, stack(0x000000001d4d0000,0x000000001d5d0000)]
  0x000000001b95a000 JavaThread "Daemon worker" [_thread_in_vm, id=1984, stack(0x000000001d3d0000,0x000000001d4d0000)]
  0x000000001b8f1800 JavaThread "Cancel handler" [_thread_blocked, id=5348, stack(0x000000001d2d0000,0x000000001d3d0000)]
  0x000000001b54f000 JavaThread "Handler for socket connection from /127.0.0.1:52188 to /127.0.0.1:52189" [_thread_in_native, id=4356, stack(0x000000001cfd0000,0x000000001d0d0000)]
  0x000000001b54e800 JavaThread "Daemon" [_thread_blocked, id=16068, stack(0x000000001ced0000,0x000000001cfd0000)]
  0x000000001b629000 JavaThread "Daemon periodic checks" [_thread_blocked, id=11128, stack(0x000000001cdd0000,0x000000001ced0000)]
  0x000000001b38c800 JavaThread "Incoming local TCP Connector on port 52188" [_thread_in_native, id=5240, stack(0x000000001cb90000,0x000000001cc90000)]
  0x000000001b6db000 JavaThread "Daemon health stats" [_thread_blocked, id=11736, stack(0x000000001c550000,0x000000001c650000)]
  0x00000000170fe800 JavaThread "Service Thread" daemon [_thread_blocked, id=15988, stack(0x0000000019bb0000,0x0000000019cb0000)]
  0x00000000170fd000 JavaThread "C1 CompilerThread3" daemon [_thread_blocked, id=11932, stack(0x0000000019ab0000,0x0000000019bb0000)]
=>0x0000000018ee3800 JavaThread "C2 CompilerThread2" daemon [_thread_in_native, id=2484, stack(0x00000000199b0000,0x0000000019ab0000)]
  0x0000000018ee0800 JavaThread "C2 CompilerThread1" daemon [_thread_blocked, id=11876, stack(0x00000000198b0000,0x00000000199b0000)]
  0x0000000018edd800 JavaThread "C2 CompilerThread0" daemon [_thread_blocked, id=16504, stack(0x00000000197b0000,0x00000000198b0000)]
  0x0000000018edb800 JavaThread "Attach Listener" daemon [_thread_blocked, id=15896, stack(0x00000000196b0000,0x00000000197b0000)]
  0x0000000018ed8800 JavaThread "Signal Dispatcher" daemon [_thread_blocked, id=16832, stack(0x00000000195b0000,0x00000000196b0000)]
  0x000000000332d800 JavaThread "Finalizer" daemon [_thread_blocked, id=16824, stack(0x00000000193b0000,0x00000000194b0000)]
  0x0000000003325800 JavaThread "Reference Handler" daemon [_thread_blocked, id=14236, stack(0x00000000192b0000,0x00000000193b0000)]
  0x000000000322d800 JavaThread "main" [_thread_blocked, id=16764, stack(0x0000000003030000,0x0000000003130000)]

Other Threads:
  0x00000000170e8000 VMThread [stack: 0x0000000018db0000,0x0000000018eb0000] [id=16748]
  0x0000000018f0e000 WatcherThread [stack: 0x0000000019cb0000,0x0000000019db0000] [id=14744]

VM state:not at safepoint (normal execution)

VM Mutex/Monitor currently owned by a thread: None

heap address: 0x00000000a0000000, size: 1536 MB, Compressed Oops mode: 32-bit
Narrow klass base: 0x0000000000000000, Narrow klass shift: 3
Compressed class space size: 1073741824 Address: 0x0000000100000000

Heap:
 PSYoungGen      total 248320K, used 85905K [0x00000000e0000000, 0x00000000f1d80000, 0x0000000100000000)
  eden space 232448K, 36% used [0x00000000e0000000,0x00000000e53e46b0,0x00000000ee300000)
  from space 15872K, 0% used [0x00000000efe80000,0x00000000efe80000,0x00000000f0e00000)
  to   space 12800K, 0% used [0x00000000f1100000,0x00000000f1100000,0x00000000f1d80000)
 ParOldGen       total 88064K, used 17167K [0x00000000a0000000, 0x00000000a5600000, 0x00000000e0000000)
  object space 88064K, 19% used [0x00000000a0000000,0x00000000a10c3db0,0x00000000a5600000)
 Metaspace       used 43079K, capacity 44166K, committed 44288K, reserved 1087488K
  class space    used 5832K, capacity 6127K, committed 6144K, reserved 1048576K

Card table byte_map: [0x00000000126f0000,0x0000000012a00000] byte_map_base: 0x00000000121f0000

Marking Bits: (ParMarkBitMap*) 0x0000000061af9f30
 Begin Bits: [0x0000000013400000, 0x0000000014c00000)
 End Bits:   [0x0000000014c00000, 0x0000000016400000)

Polling page: 0x0000000001320000

CodeCache: size=245760Kb used=13157Kb max_used=13161Kb free=232602Kb
 bounds [0x0000000003330000, 0x0000000004020000, 0x0000000012330000]
 total_blobs=4515 nmethods=3769 adapters=659
 compilation: enabled

Compilation events (10 events):
Event: 7.429 Thread 0x0000000018ee0800 nmethod 3786 0x0000000004004dd0 code [0x0000000004004f20, 0x00000000040050b8]
Event: 7.435 Thread 0x0000000018edd800 nmethod 3805 0x0000000004001d90 code [0x0000000004001ee0, 0x00000000040025c8]
Event: 7.439 Thread 0x0000000018ee0800 3806       4       java.util.HashMap$EntryIterator::next (5 bytes)
Event: 7.439 Thread 0x0000000018edd800 3807  s    4       java.util.Hashtable::get (69 bytes)
Event: 7.442 Thread 0x0000000018ee0800 nmethod 3806 0x000000000400f550 code [0x000000000400f6a0, 0x000000000400f898]
Event: 7.446 Thread 0x0000000018edd800 nmethod 3807 0x0000000004001110 code [0x0000000004001280, 0x0000000004001a48]
Event: 7.449 Thread 0x00000000170fd000 3808       3       java.util.jar.JarFile::maybeInstantiateVerifier (96 bytes)
Event: 7.450 Thread 0x00000000170fd000 nmethod 3808 0x0000000004005f10 code [0x0000000004006140, 0x0000000004006de8]
Event: 7.450 Thread 0x00000000170fd000 3809   !   3       java.security.SecureClassLoader::getProtectionDomain (114 bytes)
Event: 7.450 Thread 0x00000000170fd000 nmethod 3809 0x0000000004012590 code [0x0000000004012740, 0x0000000004012ed8]

GC Heap History (10 events):
Event: 3.813 GC heap before
{Heap before GC invocations=5 (full 0):
 PSYoungGen      total 138240K, used 8542K [0x00000000e0000000, 0x00000000e8c00000, 0x0000000100000000)
  eden space 133120K, 2% used [0x00000000e0000000,0x00000000e035e980,0x00000000e8200000)
  from space 5120K, 99% used [0x00000000e8700000,0x00000000e8bf9050,0x00000000e8c00000)
  to   space 5120K, 0% used [0x00000000e8200000,0x00000000e8200000,0x00000000e8700000)
 ParOldGen       total 87552K, used 11560K [0x00000000a0000000, 0x00000000a5580000, 0x00000000e0000000)
  object space 87552K, 13% used [0x00000000a0000000,0x00000000a0b4a1c8,0x00000000a5580000)
 Metaspace       used 20690K, capacity 21202K, committed 21296K, reserved 1067008K
  class space    used 2984K, capacity 3161K, committed 3200K, reserved 1048576K
Event: 3.819 GC heap after
Heap after GC invocations=5 (full 0):
 PSYoungGen      total 138240K, used 5108K [0x00000000e0000000, 0x00000000f1e00000, 0x0000000100000000)
  eden space 133120K, 0% used [0x00000000e0000000,0x00000000e0000000,0x00000000e8200000)
  from space 5120K, 99% used [0x00000000e8200000,0x00000000e86fd040,0x00000000e8700000)
  to   space 13312K, 0% used [0x00000000f1100000,0x00000000f1100000,0x00000000f1e00000)
 ParOldGen       total 87552K, used 12078K [0x00000000a0000000, 0x00000000a5580000, 0x00000000e0000000)
  object space 87552K, 13% used [0x00000000a0000000,0x00000000a0bcbb08,0x00000000a5580000)
 Metaspace       used 20690K, capacity 21202K, committed 21296K, reserved 1067008K
  class space    used 2984K, capacity 3161K, committed 3200K, reserved 1048576K
}
Event: 3.819 GC heap before
{Heap before GC invocations=6 (full 1):
 PSYoungGen      total 138240K, used 5108K [0x00000000e0000000, 0x00000000f1e00000, 0x0000000100000000)
  eden space 133120K, 0% used [0x00000000e0000000,0x00000000e0000000,0x00000000e8200000)
  from space 5120K, 99% used [0x00000000e8200000,0x00000000e86fd040,0x00000000e8700000)
  to   space 13312K, 0% used [0x00000000f1100000,0x00000000f1100000,0x00000000f1e00000)
 ParOldGen       total 87552K, used 12078K [0x00000000a0000000, 0x00000000a5580000, 0x00000000e0000000)
  object space 87552K, 13% used [0x00000000a0000000,0x00000000a0bcbb08,0x00000000a5580000)
 Metaspace       used 20690K, capacity 21202K, committed 21296K, reserved 1067008K
  class space    used 2984K, capacity 3161K, committed 3200K, reserved 1048576K
Event: 3.852 GC heap after
Heap after GC invocations=6 (full 1):
 PSYoungGen      total 138240K, used 0K [0x00000000e0000000, 0x00000000f1e00000, 0x0000000100000000)
  eden space 133120K, 0% used [0x00000000e0000000,0x00000000e0000000,0x00000000e8200000)
  from space 5120K, 0% used [0x00000000e8200000,0x00000000e8200000,0x00000000e8700000)
  to   space 13312K, 0% used [0x00000000f1100000,0x00000000f1100000,0x00000000f1e00000)
 ParOldGen       total 56320K, used 7449K [0x00000000a0000000, 0x00000000a3700000, 0x00000000e0000000)
  object space 56320K, 13% used [0x00000000a0000000,0x00000000a0746410,0x00000000a3700000)
 Metaspace       used 20690K, capacity 21202K, committed 21296K, reserved 1067008K
  class space    used 2984K, capacity 3161K, committed 3200K, reserved 1048576K
}
Event: 5.368 GC heap before
{Heap before GC invocations=7 (full 1):
 PSYoungGen      total 138240K, used 133120K [0x00000000e0000000, 0x00000000f1e00000, 0x0000000100000000)
  eden space 133120K, 100% used [0x00000000e0000000,0x00000000e8200000,0x00000000e8200000)
  from space 5120K, 0% used [0x00000000e8200000,0x00000000e8200000,0x00000000e8700000)
  to   space 13312K, 0% used [0x00000000f1100000,0x00000000f1100000,0x00000000f1e00000)
 ParOldGen       total 56320K, used 7449K [0x00000000a0000000, 0x00000000a3700000, 0x00000000e0000000)
  object space 56320K, 13% used [0x00000000a0000000,0x00000000a0746410,0x00000000a3700000)
 Metaspace       used 31939K, capacity 32468K, committed 32768K, reserved 1077248K
  class space    used 4380K, capacity 4587K, committed 4608K, reserved 1048576K
Event: 5.381 GC heap after
Heap after GC invocations=7 (full 1):
 PSYoungGen      total 245248K, used 12792K [0x00000000e0000000, 0x00000000f1d80000, 0x0000000100000000)
  eden space 232448K, 0% used [0x00000000e0000000,0x00000000e0000000,0x00000000ee300000)
  from space 12800K, 99% used [0x00000000f1100000,0x00000000f1d7e280,0x00000000f1d80000)
  to   space 15872K, 0% used [0x00000000efe80000,0x00000000efe80000,0x00000000f0e00000)
 ParOldGen       total 56320K, used 7457K [0x00000000a0000000, 0x00000000a3700000, 0x00000000e0000000)
  object space 56320K, 13% used [0x00000000a0000000,0x00000000a0748410,0x00000000a3700000)
 Metaspace       used 31939K, capacity 32468K, committed 32768K, reserved 1077248K
  class space    used 4380K, capacity 4587K, committed 4608K, reserved 1048576K
}
Event: 6.134 GC heap before
{Heap before GC invocations=8 (full 1):
 PSYoungGen      total 245248K, used 83668K [0x00000000e0000000, 0x00000000f1d80000, 0x0000000100000000)
  eden space 232448K, 30% used [0x00000000e0000000,0x00000000e4536e28,0x00000000ee300000)
  from space 12800K, 99% used [0x00000000f1100000,0x00000000f1d7e280,0x00000000f1d80000)
  to   space 15872K, 0% used [0x00000000efe80000,0x00000000efe80000,0x00000000f0e00000)
 ParOldGen       total 56320K, used 7457K [0x00000000a0000000, 0x00000000a3700000, 0x00000000e0000000)
  object space 56320K, 13% used [0x00000000a0000000,0x00000000a0748410,0x00000000a3700000)
 Metaspace       used 34584K, capacity 35430K, committed 35456K, reserved 1079296K
  class space    used 4756K, capacity 4970K, committed 4992K, reserved 1048576K
Event: 6.144 GC heap after
Heap after GC invocations=8 (full 1):
 PSYoungGen      total 248320K, used 10453K [0x00000000e0000000, 0x00000000f1d80000, 0x0000000100000000)
  eden space 232448K, 0% used [0x00000000e0000000,0x00000000e0000000,0x00000000ee300000)
  from space 15872K, 65% used [0x00000000efe80000,0x00000000f08b5708,0x00000000f0e00000)
  to   space 12800K, 0% used [0x00000000f1100000,0x00000000f1100000,0x00000000f1d80000)
 ParOldGen       total 56320K, used 7465K [0x00000000a0000000, 0x00000000a3700000, 0x00000000e0000000)
  object space 56320K, 13% used [0x00000000a0000000,0x00000000a074a410,0x00000000a3700000)
 Metaspace       used 34584K, capacity 35430K, committed 35456K, reserved 1079296K
  class space    used 4756K, capacity 4970K, committed 4992K, reserved 1048576K
}
Event: 6.144 GC heap before
{Heap before GC invocations=9 (full 2):
 PSYoungGen      total 248320K, used 10453K [0x00000000e0000000, 0x00000000f1d80000, 0x0000000100000000)
  eden space 232448K, 0% used [0x00000000e0000000,0x00000000e0000000,0x00000000ee300000)
  from space 15872K, 65% used [0x00000000efe80000,0x00000000f08b5708,0x00000000f0e00000)
  to   space 12800K, 0% used [0x00000000f1100000,0x00000000f1100000,0x00000000f1d80000)
 ParOldGen       total 56320K, used 7465K [0x00000000a0000000, 0x00000000a3700000, 0x00000000e0000000)
  object space 56320K, 13% used [0x00000000a0000000,0x00000000a074a410,0x00000000a3700000)
 Metaspace       used 34584K, capacity 35430K, committed 35456K, reserved 1079296K
  class space    used 4756K, capacity 4970K, committed 4992K, reserved 1048576K
Event: 6.254 GC heap after
Heap after GC invocations=9 (full 2):
 PSYoungGen      total 248320K, used 0K [0x00000000e0000000, 0x00000000f1d80000, 0x0000000100000000)
  eden space 232448K, 0% used [0x00000000e0000000,0x00000000e0000000,0x00000000ee300000)
  from space 15872K, 0% used [0x00000000efe80000,0x00000000efe80000,0x00000000f0e00000)
  to   space 12800K, 0% used [0x00000000f1100000,0x00000000f1100000,0x00000000f1d80000)
 ParOldGen       total 88064K, used 17167K [0x00000000a0000000, 0x00000000a5600000, 0x00000000e0000000)
  object space 88064K, 19% used [0x00000000a0000000,0x00000000a10c3db0,0x00000000a5600000)
 Metaspace       used 34557K, capacity 35340K, committed 35456K, reserved 1079296K
  class space    used 4748K, capacity 4955K, committed 4992K, reserved 1048576K
}

Deoptimization events (10 events):
Event: 7.321 Thread 0x000000001b95a000 Uncommon trap: reason=speculate_class_check action=maybe_recompile pc=0x0000000003fb7284 method=java.util.HashMap.putVal(ILjava/lang/Object;Ljava/lang/Object;ZZ)Ljava/lang/Object; @ 56
Event: 7.321 Thread 0x000000001b95a000 Uncommon trap: reason=speculate_class_check action=maybe_recompile pc=0x0000000003fb7284 method=java.util.HashMap.putVal(ILjava/lang/Object;Ljava/lang/Object;ZZ)Ljava/lang/Object; @ 56
Event: 7.347 Thread 0x000000001b95a000 Uncommon trap: reason=unstable_if action=reinterpret pc=0x000000000385363c method=java.lang.CharacterDataLatin1.isWhitespace(I)Z @ 14
Event: 7.382 Thread 0x000000001b95a000 Uncommon trap: reason=unstable_if action=reinterpret pc=0x0000000003e3b700 method=java.util.jar.JarFile.maybeInstantiateVerifier()V @ 4
Event: 7.390 Thread 0x000000001b95a000 Uncommon trap: reason=unstable_if action=reinterpret pc=0x00000000038528b0 method=java.util.jar.JarFile.maybeInstantiateVerifier()V @ 4
Event: 7.390 Thread 0x000000001b95a000 Uncommon trap: reason=unstable_if action=reinterpret pc=0x0000000003f53b30 method=java.security.CodeSource.<init>(Ljava/net/URL;[Ljava/security/CodeSigner;)V @ 25
Event: 7.391 Thread 0x000000001b95a000 Uncommon trap: reason=unstable_if action=reinterpret pc=0x0000000003975e6c method=java.security.CodeSource.getCertificates()[Ljava/security/cert/Certificate; @ 22
Event: 7.392 Thread 0x000000001b95a000 Uncommon trap: reason=unstable_if action=reinterpret pc=0x0000000003e0becc method=java.util.jar.JarFile.maybeInstantiateVerifier()V @ 4
Event: 7.392 Thread 0x000000001b95a000 Uncommon trap: reason=unstable_if action=reinterpret pc=0x0000000003e59be4 method=java.security.CodeSource.matchCerts(Ljava/security/CodeSource;Z)Z @ 11
Event: 7.410 Thread 0x000000001b95a000 Uncommon trap: reason=unstable_if action=reinterpret pc=0x0000000003ecc238 method=java.util.LinkedHashMap.get(Ljava/lang/Object;)Ljava/lang/Object; @ 20

Classes redefined (0 events):
No events

Internal exceptions (10 events):
Event: 6.291 Thread 0x000000001b95a000 Exception <a 'java/lang/ClassNotFoundException': org/gradle/api/DefaultTaskCustomizer> (0x00000000e069f730) thrown at [D:\src\AOSP-openjdk-cygwin\jdk8u\hotspot\src\share\vm\classfile\systemDictionary.cpp, line 210]
Event: 6.291 Thread 0x000000001b95a000 Exception <a 'java/lang/ClassNotFoundException': org/gradle/api/internal/ConventionTaskCustomizer> (0x00000000e06e2070) thrown at [D:\src\AOSP-openjdk-cygwin\jdk8u\hotspot\src\share\vm\classfile\systemDictionary.cpp, line 210]
Event: 6.292 Thread 0x000000001b95a000 Exception <a 'java/lang/ClassNotFoundException': org/gradle/api/tasks/DeleteCustomizer> (0x00000000e0721318) thrown at [D:\src\AOSP-openjdk-cygwin\jdk8u\hotspot\src\share\vm\classfile\systemDictionary.cpp, line 210]
Event: 6.294 Thread 0x000000001b95a000 Exception <a 'java/lang/ClassNotFoundException': org/gradle/api/tasks/Delete_DecoratedCustomizer> (0x00000000e076e188) thrown at [D:\src\AOSP-openjdk-cygwin\jdk8u\hotspot\src\share\vm\classfile\systemDictionary.cpp, line 210]
Event: 6.320 Thread 0x000000001b95a000 Exception <a 'java/lang/ClassNotFoundException': build_3hgk71kbbkcdnhjchbkedhuimBeanInfo> (0x00000000e0890220) thrown at [D:\src\AOSP-openjdk-cygwin\jdk8u\hotspot\src\share\vm\classfile\systemDictionary.cpp, line 210]
Event: 6.321 Thread 0x000000001b95a000 Exception <a 'java/lang/ClassNotFoundException': build_3hgk71kbbkcdnhjchbkedhuimCustomizer> (0x00000000e089ccf8) thrown at [D:\src\AOSP-openjdk-cygwin\jdk8u\hotspot\src\share\vm\classfile\systemDictionary.cpp, line 210]
Event: 6.325 Thread 0x000000001b95a000 Exception <a 'java/lang/ClassNotFoundException': org/gradle/api/internal/plugins/DefaultObjectConfigurationActionBeanInfo> (0x00000000e0913678) thrown at [D:\src\AOSP-openjdk-cygwin\jdk8u\hotspot\src\share\vm\classfile\systemDictionary.cpp, line 210]
Event: 6.326 Thread 0x000000001b95a000 Exception <a 'java/lang/ClassNotFoundException': org/gradle/api/internal/plugins/DefaultObjectConfigurationActionCustomizer> (0x00000000e09568f8) thrown at [D:\src\AOSP-openjdk-cygwin\jdk8u\hotspot\src\share\vm\classfile\systemDictionary.cpp, line 210]
Event: 6.668 Thread 0x000000001b95a000 Implicit null exception at 0x0000000003e43b62 to 0x0000000003e48529
Event: 7.298 Thread 0x000000001b95a000 Implicit null exception at 0x0000000003e39668 to 0x0000000003e39b91

Events (10 events):
Event: 7.459 loading class com/android/build/gradle/api/ViewBindingOptions
Event: 7.459 loading class com/android/build/gradle/api/ViewBindingOptions done
Event: 7.459 loading class com/android/build/gradle/internal/dsl/TestOptions
Event: 7.459 loading class com/android/build/gradle/internal/dsl/TestOptions done
Event: 7.459 loading class com/android/build/gradle/internal/dsl/AaptOptions
Event: 7.459 loading class com/android/build/gradle/internal/dsl/AaptOptions done
Event: 7.459 loading class com/android/build/gradle/internal/dsl/Splits
Event: 7.459 loading class com/android/build/gradle/internal/dsl/Splits done
Event: 7.460 loading class com/android/build/gradle/internal/dsl/DexOptions
Event: 7.460 loading class com/android/build/gradle/internal/dsl/DexOptions done


Dynamic libraries:
0x00007ff75c630000 - 0x00007ff75c661000 	D:\Android Studio\jre\bin\java.exe
0x00007ffdac160000 - 0x00007ffdac350000 	C:\WINDOWS\SYSTEM32\ntdll.dll
0x00007ffdabb70000 - 0x00007ffdabc22000 	C:\WINDOWS\System32\KERNEL32.DLL
0x00007ffda9190000 - 0x00007ffda9433000 	C:\WINDOWS\System32\KERNELBASE.dll
0x00007ffdaa2f0000 - 0x00007ffdaa393000 	C:\WINDOWS\System32\ADVAPI32.dll
0x00007ffdaa3a0000 - 0x00007ffdaa43e000 	C:\WINDOWS\System32\msvcrt.dll
0x00007ffdaa220000 - 0x00007ffdaa2b7000 	C:\WINDOWS\System32\sechost.dll
0x00007ffdabe60000 - 0x00007ffdabf80000 	C:\WINDOWS\System32\RPCRT4.dll
0x00007ffdabf80000 - 0x00007ffdac114000 	C:\WINDOWS\System32\USER32.dll
0x00007ffda9870000 - 0x00007ffda9891000 	C:\WINDOWS\System32\win32u.dll
0x00007ffdaab30000 - 0x00007ffdaab56000 	C:\WINDOWS\System32\GDI32.dll
0x00007ffda96d0000 - 0x00007ffda9864000 	C:\WINDOWS\System32\gdi32full.dll
0x00007ffda99f0000 - 0x00007ffda9a8e000 	C:\WINDOWS\System32\msvcp_win.dll
0x00007ffda9570000 - 0x00007ffda966a000 	C:\WINDOWS\System32\ucrtbase.dll
0x00007ffd93220000 - 0x00007ffd934a5000 	C:\WINDOWS\WinSxS\amd64_microsoft.windows.common-controls_6595b64144ccf1df_6.0.18362.693_none_e6c1b3c11311d480\COMCTL32.dll
0x00007ffdaaee0000 - 0x00007ffdab216000 	C:\WINDOWS\System32\combase.dll
0x00007ffda90f0000 - 0x00007ffda9170000 	C:\WINDOWS\System32\bcryptPrimitives.dll
0x00007ffdab220000 - 0x00007ffdab24e000 	C:\WINDOWS\System32\IMM32.DLL
0x0000000061170000 - 0x0000000061242000 	D:\Android Studio\jre\jre\bin\msvcr100.dll
0x0000000061330000 - 0x0000000061b76000 	D:\Android Studio\jre\jre\bin\server\jvm.dll
0x00007ffdaa2e0000 - 0x00007ffdaa2e8000 	C:\WINDOWS\System32\PSAPI.DLL
0x00007ffda3630000 - 0x00007ffda3654000 	C:\WINDOWS\SYSTEM32\WINMM.dll
0x00007ffda3fa0000 - 0x00007ffda3faa000 	C:\WINDOWS\SYSTEM32\VERSION.dll
0x00007ffda4de0000 - 0x00007ffda4de9000 	C:\WINDOWS\SYSTEM32\WSOCK32.dll
0x00007ffdaba30000 - 0x00007ffdaba9f000 	C:\WINDOWS\System32\WS2_32.dll
0x00007ffda3600000 - 0x00007ffda362d000 	C:\WINDOWS\SYSTEM32\WINMMBASE.dll
0x00007ffda9520000 - 0x00007ffda956a000 	C:\WINDOWS\System32\cfgmgr32.dll
0x00007ffda4dd0000 - 0x00007ffda4ddf000 	D:\Android Studio\jre\jre\bin\verify.dll
0x00007ffda1790000 - 0x00007ffda17b9000 	D:\Android Studio\jre\jre\bin\java.dll
0x00007ffd92f60000 - 0x00007ffd92f76000 	D:\Android Studio\jre\jre\bin\zip.dll
0x00007ffdaa440000 - 0x00007ffdaab26000 	C:\WINDOWS\System32\SHELL32.dll
0x00007ffdab980000 - 0x00007ffdaba29000 	C:\WINDOWS\System32\shcore.dll
0x00007ffda9a90000 - 0x00007ffdaa210000 	C:\WINDOWS\System32\windows.storage.dll
0x00007ffda90c0000 - 0x00007ffda90e9000 	C:\WINDOWS\System32\Wldp.dll
0x00007ffda98a0000 - 0x00007ffda99e9000 	C:\WINDOWS\System32\CRYPT32.dll
0x00007ffda9000000 - 0x00007ffda9012000 	C:\WINDOWS\System32\MSASN1.dll
0x00007ffda9670000 - 0x00007ffda96cc000 	C:\WINDOWS\System32\WINTRUST.dll
0x00007ffda9090000 - 0x00007ffda90b3000 	C:\WINDOWS\System32\profapi.dll
0x00007ffda9040000 - 0x00007ffda908a000 	C:\WINDOWS\System32\powrprof.dll
0x00007ffda8ff0000 - 0x00007ffda9000000 	C:\WINDOWS\System32\UMPDC.dll
0x00007ffdab850000 - 0x00007ffdab8a2000 	C:\WINDOWS\System32\shlwapi.dll
0x00007ffda9020000 - 0x00007ffda9031000 	C:\WINDOWS\System32\kernel.appcore.dll
0x00007ffda9170000 - 0x00007ffda9187000 	C:\WINDOWS\System32\cryptsp.dll
0x00007ffd92f40000 - 0x00007ffd92f5a000 	D:\Android Studio\jre\jre\bin\net.dll
0x00007ffd917a0000 - 0x00007ffd91975000 	C:\WINDOWS\SYSTEM32\urlmon.dll
0x00007ffd95500000 - 0x00007ffd957a6000 	C:\WINDOWS\SYSTEM32\iertutil.dll
0x00007ffda8a60000 - 0x00007ffda8a6c000 	C:\WINDOWS\SYSTEM32\CRYPTBASE.DLL
0x00007ffda8890000 - 0x00007ffda88f7000 	C:\WINDOWS\system32\mswsock.dll
0x00007ffd92f20000 - 0x00007ffd92f33000 	D:\Android Studio\jre\jre\bin\nio.dll
0x00007ffd92ca0000 - 0x00007ffd92cc6000 	C:\Users\Kailas Mantri\.gradle\native\30\windows-amd64\native-platform.dll
0x00007ffda4dc0000 - 0x00007ffda4dcd000 	D:\Android Studio\jre\jre\bin\management.dll
0x00007ffda8400000 - 0x00007ffda8433000 	C:\WINDOWS\system32\rsaenh.dll
0x00007ffda94f0000 - 0x00007ffda9516000 	C:\WINDOWS\System32\bcrypt.dll
0x00007ffda8ee0000 - 0x00007ffda8f05000 	C:\WINDOWS\SYSTEM32\USERENV.dll
0x00007ffda85a0000 - 0x00007ffda85da000 	C:\WINDOWS\SYSTEM32\IPHLPAPI.DLL
0x00007ffdab840000 - 0x00007ffdab848000 	C:\WINDOWS\System32\NSI.dll
0x00007ffda19f0000 - 0x00007ffda1a06000 	C:\WINDOWS\SYSTEM32\dhcpcsvc6.DLL
0x00007ffda2790000 - 0x00007ffda27ac000 	C:\WINDOWS\SYSTEM32\dhcpcsvc.DLL
0x00007ffda85e0000 - 0x00007ffda86aa000 	C:\WINDOWS\SYSTEM32\DNSAPI.dll

VM Arguments:
jvm_args: -Xmx1536m -Dfile.encoding=windows-1252 -Duser.country=IN -Duser.language=en -Duser.variant 
java_command: org.gradle.launcher.daemon.bootstrap.GradleDaemon 5.6.4
java_class_path (initial): C:\Users\Kailas Mantri\.gradle\wrapper\dists\gradle-5.6.4-all\ankdp27end7byghfw1q2sw75f\gradle-5.6.4\lib\gradle-launcher-5.6.4.jar
Launcher Type: SUN_STANDARD

Environment Variables:
PATH=C:\windows\system32;C:\windows;C:\windows\System32\Wbem;C:\windows\System32\WindowsPowerShell\v1.0\;C:\windows\System32\OpenSSH\;C:\Program Files (x86)\NVIDIA Corporation\PhysX\Common;C:\Program Files\NVIDIA Corporation\NVIDIA NvDLISR;%SystemRoot%\system32;%SystemRoot%;%SystemRoot%\System32\Wbem;%SYSTEMROOT%\System32\WindowsPowerShell\v1.0\;%SYSTEMROOT%\System32\OpenSSH\;C:\Users\Kailas Mantri\AppData\Local\Microsoft\WindowsApps;
USERNAME=Kailas Mantri
OS=Windows_NT
PROCESSOR_IDENTIFIER=Intel64 Family 6 Model 142 Stepping 12, GenuineIntel



---------------  S Y S T E M  ---------------

OS: Windows 10.0 , 64 bit Build 18362 (10.0.18362.329)

CPU:total 8 (initial active 8) (4 cores per cpu, 2 threads per core) family 6 model 142 stepping 12, cmov, cx8, fxsr, mmx, sse, sse2, sse3, ssse3, sse4.1, sse4.2, popcnt, avx, avx2, aes, clmul, erms, 3dnowpref, lzcnt, ht, tsc, tscinvbit, bmi1, bmi2, adx

Memory: 4k page, physical 8272180k(1080348k free), swap 23803440k(6340k free)

vm_info: OpenJDK 64-Bit Server VM (25.212-b04) for windows-amd64 JRE (1.8.0_212-release-1586-b04), built by "builder" with MS VC++ 10.0 (VS2010)

time: Thu Mar 05 09:30:52 2020
timezone: India Standard Time
elapsed time: 7 seconds (0d 0h 0m 7s)

